[ 2018-05-01T23:59:31+08:00 ] 112.97.208.235 /index.php/portal/home/quncz/
INFO: [ app_begin ] --START--
INFO: Run Behavior\ReadHtmlCacheBehavior [ RunTime:0.001495s ]
INFO: Run Behavior\CheckLangBehavior [ RunTime:0.002230s ]
INFO: Run Common\Behavior\UrldecodeGetBehavior [ RunTime:0.000909s ]
INFO: [ app_begin ] --END-- [ RunTime:0.005827s ]
NOTIC: [8] Undefined index: uid /www/wwwroot/niulaile.qzkvd.com/application/Common/Controller/HomebaseController.class.php 第 20 行.
NOTIC: [8] Undefined index: token /www/wwwroot/niulaile.qzkvd.com/application/Common/Controller/HomebaseController.class.php 第 23 行.
NOTIC: [8] Undefined index: code /www/wwwroot/niulaile.qzkvd.com/application/Common/Controller/HomebaseController.class.php 第 39 行.
SQL: SHOW COLUMNS FROM `jz_all_record` [ RunTime:0.0033s ]
SQL: SHOW COLUMNS FROM `jz_options` [ RunTime:0.0028s ]
SQL: SELECT `option_value` FROM `jz_options` WHERE `option_name` = 'bonus' LIMIT 1   [ RunTime:0.0004s ]
SQL: SHOW COLUMNS FROM `jz_user` [ RunTime:0.0035s ]
SQL: SELECT * FROM `jz_user` WHERE `id` = 67947 LIMIT 1   [ RunTime:0.0005s ]
SQL: SELECT * FROM `jz_user` WHERE `id` = 67947 LIMIT 1   [ RunTime:0.0005s ]
SQL: SHOW COLUMNS FROM `jz_qun` [ RunTime:0.0028s ]
SQL: UPDATE `jz_qun` SET `zt`='1',`createtime`='1525190371' WHERE `open` = 67947 AND `uid` = 80562 [ RunTime:0.0009s ]

[ 2018-05-01T23:59:33+08:00 ] 112.97.208.235 /portal/home/gerenzxchengyuan
INFO: [ app_begin ] --START--
INFO: Run Behavior\ReadHtmlCacheBehavior [ RunTime:0.001532s ]
INFO: Run Behavior\CheckLangBehavior [ RunTime:0.002228s ]
INFO: Run Common\Behavior\UrldecodeGetBehavior [ RunTime:0.000892s ]
INFO: [ app_begin ] --END-- [ RunTime:0.005825s ]
NOTIC: [8] Undefined index: uid /www/wwwroot/niulaile.qzkvd.com/application/Common/Controller/HomebaseController.class.php 第 20 行.
NOTIC: [8] Undefined index: token /www/wwwroot/niulaile.qzkvd.com/application/Common/Controller/HomebaseController.class.php 第 23 行.
NOTIC: [8] Undefined index: code /www/wwwroot/niulaile.qzkvd.com/application/Common/Controller/HomebaseController.class.php 第 39 行.
SQL: SHOW COLUMNS FROM `jz_all_record` [ RunTime:0.0033s ]
SQL: SHOW COLUMNS FROM `jz_options` [ RunTime:0.0028s ]
SQL: SELECT `option_value` FROM `jz_options` WHERE `option_name` = 'bonus' LIMIT 1   [ RunTime:0.0004s ]
SQL: SHOW COLUMNS FROM `jz_user` [ RunTime:0.0035s ]
SQL: SELECT * FROM `jz_user` WHERE `id` = 67947 LIMIT 1   [ RunTime:0.0005s ]
SQL: SELECT * FROM `jz_user` WHERE `id` = 67947 LIMIT 1   [ RunTime:0.0005s ]
SQL: SHOW COLUMNS FROM `jz_qun` [ RunTime:0.0028s ]
SQL: SELECT * FROM `jz_qun` WHERE `open` = 67947  [ RunTime:0.0008s ]
INFO: [ view_parse ] --START--
INFO: [ template_filter ] --START--
INFO: Run Behavior\ContentReplaceBehavior [ RunTime:0.000119s ]
INFO: [ template_filter ] --END-- [ RunTime:0.000198s ]
SQL: SHOW COLUMNS FROM `jz_user` [ RunTime:0.0035s ]
SQL: SELECT * FROM `jz_user` WHERE `id` = 80562 LIMIT 1   [ RunTime:0.0005s ]
SQL: SELECT * FROM `jz_user` WHERE `id` = 80562 LIMIT 1   [ RunTime:0.0004s ]
INFO: Run Behavior\ParseTemplateBehavior [ RunTime:0.026277s ]
INFO: [ view_parse ] --END-- [ RunTime:0.026338s ]
INFO: [ view_filter ] --START--
INFO: Run Behavior\WriteHtmlCacheBehavior [ RunTime:0.000835s ]
INFO: Run Common\Behavior\TmplStripSpaceBehavior [ RunTime:0.000979s ]
INFO: [ view_filter ] --END-- [ RunTime:0.001973s ]
INFO: [ app_end ] --START--
INFO: Run Behavior\ShowPageTraceBehavior [ RunTime:0.001528s ]
INFO: [ app_end ] --END-- [ RunTime:0.001607s ]

[ 2018-05-01T23:59:35+08:00 ] 183.3.255.28 /portal/home/gerenzxyaoqinghan/id/67947?from=groupmessage
INFO: [ app_begin ] --START--
INFO: Run Behavior\ReadHtmlCacheBehavior [ RunTime:0.001529s ]
INFO: Run Behavior\CheckLangBehavior [ RunTime:0.002312s ]
INFO: Run Common\Behavior\UrldecodeGetBehavior [ RunTime:0.000916s ]
INFO: [ app_begin ] --END-- [ RunTime:0.005913s ]
NOTIC: [8] Undefined index: uid /www/wwwroot/niulaile.qzkvd.com/application/Common/Controller/HomebaseController.class.php 第 20 行.
NOTIC: [8] Undefined index: token /www/wwwroot/niulaile.qzkvd.com/application/Common/Controller/HomebaseController.class.php 第 23 行.
NOTIC: [8] Undefined index: code /www/wwwroot/niulaile.qzkvd.com/application/Common/Controller/HomebaseController.class.php 第 39 行.
SQL: SHOW COLUMNS FROM `jz_all_record` [ RunTime:0.0033s ]
SQL: SHOW COLUMNS FROM `jz_options` [ RunTime:0.0028s ]
SQL: SELECT `option_value` FROM `jz_options` WHERE `option_name` = 'bonus' LIMIT 1   [ RunTime:0.0004s ]
SQL: SHOW COLUMNS FROM `jz_user` [ RunTime:0.0035s ]
SQL: SELECT * FROM `jz_user` WHERE `id` = 80475 LIMIT 1   [ RunTime:0.0010s ]
SQL: SELECT * FROM `jz_user` WHERE `id` = 80475 LIMIT 1   [ RunTime:0.0004s ]
SQL: SHOW COLUMNS FROM `jz_user` [ RunTime:0.0035s ]
SQL: SELECT * FROM `jz_user` WHERE `id` = 67947 LIMIT 1   [ RunTime:0.0005s ]
INFO: [ view_parse ] --START--
INFO: [ template_filter ] --START--
INFO: Run Behavior\ContentReplaceBehavior [ RunTime:0.000104s ]
INFO: [ template_filter ] --END-- [ RunTime:0.000181s ]
INFO: Run Behavior\ParseTemplateBehavior [ RunTime:0.017411s ]
INFO: [ view_parse ] --END-- [ RunTime:0.017504s ]
INFO: [ view_filter ] --START--
INFO: Run Behavior\WriteHtmlCacheBehavior [ RunTime:0.000844s ]
INFO: Run Common\Behavior\TmplStripSpaceBehavior [ RunTime:0.001098s ]
INFO: [ view_filter ] --END-- [ RunTime:0.002108s ]
INFO: [ app_end ] --START--
INFO: Run Behavior\ShowPageTraceBehavior [ RunTime:0.001575s ]
INFO: [ app_end ] --END-- [ RunTime:0.001652s ]

[ 2018-05-01T23:59:35+08:00 ] 183.3.255.28 /index.php/portal/index/getconfig/?url=http%3A%2F%2Fnnlaile.shengdayidai.com%2Fportal%2Fhome%2Fgerenzxyaoqinghan%2Fid%2F67947%3Ffrom%3Dgroupmessage
INFO: [ app_begin ] --START--
INFO: Run Behavior\ReadHtmlCacheBehavior [ RunTime:0.001616s ]
INFO: Run Behavior\CheckLangBehavior [ RunTime:0.002357s ]
INFO: Run Common\Behavior\UrldecodeGetBehavior [ RunTime:0.001008s ]
INFO: [ app_begin ] --END-- [ RunTime:0.006196s ]
NOTIC: [8] Undefined index: uid /www/wwwroot/niulaile.qzkvd.com/application/Common/Controller/HomebaseController.class.php 第 20 行.
NOTIC: [8] Undefined index: token /www/wwwroot/niulaile.qzkvd.com/application/Common/Controller/HomebaseController.class.php 第 23 行.
NOTIC: [8] Undefined index: code /www/wwwroot/niulaile.qzkvd.com/application/Common/Controller/HomebaseController.class.php 第 39 行.
SQL: SHOW COLUMNS FROM `jz_all_record` [ RunTime:0.0035s ]
SQL: SHOW COLUMNS FROM `jz_options` [ RunTime:0.0030s ]
SQL: SELECT `option_value` FROM `jz_options` WHERE `option_name` = 'bonus' LIMIT 1   [ RunTime:0.0004s ]
SQL: SHOW COLUMNS FROM `jz_user` [ RunTime:0.0038s ]
SQL: SELECT * FROM `jz_user` WHERE `id` = 80475 LIMIT 1   [ RunTime:0.0005s ]
NOTIC: [8] Use of undefined constant weixin_appid - assumed 'weixin_appid' /www/wwwroot/niulaile.qzkvd.com/application/Portal/Controller/IndexController.class.php 第 40 行.
NOTIC: [8] Use of undefined constant weixin_key - assumed 'weixin_key' /www/wwwroot/niulaile.qzkvd.com/application/Portal/Controller/IndexController.class.php 第 40 行.
NOTIC: [8] Use of undefined constant access_token - assumed 'access_token' /www/wwwroot/niulaile.qzkvd.com/application/Portal/Controller/IndexController.class.php 第 40 行.
NOTIC: [8] Use of undefined constant weixin_appid - assumed 'weixin_appid' /www/wwwroot/niulaile.qzkvd.com/application/Portal/Controller/IndexController.class.php 第 42 行.
INFO: [ app_end ] --START--
INFO: Run Behavior\ShowPageTraceBehavior [ RunTime:0.001644s ]
INFO: [ app_end ] --END-- [ RunTime:0.001731s ]

[ 2018-05-01T23:59:36+08:00 ] 183.3.227.102 /index.php/portal/index/getconfig/?url=http%3A%2F%2Fnnlaile.shengdayidai.com%2Fportal%2Fhome%2Fgerenzxyaoqinghan%2Fid%2F67947%3Ffrom%3Dgroupmessage
INFO: [ app_begin ] --START--
INFO: Run Behavior\ReadHtmlCacheBehavior [ RunTime:0.001537s ]
INFO: Run Behavior\CheckLangBehavior [ RunTime:0.002294s ]
INFO: Run Common\Behavior\UrldecodeGetBehavior [ RunTime:0.000929s ]
INFO: [ app_begin ] --END-- [ RunTime:0.005903s ]
NOTIC: [8] Undefined index: uid /www/wwwroot/niulaile.qzkvd.com/application/Common/Controller/HomebaseController.class.php 第 20 行.
NOTIC: [8] Undefined index: token /www/wwwroot/niulaile.qzkvd.com/application/Common/Controller/HomebaseController.class.php 第 23 行.
NOTIC: [8] Undefined index: code /www/wwwroot/niulaile.qzkvd.com/application/Common/Controller/HomebaseController.class.php 第 39 行.
SQL: SHOW COLUMNS FROM `jz_all_record` [ RunTime:0.0032s ]
SQL: SHOW COLUMNS FROM `jz_options` [ RunTime:0.0028s ]
SQL: SELECT `option_value` FROM `jz_options` WHERE `option_name` = 'bonus' LIMIT 1   [ RunTime:0.0004s ]
SQL: SHOW COLUMNS FROM `jz_user` [ RunTime:0.0036s ]
SQL: SELECT * FROM `jz_user` WHERE `id` = 80562 LIMIT 1   [ RunTime:0.0005s ]
NOTIC: [8] Use of undefined constant weixin_appid - assumed 'weixin_appid' /www/wwwroot/niulaile.qzkvd.com/application/Portal/Controller/IndexController.class.php 第 40 行.
NOTIC: [8] Use of undefined constant weixin_key - assumed 'weixin_key' /www/wwwroot/niulaile.qzkvd.com/application/Portal/Controller/IndexController.class.php 第 40 行.
NOTIC: [8] Use of undefined constant access_token - assumed 'access_token' /www/wwwroot/niulaile.qzkvd.com/application/Portal/Controller/IndexController.class.php 第 40 行.
NOTIC: [8] Use of undefined constant weixin_appid - assumed 'weixin_appid' /www/wwwroot/niulaile.qzkvd.com/application/Portal/Controller/IndexController.class.php 第 42 行.
INFO: [ app_end ] --START--
INFO: Run Behavior\ShowPageTraceBehavior [ RunTime:0.001610s ]
INFO: [ app_end ] --END-- [ RunTime:0.001695s ]

[ 2018-05-01T23:59:39+08:00 ] 183.3.255.35 /portal/home/gerenzxyaoqinghan/id/67947?from=groupmessage
INFO: [ app_begin ] --START--
INFO: Run Behavior\ReadHtmlCacheBehavior [ RunTime:0.001568s ]
INFO: Run Behavior\CheckLangBehavior [ RunTime:0.002306s ]
INFO: Run Common\Behavior\UrldecodeGetBehavior [ RunTime:0.000909s ]
INFO: [ app_begin ] --END-- [ RunTime:0.005931s ]
NOTIC: [8] Undefined index: uid /www/wwwroot/niulaile.qzkvd.com/application/Common/Controller/HomebaseController.class.php 第 20 行.
NOTIC: [8] Undefined index: token /www/wwwroot/niulaile.qzkvd.com/application/Common/Controller/HomebaseController.class.php 第 23 行.
NOTIC: [8] Undefined index: code /www/wwwroot/niulaile.qzkvd.com/application/Common/Controller/HomebaseController.class.php 第 39 行.
SQL: SHOW COLUMNS FROM `jz_all_record` [ RunTime:0.0033s ]
SQL: SHOW COLUMNS FROM `jz_options` [ RunTime:0.0028s ]
SQL: SELECT `option_value` FROM `jz_options` WHERE `option_name` = 'bonus' LIMIT 1   [ RunTime:0.0004s ]
SQL: SHOW COLUMNS FROM `jz_user` [ RunTime:0.0036s ]
SQL: SELECT * FROM `jz_user` WHERE `id` = 80388 LIMIT 1   [ RunTime:0.0010s ]
SQL: SELECT * FROM `jz_user` WHERE `id` = 80388 LIMIT 1   [ RunTime:0.0005s ]
SQL: SHOW COLUMNS FROM `jz_user` [ RunTime:0.0035s ]
SQL: SELECT * FROM `jz_user` WHERE `id` = 67947 LIMIT 1   [ RunTime:0.0005s ]
INFO: [ view_parse ] --START--
INFO: [ template_filter ] --START--
INFO: Run Behavior\ContentReplaceBehavior [ RunTime:0.000103s ]
INFO: [ template_filter ] --END-- [ RunTime:0.000180s ]
INFO: Run Behavior\ParseTemplateBehavior [ RunTime:0.017772s ]
INFO: [ view_parse ] --END-- [ RunTime:0.017867s ]
INFO: [ view_filter ] --START--
INFO: Run Behavior\WriteHtmlCacheBehavior [ RunTime:0.000854s ]
INFO: Run Common\Behavior\TmplStripSpaceBehavior [ RunTime:0.000936s ]
INFO: [ view_filter ] --END-- [ RunTime:0.001914s ]
INFO: [ app_end ] --START--
INFO: Run Behavior\ShowPageTraceBehavior [ RunTime:0.001657s ]
INFO: [ app_end ] --END-- [ RunTime:0.001735s ]

[ 2018-05-01T23:59:40+08:00 ] 183.3.227.102 /portal/index/room.html?room=1223&from=groupmessage
INFO: [ app_begin ] --START--
INFO: Run Behavior\ReadHtmlCacheBehavior [ RunTime:0.001492s ]
INFO: Run Behavior\CheckLangBehavior [ RunTime:0.002924s ]
INFO: Run Common\Behavior\UrldecodeGetBehavior [ RunTime:0.001240s ]
INFO: [ app_begin ] --END-- [ RunTime:0.006901s ]
NOTIC: [8] Undefined index: uid /www/wwwroot/niulaile.qzkvd.com/application/Common/Controller/HomebaseController.class.php 第 20 行.
NOTIC: [8] Undefined index: token /www/wwwroot/niulaile.qzkvd.com/application/Common/Controller/HomebaseController.class.php 第 23 行.
NOTIC: [8] Undefined index: code /www/wwwroot/niulaile.qzkvd.com/application/Common/Controller/HomebaseController.class.php 第 39 行.
SQL: SHOW COLUMNS FROM `jz_all_record` [ RunTime:0.0045s ]
SQL: SHOW COLUMNS FROM `jz_options` [ RunTime:0.0036s ]
SQL: SELECT `option_value` FROM `jz_options` WHERE `option_name` = 'bonus' LIMIT 1   [ RunTime:0.0006s ]
SQL: SHOW COLUMNS FROM `jz_user` [ RunTime:0.0047s ]
SQL: SELECT * FROM `jz_user` WHERE `id` = 80562 LIMIT 1   [ RunTime:0.0007s ]
SQL: SHOW COLUMNS FROM `jz_user` [ RunTime:0.0046s ]
SQL: UPDATE `jz_user` SET `token`='5b0ed456cd6861f34cc9541751e7a0b4' WHERE `id` = 80562 [ RunTime:0.0580s ]
SQL: SHOW COLUMNS FROM `jz_room` [ RunTime:0.0037s ]
SQL: SELECT * FROM `jz_room` WHERE `id` = 1223 LIMIT 1   [ RunTime:0.0010s ]
SQL: SELECT * FROM `jz_user` WHERE `id` = 67947 LIMIT 1   [ RunTime:0.0011s ]
SQL: SHOW COLUMNS FROM `jz_qun` [ RunTime:0.0031s ]
SQL: SELECT * FROM `jz_qun` WHERE `open` = 67947  [ RunTime:0.0004s ]
NOTIC: [8] Undefined index: gz /www/wwwroot/niulaile.qzkvd.com/application/Portal/Controller/IndexController.class.php 第 131 行.
NOTIC: [8] Undefined index:  /www/wwwroot/niulaile.qzkvd.com/application/Portal/Controller/IndexController.class.php 第 131 行.
NOTIC: [8] Undefined index: sz /www/wwwroot/niulaile.qzkvd.com/application/Portal/Controller/IndexController.class.php 第 132 行.
NOTIC: [8] Undefined index:  /www/wwwroot/niulaile.qzkvd.com/application/Portal/Controller/IndexController.class.php 第 132 行.
NOTIC: [8] Undefined index: sx /www/wwwroot/niulaile.qzkvd.com/application/Portal/Controller/IndexController.class.php 第 133 行.
NOTIC: [8] Undefined index:  /www/wwwroot/niulaile.qzkvd.com/application/Portal/Controller/IndexController.class.php 第 133 行.
NOTIC: [8] Undefined index: cm /www/wwwroot/niulaile.qzkvd.com/application/Portal/Controller/IndexController.class.php 第 134 行.
NOTIC: [8] Undefined index:  /www/wwwroot/niulaile.qzkvd.com/application/Portal/Controller/IndexController.class.php 第 134 行.
NOTIC: [8] Undefined index: px /www/wwwroot/niulaile.qzkvd.com/application/Portal/Controller/IndexController.class.php 第 138 行.
NOTIC: [8] Undefined index: gz2 /www/wwwroot/niulaile.qzkvd.com/application/Portal/Controller/IndexController.class.php 第 144 行.
INFO: [ view_parse ] --START--
INFO: [ template_filter ] --START--
INFO: Run Behavior\ContentReplaceBehavior [ RunTime:0.000208s ]
INFO: [ template_filter ] --END-- [ RunTime:0.000327s ]
NOTIC: [8] Undefined index: gz2 /www/wwwroot/niulaile.qzkvd.com/data/runtime/Cache/Portal/4b00f2f247d681375c51f405ab193858.php 第 95 行.
SQL: SELECT * FROM `jz_user` WHERE `id` = 67947 LIMIT 1   [ RunTime:0.0005s ]
NOTIC: [8] Undefined index: gz2 /www/wwwroot/niulaile.qzkvd.com/data/runtime/Cache/Portal/4b00f2f247d681375c51f405ab193858.php 第 180 行.
INFO: Run Behavior\ParseTemplateBehavior [ RunTime:0.030861s ]
INFO: [ view_parse ] --END-- [ RunTime:0.030943s ]
INFO: [ view_filter ] --START--
INFO: Run Behavior\WriteHtmlCacheBehavior [ RunTime:0.000917s ]
INFO: Run Common\Behavior\TmplStripSpaceBehavior [ RunTime:0.001001s ]
INFO: [ view_filter ] --END-- [ RunTime:0.002081s ]
INFO: [ app_end ] --START--
INFO: Run Behavior\ShowPageTraceBehavior [ RunTime:0.001738s ]
INFO: [ app_end ] --END-- [ RunTime:0.001834s ]

[ 2018-05-01T23:59:40+08:00 ] 183.3.255.28 /index.php/portal/home/gerenzxjiaruchengg/id/67947
INFO: [ app_begin ] --START--
INFO: Run Behavior\ReadHtmlCacheBehavior [ RunTime:0.001501s ]
INFO: Run Behavior\CheckLangBehavior [ RunTime:0.002372s ]
INFO: Run Common\Behavior\UrldecodeGetBehavior [ RunTime:0.000923s ]
INFO: [ app_begin ] --END-- [ RunTime:0.005942s ]
NOTIC: [8] Undefined index: uid /www/wwwroot/niulaile.qzkvd.com/application/Common/Controller/HomebaseController.class.php 第 20 行.
NOTIC: [8] Undefined index: token /www/wwwroot/niulaile.qzkvd.com/application/Common/Controller/HomebaseController.class.php 第 23 行.
NOTIC: [8] Undefined index: code /www/wwwroot/niulaile.qzkvd.com/application/Common/Controller/HomebaseController.class.php 第 39 行.
SQL: SHOW COLUMNS FROM `jz_all_record` [ RunTime:0.0043s ]
SQL: SHOW COLUMNS FROM `jz_options` [ RunTime:0.0031s ]
SQL: SELECT `option_value` FROM `jz_options` WHERE `option_name` = 'bonus' LIMIT 1   [ RunTime:0.0004s ]
SQL: SHOW COLUMNS FROM `jz_user` [ RunTime:0.0035s ]
SQL: SELECT * FROM `jz_user` WHERE `id` = 80475 LIMIT 1   [ RunTime:0.0010s ]
SQL: SELECT * FROM `jz_user` WHERE `id` = 80475 LIMIT 1   [ RunTime:0.0005s ]
SQL: SHOW COLUMNS FROM `jz_user` [ RunTime:0.0036s ]
SQL: SELECT * FROM `jz_user` WHERE `id` = 67947 LIMIT 1   [ RunTime:0.0005s ]
SQL: SHOW COLUMNS FROM `jz_qun` [ RunTime:0.0028s ]
SQL: SELECT * FROM `jz_qun` WHERE `open` = 67947 AND `uid` = 80475  [ RunTime:0.0009s ]
SQL: INSERT INTO `jz_qun` (`open`,`uid`) VALUES ('67947','80475') [ RunTime:0.0009s ]
INFO: [ view_parse ] --START--
INFO: [ template_filter ] --START--
INFO: Run Behavior\ContentReplaceBehavior [ RunTime:0.000095s ]
INFO: [ template_filter ] --END-- [ RunTime:0.000177s ]
INFO: Run Behavior\ParseTemplateBehavior [ RunTime:0.017636s ]
INFO: [ view_parse ] --END-- [ RunTime:0.017734s ]
INFO: [ view_filter ] --START--
INFO: Run Behavior\WriteHtmlCacheBehavior [ RunTime:0.001036s ]
INFO: Run Common\Behavior\TmplStripSpaceBehavior [ RunTime:0.001181s ]
INFO: [ view_filter ] --END-- [ RunTime:0.002412s ]
INFO: [ app_end ] --START--
INFO: Run Behavior\ShowPageTraceBehavior [ RunTime:0.002333s ]
INFO: [ app_end ] --END-- [ RunTime:0.002441s ]

[ 2018-05-01T23:59:40+08:00 ] 183.3.255.35 /index.php/portal/index/getconfig/?url=http%3A%2F%2Fnnlaile.shengdayidai.com%2Fportal%2Fhome%2Fgerenzxyaoqinghan%2Fid%2F67947%3Ffrom%3Dgroupmessage
INFO: [ app_begin ] --START--
INFO: Run Behavior\ReadHtmlCacheBehavior [ RunTime:0.001556s ]
INFO: Run Behavior\CheckLangBehavior [ RunTime:0.002314s ]
INFO: Run Common\Behavior\UrldecodeGetBehavior [ RunTime:0.000937s ]
INFO: [ app_begin ] --END-- [ RunTime:0.006039s ]
NOTIC: [8] Undefined index: uid /www/wwwroot/niulaile.qzkvd.com/application/Common/Controller/HomebaseController.class.php 第 20 行.
NOTIC: [8] Undefined index: token /www/wwwroot/niulaile.qzkvd.com/application/Common/Controller/HomebaseController.class.php 第 23 行.
NOTIC: [8] Undefined index: code /www/wwwroot/niulaile.qzkvd.com/application/Common/Controller/HomebaseController.class.php 第 39 行.
SQL: SHOW COLUMNS FROM `jz_all_record` [ RunTime:0.0042s ]
SQL: SHOW COLUMNS FROM `jz_options` [ RunTime:0.0035s ]
SQL: SELECT `option_value` FROM `jz_options` WHERE `option_name` = 'bonus' LIMIT 1   [ RunTime:0.0004s ]
SQL: SHOW COLUMNS FROM `jz_user` [ RunTime:0.0035s ]
SQL: SELECT * FROM `jz_user` WHERE `id` = 80388 LIMIT 1   [ RunTime:0.0009s ]
NOTIC: [8] Use of undefined constant weixin_appid - assumed 'weixin_appid' /www/wwwroot/niulaile.qzkvd.com/application/Portal/Controller/IndexController.class.php 第 40 行.
NOTIC: [8] Use of undefined constant weixin_key - assumed 'weixin_key' /www/wwwroot/niulaile.qzkvd.com/application/Portal/Controller/IndexController.class.php 第 40 行.
NOTIC: [8] Use of undefined constant access_token - assumed 'access_token' /www/wwwroot/niulaile.qzkvd.com/application/Portal/Controller/IndexController.class.php 第 40 行.
NOTIC: [8] Use of undefined constant weixin_appid - assumed 'weixin_appid' /www/wwwroot/niulaile.qzkvd.com/application/Portal/Controller/IndexController.class.php 第 42 行.
INFO: [ app_end ] --START--
INFO: Run Behavior\ShowPageTraceBehavior [ RunTime:0.001596s ]
INFO: [ app_end ] --END-- [ RunTime:0.001681s ]

[ 2018-05-01T23:59:41+08:00 ] 183.3.227.102 /index.php/portal/index/getconfig/?url=http%3A%2F%2Fnnlaile.shengdayidai.com%2Fportal%2Findex%2Froom.html%3Froom%3D1223%26from%3Dgroupmessage
INFO: [ app_begin ] --START--
INFO: Run Behavior\ReadHtmlCacheBehavior [ RunTime:0.001501s ]
INFO: Run Behavior\CheckLangBehavior [ RunTime:0.002235s ]
INFO: Run Common\Behavior\UrldecodeGetBehavior [ RunTime:0.000902s ]
INFO: [ app_begin ] --END-- [ RunTime:0.005782s ]
NOTIC: [8] Undefined index: uid /www/wwwroot/niulaile.qzkvd.com/application/Common/Controller/HomebaseController.class.php 第 20 行.
NOTIC: [8] Undefined index: token /www/wwwroot/niulaile.qzkvd.com/application/Common/Controller/HomebaseController.class.php 第 23 行.
NOTIC: [8] Undefined index: code /www/wwwroot/niulaile.qzkvd.com/application/Common/Controller/HomebaseController.class.php 第 39 行.
SQL: SHOW COLUMNS FROM `jz_all_record` [ RunTime:0.0034s ]
SQL: SHOW COLUMNS FROM `jz_options` [ RunTime:0.0029s ]
SQL: SELECT `option_value` FROM `jz_options` WHERE `option_name` = 'bonus' LIMIT 1   [ RunTime:0.0004s ]
SQL: SHOW COLUMNS FROM `jz_user` [ RunTime:0.0035s ]
SQL: SELECT * FROM `jz_user` WHERE `id` = 80562 LIMIT 1   [ RunTime:0.0010s ]
NOTIC: [8] Use of undefined constant weixin_appid - assumed 'weixin_appid' /www/wwwroot/niulaile.qzkvd.com/application/Portal/Controller/IndexController.class.php 第 40 行.
NOTIC: [8] Use of undefined constant weixin_key - assumed 'weixin_key' /www/wwwroot/niulaile.qzkvd.com/application/Portal/Controller/IndexController.class.php 第 40 行.
NOTIC: [8] Use of undefined constant access_token - assumed 'access_token' /www/wwwroot/niulaile.qzkvd.com/application/Portal/Controller/IndexController.class.php 第 40 行.
NOTIC: [8] Use of undefined constant weixin_appid - assumed 'weixin_appid' /www/wwwroot/niulaile.qzkvd.com/application/Portal/Controller/IndexController.class.php 第 42 行.
INFO: [ app_end ] --START--
INFO: Run Behavior\ShowPageTraceBehavior [ RunTime:0.001523s ]
INFO: [ app_end ] --END-- [ RunTime:0.001610s ]

[ 2018-05-01T23:59:42+08:00 ] 183.3.255.35 /index.php/portal/home/gerenzxjiaruchengg/id/67947
INFO: [ app_begin ] --START--
INFO: Run Behavior\ReadHtmlCacheBehavior [ RunTime:0.001501s ]
INFO: Run Behavior\CheckLangBehavior [ RunTime:0.002280s ]
INFO: Run Common\Behavior\UrldecodeGetBehavior [ RunTime:0.000914s ]
INFO: [ app_begin ] --END-- [ RunTime:0.005866s ]
NOTIC: [8] Undefined index: uid /www/wwwroot/niulaile.qzkvd.com/application/Common/Controller/HomebaseController.class.php 第 20 行.
NOTIC: [8] Undefined index: token /www/wwwroot/niulaile.qzkvd.com/application/Common/Controller/HomebaseController.class.php 第 23 行.
NOTIC: [8] Undefined index: code /www/wwwroot/niulaile.qzkvd.com/application/Common/Controller/HomebaseController.class.php 第 39 行.
SQL: SHOW COLUMNS FROM `jz_all_record` [ RunTime:0.0033s ]
SQL: SHOW COLUMNS FROM `jz_options` [ RunTime:0.0028s ]
SQL: SELECT `option_value` FROM `jz_options` WHERE `option_name` = 'bonus' LIMIT 1   [ RunTime:0.0004s ]
SQL: SHOW COLUMNS FROM `jz_user` [ RunTime:0.0036s ]
SQL: SELECT * FROM `jz_user` WHERE `id` = 80388 LIMIT 1   [ RunTime:0.0005s ]
SQL: SELECT * FROM `jz_user` WHERE `id` = 80388 LIMIT 1   [ RunTime:0.0004s ]
SQL: SHOW COLUMNS FROM `jz_user` [ RunTime:0.0035s ]
SQL: SELECT * FROM `jz_user` WHERE `id` = 67947 LIMIT 1   [ RunTime:0.0005s ]
SQL: SHOW COLUMNS FROM `jz_qun` [ RunTime:0.0028s ]
SQL: SELECT * FROM `jz_qun` WHERE `open` = 67947 AND `uid` = 80388  [ RunTime:0.0009s ]
SQL: INSERT INTO `jz_qun` (`open`,`uid`) VALUES ('67947','80388') [ RunTime:0.0009s ]
INFO: [ view_parse ] --START--
INFO: [ template_filter ] --START--
INFO: Run Behavior\ContentReplaceBehavior [ RunTime:0.000095s ]
INFO: [ template_filter ] --END-- [ RunTime:0.000174s ]
INFO: Run Behavior\ParseTemplateBehavior [ RunTime:0.017074s ]
INFO: [ view_parse ] --END-- [ RunTime:0.017167s ]
INFO: [ view_filter ] --START--
INFO: Run Behavior\WriteHtmlCacheBehavior [ RunTime:0.000848s ]
INFO: Run Common\Behavior\TmplStripSpaceBehavior [ RunTime:0.000937s ]
INFO: [ view_filter ] --END-- [ RunTime:0.001909s ]
INFO: [ app_end ] --START--
INFO: Run Behavior\ShowPageTraceBehavior [ RunTime:0.001591s ]
INFO: [ app_end ] --END-- [ RunTime:0.001670s ]

[ 2018-05-01T23:59:44+08:00 ] 183.3.255.35 /portal/home/gerenzxyaoqinghan/id/67947?from=groupmessage
INFO: [ app_begin ] --START--
INFO: Run Behavior\ReadHtmlCacheBehavior [ RunTime:0.001531s ]
INFO: Run Behavior\CheckLangBehavior [ RunTime:0.002214s ]
INFO: Run Common\Behavior\UrldecodeGetBehavior [ RunTime:0.000914s ]
INFO: [ app_begin ] --END-- [ RunTime:0.005800s ]
NOTIC: [8] Undefined index: uid /www/wwwroot/niulaile.qzkvd.com/application/Common/Controller/HomebaseController.class.php 第 20 行.
NOTIC: [8] Undefined index: token /www/wwwroot/niulaile.qzkvd.com/application/Common/Controller/HomebaseController.class.php 第 23 行.
NOTIC: [8] Undefined index: code /www/wwwroot/niulaile.qzkvd.com/application/Common/Controller/HomebaseController.class.php 第 39 行.
SQL: SHOW COLUMNS FROM `jz_all_record` [ RunTime:0.0033s ]
SQL: SHOW COLUMNS FROM `jz_options` [ RunTime:0.0027s ]
SQL: SELECT `option_value` FROM `jz_options` WHERE `option_name` = 'bonus' LIMIT 1   [ RunTime:0.0004s ]
SQL: SHOW COLUMNS FROM `jz_user` [ RunTime:0.0037s ]
SQL: SELECT * FROM `jz_user` WHERE `id` = 80388 LIMIT 1   [ RunTime:0.0005s ]
SQL: SELECT * FROM `jz_user` WHERE `id` = 80388 LIMIT 1   [ RunTime:0.0005s ]
SQL: SHOW COLUMNS FROM `jz_user` [ RunTime:0.0034s ]
SQL: SELECT * FROM `jz_user` WHERE `id` = 67947 LIMIT 1   [ RunTime:0.0005s ]
INFO: [ view_parse ] --START--
INFO: [ template_filter ] --START--
INFO: Run Behavior\ContentReplaceBehavior [ RunTime:0.000103s ]
INFO: [ template_filter ] --END-- [ RunTime:0.000181s ]
INFO: Run Behavior\ParseTemplateBehavior [ RunTime:0.017353s ]
INFO: [ view_parse ] --END-- [ RunTime:0.017447s ]
INFO: [ view_filter ] --START--
INFO: Run Behavior\WriteHtmlCacheBehavior [ RunTime:0.000880s ]
INFO: Run Common\Behavior\TmplStripSpaceBehavior [ RunTime:0.000942s ]
INFO: [ view_filter ] --END-- [ RunTime:0.001946s ]
INFO: [ app_end ] --START--
INFO: Run Behavior\ShowPageTraceBehavior [ RunTime:0.001599s ]
INFO: [ app_end ] --END-- [ RunTime:0.001676s ]

[ 2018-05-01T23:59:44+08:00 ] 183.3.255.35 /index.php/portal/index/getconfig/?url=http%3A%2F%2Fnnlaile.shengdayidai.com%2Fportal%2Fhome%2Fgerenzxyaoqinghan%2Fid%2F67947%3Ffrom%3Dgroupmessage
INFO: [ app_begin ] --START--
INFO: Run Behavior\ReadHtmlCacheBehavior [ RunTime:0.001503s ]
INFO: Run Behavior\CheckLangBehavior [ RunTime:0.002221s ]
INFO: Run Common\Behavior\UrldecodeGetBehavior [ RunTime:0.000906s ]
INFO: [ app_begin ] --END-- [ RunTime:0.005796s ]
NOTIC: [8] Undefined index: uid /www/wwwroot/niulaile.qzkvd.com/application/Common/Controller/HomebaseController.class.php 第 20 行.
NOTIC: [8] Undefined index: token /www/wwwroot/niulaile.qzkvd.com/application/Common/Controller/HomebaseController.class.php 第 23 行.
NOTIC: [8] Undefined index: code /www/wwwroot/niulaile.qzkvd.com/application/Common/Controller/HomebaseController.class.php 第 39 行.
SQL: SHOW COLUMNS FROM `jz_all_record` [ RunTime:0.0033s ]
SQL: SHOW COLUMNS FROM `jz_options` [ RunTime:0.0027s ]
SQL: SELECT `option_value` FROM `jz_options` WHERE `option_name` = 'bonus' LIMIT 1   [ RunTime:0.0004s ]
SQL: SHOW COLUMNS FROM `jz_user` [ RunTime:0.0036s ]
SQL: SELECT * FROM `jz_user` WHERE `id` = 80388 LIMIT 1   [ RunTime:0.0005s ]
NOTIC: [8] Use of undefined constant weixin_appid - assumed 'weixin_appid' /www/wwwroot/niulaile.qzkvd.com/application/Portal/Controller/IndexController.class.php 第 40 行.
NOTIC: [8] Use of undefined constant weixin_key - assumed 'weixin_key' /www/wwwroot/niulaile.qzkvd.com/application/Portal/Controller/IndexController.class.php 第 40 行.
NOTIC: [8] Use of undefined constant access_token - assumed 'access_token' /www/wwwroot/niulaile.qzkvd.com/application/Portal/Controller/IndexController.class.php 第 40 行.
NOTIC: [8] Use of undefined constant weixin_appid - assumed 'weixin_appid' /www/wwwroot/niulaile.qzkvd.com/application/Portal/Controller/IndexController.class.php 第 42 行.
INFO: [ app_end ] --START--
INFO: Run Behavior\ShowPageTraceBehavior [ RunTime:0.001531s ]
INFO: [ app_end ] --END-- [ RunTime:0.001615s ]

[ 2018-05-01T23:59:47+08:00 ] 183.3.255.35 /portal/index/room.html?room=1223&from=groupmessage
INFO: [ app_begin ] --START--
INFO: Run Behavior\ReadHtmlCacheBehavior [ RunTime:0.001524s ]
INFO: Run Behavior\CheckLangBehavior [ RunTime:0.002232s ]
INFO: Run Common\Behavior\UrldecodeGetBehavior [ RunTime:0.000911s ]
INFO: [ app_begin ] --END-- [ RunTime:0.005811s ]
NOTIC: [8] Undefined index: uid /www/wwwroot/niulaile.qzkvd.com/application/Common/Controller/HomebaseController.class.php 第 20 行.
NOTIC: [8] Undefined index: token /www/wwwroot/niulaile.qzkvd.com/application/Common/Controller/HomebaseController.class.php 第 23 行.
NOTIC: [8] Undefined index: code /www/wwwroot/niulaile.qzkvd.com/application/Common/Controller/HomebaseController.class.php 第 39 行.
SQL: SHOW COLUMNS FROM `jz_all_record` [ RunTime:0.0033s ]
SQL: SHOW COLUMNS FROM `jz_options` [ RunTime:0.0028s ]
SQL: SELECT `option_value` FROM `jz_options` WHERE `option_name` = 'bonus' LIMIT 1   [ RunTime:0.0004s ]
SQL: SHOW COLUMNS FROM `jz_user` [ RunTime:0.0035s ]
SQL: SELECT * FROM `jz_user` WHERE `id` = 80388 LIMIT 1   [ RunTime:0.0005s ]
SQL: SHOW COLUMNS FROM `jz_user` [ RunTime:0.0034s ]
SQL: UPDATE `jz_user` SET `token`='be371cb890a2865d494a00dd2b10be68' WHERE `id` = 80388 [ RunTime:0.0778s ]
SQL: SHOW COLUMNS FROM `jz_room` [ RunTime:0.0031s ]
SQL: SELECT * FROM `jz_room` WHERE `id` = 1223 LIMIT 1   [ RunTime:0.0005s ]
SQL: SELECT * FROM `jz_user` WHERE `id` = 67947 LIMIT 1   [ RunTime:0.0010s ]
SQL: SHOW COLUMNS FROM `jz_qun` [ RunTime:0.0029s ]
SQL: SELECT * FROM `jz_qun` WHERE `open` = 67947  [ RunTime:0.0008s ]
NOTIC: [8] Undefined index: gz /www/wwwroot/niulaile.qzkvd.com/application/Portal/Controller/IndexController.class.php 第 131 行.
NOTIC: [8] Undefined index:  /www/wwwroot/niulaile.qzkvd.com/application/Portal/Controller/IndexController.class.php 第 131 行.
NOTIC: [8] Undefined index: sz /www/wwwroot/niulaile.qzkvd.com/application/Portal/Controller/IndexController.class.php 第 132 行.
NOTIC: [8] Undefined index:  /www/wwwroot/niulaile.qzkvd.com/application/Portal/Controller/IndexController.class.php 第 132 行.
NOTIC: [8] Undefined index: sx /www/wwwroot/niulaile.qzkvd.com/application/Portal/Controller/IndexController.class.php 第 133 行.
NOTIC: [8] Undefined index:  /www/wwwroot/niulaile.qzkvd.com/application/Portal/Controller/IndexController.class.php 第 133 行.
NOTIC: [8] Undefined index: cm /www/wwwroot/niulaile.qzkvd.com/application/Portal/Controller/IndexController.class.php 第 134 行.
NOTIC: [8] Undefined index:  /www/wwwroot/niulaile.qzkvd.com/application/Portal/Controller/IndexController.class.php 第 134 行.
NOTIC: [8] Undefined index: px /www/wwwroot/niulaile.qzkvd.com/application/Portal/Controller/IndexController.class.php 第 138 行.
NOTIC: [8] Undefined index: gz2 /www/wwwroot/niulaile.qzkvd.com/application/Portal/Controller/IndexController.class.php 第 144 行.
INFO: [ view_parse ] --START--
INFO: [ template_filter ] --START--
INFO: Run Behavior\ContentReplaceBehavior [ RunTime:0.000211s ]
INFO: [ template_filter ] --END-- [ RunTime:0.000287s ]
NOTIC: [8] Undefined index: gz2 /www/wwwroot/niulaile.qzkvd.com/data/runtime/Cache/Portal/4b00f2f247d681375c51f405ab193858.php 第 95 行.
SQL: SELECT * FROM `jz_user` WHERE `id` = 67947 LIMIT 1   [ RunTime:0.0005s ]
NOTIC: [8] Undefined offset: 80388 /www/wwwroot/niulaile.qzkvd.com/data/runtime/Cache/Portal/4b00f2f247d681375c51f405ab193858.php 第 149 行.

[ 2018-05-01T23:59:48+08:00 ] 183.3.255.35 /index.php/portal/index/getconfig/?url=http%3A%2F%2Fnnlaile.shengdayidai.com%2Fportal%2Findex%2Froom.html%3Froom%3D1223%26from%3Dgroupmessage
INFO: [ app_begin ] --START--
INFO: Run Behavior\ReadHtmlCacheBehavior [ RunTime:0.002126s ]
INFO: Run Behavior\CheckLangBehavior [ RunTime:0.003071s ]
INFO: Run Common\Behavior\UrldecodeGetBehavior [ RunTime:0.000975s ]
INFO: [ app_begin ] --END-- [ RunTime:0.007652s ]
NOTIC: [8] Undefined index: uid /www/wwwroot/niulaile.qzkvd.com/application/Common/Controller/HomebaseController.class.php 第 20 行.
NOTIC: [8] Undefined index: token /www/wwwroot/niulaile.qzkvd.com/application/Common/Controller/HomebaseController.class.php 第 23 行.
NOTIC: [8] Undefined index: code /www/wwwroot/niulaile.qzkvd.com/application/Common/Controller/HomebaseController.class.php 第 39 行.
SQL: SHOW COLUMNS FROM `jz_all_record` [ RunTime:0.0033s ]
SQL: SHOW COLUMNS FROM `jz_options` [ RunTime:0.0027s ]
SQL: SELECT `option_value` FROM `jz_options` WHERE `option_name` = 'bonus' LIMIT 1   [ RunTime:0.0004s ]
SQL: SHOW COLUMNS FROM `jz_user` [ RunTime:0.0036s ]
SQL: SELECT * FROM `jz_user` WHERE `id` = 80388 LIMIT 1   [ RunTime:0.0010s ]
NOTIC: [8] Use of undefined constant weixin_appid - assumed 'weixin_appid' /www/wwwroot/niulaile.qzkvd.com/application/Portal/Controller/IndexController.class.php 第 40 行.
NOTIC: [8] Use of undefined constant weixin_key - assumed 'weixin_key' /www/wwwroot/niulaile.qzkvd.com/application/Portal/Controller/IndexController.class.php 第 40 行.
NOTIC: [8] Use of undefined constant access_token - assumed 'access_token' /www/wwwroot/niulaile.qzkvd.com/application/Portal/Controller/IndexController.class.php 第 40 行.
NOTIC: [8] Use of undefined constant weixin_appid - assumed 'weixin_appid' /www/wwwroot/niulaile.qzkvd.com/application/Portal/Controller/IndexController.class.php 第 42 行.
INFO: [ app_end ] --START--
INFO: Run Behavior\ShowPageTraceBehavior [ RunTime:0.001602s ]
INFO: [ app_end ] --END-- [ RunTime:0.001686s ]

[ 2018-05-01T23:59:51+08:00 ] 183.3.255.35 /portal/index/room.html?room=1223&from=groupmessage
INFO: [ app_begin ] --START--
INFO: Run Behavior\ReadHtmlCacheBehavior [ RunTime:0.001500s ]
INFO: Run Behavior\CheckLangBehavior [ RunTime:0.002248s ]
INFO: Run Common\Behavior\UrldecodeGetBehavior [ RunTime:0.000984s ]
INFO: [ app_begin ] --END-- [ RunTime:0.005932s ]
NOTIC: [8] Undefined index: uid /www/wwwroot/niulaile.qzkvd.com/application/Common/Controller/HomebaseController.class.php 第 20 行.
NOTIC: [8] Undefined index: token /www/wwwroot/niulaile.qzkvd.com/application/Common/Controller/HomebaseController.class.php 第 23 行.
NOTIC: [8] Undefined index: code /www/wwwroot/niulaile.qzkvd.com/application/Common/Controller/HomebaseController.class.php 第 39 行.
SQL: SHOW COLUMNS FROM `jz_all_record` [ RunTime:0.0033s ]
SQL: SHOW COLUMNS FROM `jz_options` [ RunTime:0.0028s ]
SQL: SELECT `option_value` FROM `jz_options` WHERE `option_name` = 'bonus' LIMIT 1   [ RunTime:0.0004s ]
SQL: SHOW COLUMNS FROM `jz_user` [ RunTime:0.0035s ]
SQL: SELECT * FROM `jz_user` WHERE `id` = 80388 LIMIT 1   [ RunTime:0.0005s ]
SQL: SHOW COLUMNS FROM `jz_user` [ RunTime:0.0034s ]
SQL: UPDATE `jz_user` SET `token`='68eea3905ebadb032e51101084170ee9' WHERE `id` = 80388 [ RunTime:0.0657s ]
SQL: SHOW COLUMNS FROM `jz_room` [ RunTime:0.0031s ]
SQL: SELECT * FROM `jz_room` WHERE `id` = 1223 LIMIT 1   [ RunTime:0.0004s ]
SQL: SELECT * FROM `jz_user` WHERE `id` = 67947 LIMIT 1   [ RunTime:0.0010s ]
SQL: SHOW COLUMNS FROM `jz_qun` [ RunTime:0.0028s ]
SQL: SELECT * FROM `jz_qun` WHERE `open` = 67947  [ RunTime:0.0004s ]
NOTIC: [8] Undefined index: gz /www/wwwroot/niulaile.qzkvd.com/application/Portal/Controller/IndexController.class.php 第 131 行.
NOTIC: [8] Undefined index:  /www/wwwroot/niulaile.qzkvd.com/application/Portal/Controller/IndexController.class.php 第 131 行.
NOTIC: [8] Undefined index: sz /www/wwwroot/niulaile.qzkvd.com/application/Portal/Controller/IndexController.class.php 第 132 行.
NOTIC: [8] Undefined index:  /www/wwwroot/niulaile.qzkvd.com/application/Portal/Controller/IndexController.class.php 第 132 行.
NOTIC: [8] Undefined index: sx /www/wwwroot/niulaile.qzkvd.com/application/Portal/Controller/IndexController.class.php 第 133 行.
NOTIC: [8] Undefined index:  /www/wwwroot/niulaile.qzkvd.com/application/Portal/Controller/IndexController.class.php 第 133 行.
NOTIC: [8] Undefined index: cm /www/wwwroot/niulaile.qzkvd.com/application/Portal/Controller/IndexController.class.php 第 134 行.
NOTIC: [8] Undefined index:  /www/wwwroot/niulaile.qzkvd.com/application/Portal/Controller/IndexController.class.php 第 134 行.
NOTIC: [8] Undefined index: px /www/wwwroot/niulaile.qzkvd.com/application/Portal/Controller/IndexController.class.php 第 138 行.
NOTIC: [8] Undefined index: gz2 /www/wwwroot/niulaile.qzkvd.com/application/Portal/Controller/IndexController.class.php 第 144 行.
INFO: [ view_parse ] --START--
INFO: [ template_filter ] --START--
INFO: Run Behavior\ContentReplaceBehavior [ RunTime:0.000185s ]
INFO: [ template_filter ] --END-- [ RunTime:0.000262s ]
NOTIC: [8] Undefined index: gz2 /www/wwwroot/niulaile.qzkvd.com/data/runtime/Cache/Portal/4b00f2f247d681375c51f405ab193858.php 第 95 行.
SQL: SELECT * FROM `jz_user` WHERE `id` = 67947 LIMIT 1   [ RunTime:0.0005s ]
NOTIC: [8] Undefined offset: 80388 /www/wwwroot/niulaile.qzkvd.com/data/runtime/Cache/Portal/4b00f2f247d681375c51f405ab193858.php 第 149 行.

[ 2018-05-01T23:59:52+08:00 ] 183.3.255.35 /index.php/portal/index/getconfig/?url=http%3A%2F%2Fnnlaile.shengdayidai.com%2Fportal%2Findex%2Froom.html%3Froom%3D1223%26from%3Dgroupmessage
INFO: [ app_begin ] --START--
INFO: Run Behavior\ReadHtmlCacheBehavior [ RunTime:0.001708s ]
INFO: Run Behavior\CheckLangBehavior [ RunTime:0.002358s ]
INFO: Run Common\Behavior\UrldecodeGetBehavior [ RunTime:0.001107s ]
INFO: [ app_begin ] --END-- [ RunTime:0.006401s ]
NOTIC: [8] Undefined index: uid /www/wwwroot/niulaile.qzkvd.com/application/Common/Controller/HomebaseController.class.php 第 20 行.
NOTIC: [8] Undefined index: token /www/wwwroot/niulaile.qzkvd.com/application/Common/Controller/HomebaseController.class.php 第 23 行.
NOTIC: [8] Undefined index: code /www/wwwroot/niulaile.qzkvd.com/application/Common/Controller/HomebaseController.class.php 第 39 行.
SQL: SHOW COLUMNS FROM `jz_all_record` [ RunTime:0.0034s ]
SQL: SHOW COLUMNS FROM `jz_options` [ RunTime:0.0028s ]
SQL: SELECT `option_value` FROM `jz_options` WHERE `option_name` = 'bonus' LIMIT 1   [ RunTime:0.0004s ]
SQL: SHOW COLUMNS FROM `jz_user` [ RunTime:0.0035s ]
SQL: SELECT * FROM `jz_user` WHERE `id` = 80388 LIMIT 1   [ RunTime:0.0010s ]
NOTIC: [8] Use of undefined constant weixin_appid - assumed 'weixin_appid' /www/wwwroot/niulaile.qzkvd.com/application/Portal/Controller/IndexController.class.php 第 40 行.
NOTIC: [8] Use of undefined constant weixin_key - assumed 'weixin_key' /www/wwwroot/niulaile.qzkvd.com/application/Portal/Controller/IndexController.class.php 第 40 行.
NOTIC: [8] Use of undefined constant access_token - assumed 'access_token' /www/wwwroot/niulaile.qzkvd.com/application/Portal/Controller/IndexController.class.php 第 40 行.
NOTIC: [8] Use of undefined constant weixin_appid - assumed 'weixin_appid' /www/wwwroot/niulaile.qzkvd.com/application/Portal/Controller/IndexController.class.php 第 42 行.
INFO: [ app_end ] --START--
INFO: Run Behavior\ShowPageTraceBehavior [ RunTime:0.001545s ]
INFO: [ app_end ] --END-- [ RunTime:0.001630s ]

[ 2018-05-01T23:59:54+08:00 ] 183.3.255.35 /portal/home/gerenzxyaoqinghan/id/67947?from=groupmessage
INFO: [ app_begin ] --START--
INFO: Run Behavior\ReadHtmlCacheBehavior [ RunTime:0.001491s ]
INFO: Run Behavior\CheckLangBehavior [ RunTime:0.002221s ]
INFO: Run Common\Behavior\UrldecodeGetBehavior [ RunTime:0.000869s ]
INFO: [ app_begin ] --END-- [ RunTime:0.005764s ]
NOTIC: [8] Undefined index: uid /www/wwwroot/niulaile.qzkvd.com/application/Common/Controller/HomebaseController.class.php 第 20 行.
NOTIC: [8] Undefined index: token /www/wwwroot/niulaile.qzkvd.com/application/Common/Controller/HomebaseController.class.php 第 23 行.
NOTIC: [8] Undefined index: code /www/wwwroot/niulaile.qzkvd.com/application/Common/Controller/HomebaseController.class.php 第 39 行.
SQL: SHOW COLUMNS FROM `jz_all_record` [ RunTime:0.0032s ]
SQL: SHOW COLUMNS FROM `jz_options` [ RunTime:0.0027s ]
SQL: SELECT `option_value` FROM `jz_options` WHERE `option_name` = 'bonus' LIMIT 1   [ RunTime:0.0004s ]
SQL: SHOW COLUMNS FROM `jz_user` [ RunTime:0.0035s ]
SQL: SELECT * FROM `jz_user` WHERE `id` = 80388 LIMIT 1   [ RunTime:0.0005s ]
SQL: SELECT * FROM `jz_user` WHERE `id` = 80388 LIMIT 1   [ RunTime:0.0005s ]
SQL: SHOW COLUMNS FROM `jz_user` [ RunTime:0.0034s ]
SQL: SELECT * FROM `jz_user` WHERE `id` = 67947 LIMIT 1   [ RunTime:0.0005s ]
INFO: [ view_parse ] --START--
INFO: [ template_filter ] --START--
INFO: Run Behavior\ContentReplaceBehavior [ RunTime:0.000144s ]
INFO: [ template_filter ] --END-- [ RunTime:0.000223s ]
INFO: Run Behavior\ParseTemplateBehavior [ RunTime:0.017261s ]
INFO: [ view_parse ] --END-- [ RunTime:0.017390s ]
INFO: [ view_filter ] --START--
INFO: Run Behavior\WriteHtmlCacheBehavior [ RunTime:0.000806s ]
INFO: Run Common\Behavior\TmplStripSpaceBehavior [ RunTime:0.000891s ]
INFO: [ view_filter ] --END-- [ RunTime:0.001858s ]
INFO: [ app_end ] --START--
INFO: Run Behavior\ShowPageTraceBehavior [ RunTime:0.001537s ]
INFO: [ app_end ] --END-- [ RunTime:0.001616s ]

[ 2018-05-01T23:59:55+08:00 ] 183.3.255.35 /index.php/portal/index/getconfig/?url=http%3A%2F%2Fnnlaile.shengdayidai.com%2Fportal%2Fhome%2Fgerenzxyaoqinghan%2Fid%2F67947%3Ffrom%3Dgroupmessage
INFO: [ app_begin ] --START--
INFO: Run Behavior\ReadHtmlCacheBehavior [ RunTime:0.002061s ]
INFO: Run Behavior\CheckLangBehavior [ RunTime:0.003174s ]
INFO: Run Common\Behavior\UrldecodeGetBehavior [ RunTime:0.001330s ]
INFO: [ app_begin ] --END-- [ RunTime:0.008068s ]
NOTIC: [8] Undefined index: uid /www/wwwroot/niulaile.qzkvd.com/application/Common/Controller/HomebaseController.class.php 第 20 行.
NOTIC: [8] Undefined index: token /www/wwwroot/niulaile.qzkvd.com/application/Common/Controller/HomebaseController.class.php 第 23 行.
NOTIC: [8] Undefined index: code /www/wwwroot/niulaile.qzkvd.com/application/Common/Controller/HomebaseController.class.php 第 39 行.
SQL: SHOW COLUMNS FROM `jz_all_record` [ RunTime:0.0033s ]
SQL: SHOW COLUMNS FROM `jz_options` [ RunTime:0.0029s ]
SQL: SELECT `option_value` FROM `jz_options` WHERE `option_name` = 'bonus' LIMIT 1   [ RunTime:0.0005s ]
SQL: SHOW COLUMNS FROM `jz_user` [ RunTime:0.0035s ]
SQL: SELECT * FROM `jz_user` WHERE `id` = 80388 LIMIT 1   [ RunTime:0.0005s ]
NOTIC: [8] Use of undefined constant weixin_appid - assumed 'weixin_appid' /www/wwwroot/niulaile.qzkvd.com/application/Portal/Controller/IndexController.class.php 第 40 行.
NOTIC: [8] Use of undefined constant weixin_key - assumed 'weixin_key' /www/wwwroot/niulaile.qzkvd.com/application/Portal/Controller/IndexController.class.php 第 40 行.
NOTIC: [8] Use of undefined constant access_token - assumed 'access_token' /www/wwwroot/niulaile.qzkvd.com/application/Portal/Controller/IndexController.class.php 第 40 行.
NOTIC: [8] Use of undefined constant weixin_appid - assumed 'weixin_appid' /www/wwwroot/niulaile.qzkvd.com/application/Portal/Controller/IndexController.class.php 第 42 行.
INFO: [ app_end ] --START--
INFO: Run Behavior\ShowPageTraceBehavior [ RunTime:0.001625s ]
INFO: [ app_end ] --END-- [ RunTime:0.001710s ]

[ 2018-05-01T23:59:57+08:00 ] 183.3.255.35 /index.php/portal/home/gerenzxjiaruchengg/id/67947
INFO: [ app_begin ] --START--
INFO: Run Behavior\ReadHtmlCacheBehavior [ RunTime:0.001500s ]
INFO: Run Behavior\CheckLangBehavior [ RunTime:0.002236s ]
INFO: Run Common\Behavior\UrldecodeGetBehavior [ RunTime:0.000907s ]
INFO: [ app_begin ] --END-- [ RunTime:0.005822s ]
NOTIC: [8] Undefined index: uid /www/wwwroot/niulaile.qzkvd.com/application/Common/Controller/HomebaseController.class.php 第 20 行.
NOTIC: [8] Undefined index: token /www/wwwroot/niulaile.qzkvd.com/application/Common/Controller/HomebaseController.class.php 第 23 行.
NOTIC: [8] Undefined index: code /www/wwwroot/niulaile.qzkvd.com/application/Common/Controller/HomebaseController.class.php 第 39 行.
SQL: SHOW COLUMNS FROM `jz_all_record` [ RunTime:0.0033s ]
SQL: SHOW COLUMNS FROM `jz_options` [ RunTime:0.0028s ]
SQL: SELECT `option_value` FROM `jz_options` WHERE `option_name` = 'bonus' LIMIT 1   [ RunTime:0.0004s ]
SQL: SHOW COLUMNS FROM `jz_user` [ RunTime:0.0035s ]
SQL: SELECT * FROM `jz_user` WHERE `id` = 80388 LIMIT 1   [ RunTime:0.0005s ]
SQL: SELECT * FROM `jz_user` WHERE `id` = 80388 LIMIT 1   [ RunTime:0.0005s ]
SQL: SHOW COLUMNS FROM `jz_user` [ RunTime:0.0035s ]
SQL: SELECT * FROM `jz_user` WHERE `id` = 67947 LIMIT 1   [ RunTime:0.0004s ]
SQL: SHOW COLUMNS FROM `jz_qun` [ RunTime:0.0028s ]
SQL: SELECT * FROM `jz_qun` WHERE `open` = 67947 AND `uid` = 80388  [ RunTime:0.0008s ]
INFO: [ view_parse ] --START--
INFO: [ template_filter ] --START--
INFO: Run Behavior\ContentReplaceBehavior [ RunTime:0.000092s ]
INFO: [ template_filter ] --END-- [ RunTime:0.000170s ]
INFO: Run Behavior\ParseTemplateBehavior [ RunTime:0.016948s ]
INFO: [ view_parse ] --END-- [ RunTime:0.017042s ]
INFO: [ view_filter ] --START--
INFO: Run Behavior\WriteHtmlCacheBehavior [ RunTime:0.000893s ]
INFO: Run Common\Behavior\TmplStripSpaceBehavior [ RunTime:0.000944s ]
INFO: [ view_filter ] --END-- [ RunTime:0.001978s ]
INFO: [ app_end ] --START--
INFO: Run Behavior\ShowPageTraceBehavior [ RunTime:0.001657s ]
INFO: [ app_end ] --END-- [ RunTime:0.001734s ]

