[ 2018-05-14T00:32:03+08:00 ] 58.39.77.20 /admin/daili/webedit/
INFO: [ app_begin ] --START--
INFO: Run Behavior\ReadHtmlCacheBehavior [ RunTime:0.019021s ]
INFO: Run Behavior\CheckLangBehavior [ RunTime:0.045275s ]
INFO: Run Common\Behavior\UrldecodeGetBehavior [ RunTime:0.017368s ]
INFO: [ app_begin ] --END-- [ RunTime:0.094857s ]
ERR: 无法加载控制器:Daili

[ 2018-05-14T00:32:03+08:00 ] 58.39.77.20 /admin/WebEditor/
INFO: [ app_begin ] --START--
INFO: Run Behavior\ReadHtmlCacheBehavior [ RunTime:0.021803s ]
INFO: Run Behavior\CheckLangBehavior [ RunTime:0.046795s ]
INFO: Run Common\Behavior\UrldecodeGetBehavior [ RunTime:0.010164s ]
INFO: [ app_begin ] --END-- [ RunTime:0.093089s ]
ERR: 无法加载控制器:WebEditor

[ 2018-05-14T00:32:03+08:00 ] 58.39.77.20 /admin/EDITOR/Dialog/
INFO: [ app_begin ] --START--
INFO: Run Behavior\ReadHtmlCacheBehavior [ RunTime:0.016228s ]
INFO: Run Behavior\CheckLangBehavior [ RunTime:0.029498s ]
INFO: Run Common\Behavior\UrldecodeGetBehavior [ RunTime:0.006991s ]
INFO: [ app_begin ] --END-- [ RunTime:0.069818s ]
ERR: 无法加载控制器:EDITOR

[ 2018-05-14T00:32:04+08:00 ] 58.39.77.20 /admin/wo%5Fedit/
INFO: [ app_begin ] --START--
INFO: Run Behavior\ReadHtmlCacheBehavior [ RunTime:0.015045s ]
INFO: Run Behavior\CheckLangBehavior [ RunTime:0.044357s ]
INFO: Run Common\Behavior\UrldecodeGetBehavior [ RunTime:0.010688s ]
INFO: [ app_begin ] --END-- [ RunTime:0.086431s ]
ERR: 无法加载控制器:Wo_edit

[ 2018-05-14T00:32:04+08:00 ] 58.39.77.20 /admin/wo%5Fedit/editor/
INFO: [ app_begin ] --START--
INFO: Run Behavior\ReadHtmlCacheBehavior [ RunTime:0.013567s ]
INFO: Run Behavior\CheckLangBehavior [ RunTime:0.037749s ]
INFO: Run Common\Behavior\UrldecodeGetBehavior [ RunTime:0.008179s ]
INFO: [ app_begin ] --END-- [ RunTime:0.086928s ]
ERR: 无法加载控制器:Wo_edit

[ 2018-05-14T00:32:04+08:00 ] 58.39.77.20 /admin/editor/UploadFile/
INFO: [ app_begin ] --START--
INFO: Run Behavior\ReadHtmlCacheBehavior [ RunTime:0.021892s ]
INFO: Run Behavior\CheckLangBehavior [ RunTime:0.042826s ]
INFO: Run Common\Behavior\UrldecodeGetBehavior [ RunTime:0.011569s ]
INFO: [ app_begin ] --END-- [ RunTime:0.094610s ]
ERR: 无法加载控制器:Editor

[ 2018-05-14T00:32:04+08:00 ] 58.39.77.20 /admin/editor/include/
INFO: [ app_begin ] --START--
INFO: Run Behavior\ReadHtmlCacheBehavior [ RunTime:0.018510s ]
INFO: Run Behavior\CheckLangBehavior [ RunTime:0.044518s ]
INFO: Run Common\Behavior\UrldecodeGetBehavior [ RunTime:0.013462s ]
INFO: [ app_begin ] --END-- [ RunTime:0.094002s ]
ERR: 无法加载控制器:Editor

[ 2018-05-14T00:32:04+08:00 ] 58.39.77.20 /admin/editor/admin/
INFO: [ app_begin ] --START--
INFO: Run Behavior\ReadHtmlCacheBehavior [ RunTime:0.012521s ]
INFO: Run Behavior\CheckLangBehavior [ RunTime:0.035163s ]
INFO: Run Common\Behavior\UrldecodeGetBehavior [ RunTime:0.015725s ]
INFO: [ app_begin ] --END-- [ RunTime:0.078274s ]
ERR: 无法加载控制器:Editor

[ 2018-05-14T00:32:04+08:00 ] 58.39.77.20 /admin/editor/db/
INFO: [ app_begin ] --START--
INFO: Run Behavior\ReadHtmlCacheBehavior [ RunTime:0.014047s ]
INFO: Run Behavior\CheckLangBehavior [ RunTime:0.039186s ]
INFO: Run Common\Behavior\UrldecodeGetBehavior [ RunTime:0.017962s ]
INFO: [ app_begin ] --END-- [ RunTime:0.083517s ]
ERR: 无法加载控制器:Editor

[ 2018-05-14T00:32:05+08:00 ] 58.39.77.20 /admin/webeditor/upload.asp?action=save&type=&style=
INFO: [ app_begin ] --START--
INFO: Run Behavior\ReadHtmlCacheBehavior [ RunTime:0.013219s ]
INFO: Run Behavior\CheckLangBehavior [ RunTime:0.031267s ]
INFO: Run Common\Behavior\UrldecodeGetBehavior [ RunTime:0.019947s ]
INFO: [ app_begin ] --END-- [ RunTime:0.078316s ]
ERR: 无法加载控制器:Webeditor

[ 2018-05-14T00:32:05+08:00 ] 58.39.77.20 /admin/EDITOR/Dialog/HELP.HTM
INFO: [ app_begin ] --START--
INFO: Run Behavior\ReadHtmlCacheBehavior [ RunTime:0.009648s ]
INFO: Run Behavior\CheckLangBehavior [ RunTime:0.032374s ]
INFO: Run Common\Behavior\UrldecodeGetBehavior [ RunTime:0.013815s ]
INFO: [ app_begin ] --END-- [ RunTime:0.064845s ]
ERR: 无法加载控制器:EDITOR

[ 2018-05-14T00:32:05+08:00 ] 58.39.77.20 /admin/Edit/editor.htm
INFO: [ app_begin ] --START--
INFO: Run Behavior\ReadHtmlCacheBehavior [ RunTime:0.014057s ]
INFO: Run Behavior\CheckLangBehavior [ RunTime:0.038960s ]
INFO: Run Common\Behavior\UrldecodeGetBehavior [ RunTime:0.013455s ]
INFO: [ app_begin ] --END-- [ RunTime:0.074509s ]
ERR: 无法加载控制器:Edit

[ 2018-05-14T00:32:05+08:00 ] 58.39.77.20 /Admin/Editor/ewebeditor.htm
INFO: [ app_begin ] --START--
INFO: Run Behavior\ReadHtmlCacheBehavior [ RunTime:0.014199s ]
INFO: Run Behavior\CheckLangBehavior [ RunTime:0.052451s ]
INFO: Run Common\Behavior\UrldecodeGetBehavior [ RunTime:0.020734s ]
INFO: [ app_begin ] --END-- [ RunTime:0.101268s ]
ERR: 无法加载控制器:Editor

[ 2018-05-14T00:32:05+08:00 ] 58.39.77.20 /admin/js/fckeditor/editor/filemanager/connectors/test.html
INFO: [ app_begin ] --START--
INFO: Run Behavior\ReadHtmlCacheBehavior [ RunTime:0.012186s ]
INFO: Run Behavior\CheckLangBehavior [ RunTime:0.060030s ]
INFO: Run Common\Behavior\UrldecodeGetBehavior [ RunTime:0.009980s ]
INFO: [ app_begin ] --END-- [ RunTime:0.096377s ]
ERR: 无法加载控制器:Js

[ 2018-05-14T00:32:05+08:00 ] 58.39.77.20 /admin/editubb/db/
INFO: [ app_begin ] --START--
INFO: Run Behavior\ReadHtmlCacheBehavior [ RunTime:0.017760s ]
INFO: Run Behavior\CheckLangBehavior [ RunTime:0.046760s ]
INFO: Run Common\Behavior\UrldecodeGetBehavior [ RunTime:0.019021s ]
INFO: [ app_begin ] --END-- [ RunTime:0.099342s ]
ERR: 无法加载控制器:Editubb

[ 2018-05-14T00:32:06+08:00 ] 58.39.77.20 /admin/EDITOR/Dialog/file_gy.htm
INFO: [ app_begin ] --START--
INFO: Run Behavior\ReadHtmlCacheBehavior [ RunTime:0.012797s ]
INFO: Run Behavior\CheckLangBehavior [ RunTime:0.030416s ]
INFO: Run Common\Behavior\UrldecodeGetBehavior [ RunTime:0.010734s ]
INFO: [ app_begin ] --END-- [ RunTime:0.069628s ]
ERR: 无法加载控制器:EDITOR

[ 2018-05-14T00:32:06+08:00 ] 58.39.77.20 /admin/editubb/
INFO: [ app_begin ] --START--
INFO: Run Behavior\ReadHtmlCacheBehavior [ RunTime:0.020517s ]
INFO: Run Behavior\CheckLangBehavior [ RunTime:0.053491s ]
INFO: Run Common\Behavior\UrldecodeGetBehavior [ RunTime:0.013541s ]
INFO: [ app_begin ] --END-- [ RunTime:0.109451s ]
ERR: 无法加载控制器:Editubb

[ 2018-05-14T00:32:06+08:00 ] 58.39.77.20 /admin/UpFile.asp?fp1=D:
INFO: [ app_begin ] --START--
INFO: Run Behavior\ReadHtmlCacheBehavior [ RunTime:0.018430s ]
INFO: Run Behavior\CheckLangBehavior [ RunTime:0.040305s ]
INFO: Run Common\Behavior\UrldecodeGetBehavior [ RunTime:0.019817s ]
INFO: [ app_begin ] --END-- [ RunTime:0.093157s ]
ERR: 无法加载控制器:UpFile

[ 2018-05-14T00:32:06+08:00 ] 58.39.77.20 /admin/UpFile.asp?gl=file
INFO: [ app_begin ] --START--
INFO: Run Behavior\ReadHtmlCacheBehavior [ RunTime:0.008969s ]
INFO: Run Behavior\CheckLangBehavior [ RunTime:0.047636s ]
INFO: Run Common\Behavior\UrldecodeGetBehavior [ RunTime:0.016886s ]
INFO: [ app_begin ] --END-- [ RunTime:0.088581s ]
ERR: 无法加载控制器:UpFile

[ 2018-05-14T00:32:07+08:00 ] 58.39.77.20 /admin/WebEdit/admin_login.asp88
INFO: [ app_begin ] --START--
INFO: Run Behavior\ReadHtmlCacheBehavior [ RunTime:0.014614s ]
INFO: Run Behavior\CheckLangBehavior [ RunTime:0.037216s ]
INFO: Run Common\Behavior\UrldecodeGetBehavior [ RunTime:0.017810s ]
INFO: [ app_begin ] --END-- [ RunTime:0.085192s ]
ERR: 无法加载控制器:WebEdit

[ 2018-05-14T00:32:08+08:00 ] 58.39.77.20 /admin/editor/upload.asp?action=upfile
INFO: [ app_begin ] --START--
INFO: Run Behavior\ReadHtmlCacheBehavior [ RunTime:0.015023s ]
INFO: Run Behavior\CheckLangBehavior [ RunTime:0.046325s ]
INFO: Run Common\Behavior\UrldecodeGetBehavior [ RunTime:0.008827s ]
INFO: [ app_begin ] --END-- [ RunTime:0.091904s ]
ERR: 无法加载控制器:Editor

[ 2018-05-14T00:32:08+08:00 ] 58.39.77.20 /admin/CuteEditor/
INFO: [ app_begin ] --START--
INFO: Run Behavior\ReadHtmlCacheBehavior [ RunTime:0.021828s ]
INFO: Run Behavior\CheckLangBehavior [ RunTime:0.051022s ]
INFO: Run Common\Behavior\UrldecodeGetBehavior [ RunTime:0.018620s ]
INFO: [ app_begin ] --END-- [ RunTime:0.105042s ]
ERR: 无法加载控制器:CuteEditor

[ 2018-05-14T00:32:08+08:00 ] 58.39.77.20 /admin/wo%5Fedit/editor/fckdebug.html
INFO: [ app_begin ] --START--
INFO: Run Behavior\ReadHtmlCacheBehavior [ RunTime:0.012503s ]
INFO: Run Behavior\CheckLangBehavior [ RunTime:0.038272s ]
INFO: Run Common\Behavior\UrldecodeGetBehavior [ RunTime:0.012558s ]
INFO: [ app_begin ] --END-- [ RunTime:0.081198s ]
ERR: 无法加载控制器:Wo_edit

[ 2018-05-14T00:32:08+08:00 ] 58.39.77.20 /admin/wo%5Fedit/editor/filemanager/
INFO: [ app_begin ] --START--
INFO: Run Behavior\ReadHtmlCacheBehavior [ RunTime:0.011091s ]
INFO: Run Behavior\CheckLangBehavior [ RunTime:0.041449s ]
INFO: Run Common\Behavior\UrldecodeGetBehavior [ RunTime:0.014462s ]
INFO: [ app_begin ] --END-- [ RunTime:0.083910s ]
ERR: 无法加载控制器:Wo_edit

[ 2018-05-14T00:32:08+08:00 ] 58.39.77.20 /admin/wo%5Fedit/editor/filemanager/test.html
INFO: [ app_begin ] --START--
INFO: Run Behavior\ReadHtmlCacheBehavior [ RunTime:0.015283s ]
INFO: Run Behavior\CheckLangBehavior [ RunTime:0.042198s ]
INFO: Run Common\Behavior\UrldecodeGetBehavior [ RunTime:0.009813s ]
INFO: [ app_begin ] --END-- [ RunTime:0.088683s ]
ERR: 无法加载控制器:Wo_edit

[ 2018-05-14T00:32:09+08:00 ] 58.39.77.20 /admin/SouthidcEditor/Dialog/help/main.htm
INFO: [ app_begin ] --START--
INFO: Run Behavior\ReadHtmlCacheBehavior [ RunTime:0.015934s ]
INFO: Run Behavior\CheckLangBehavior [ RunTime:0.040360s ]
INFO: Run Common\Behavior\UrldecodeGetBehavior [ RunTime:0.016287s ]
INFO: [ app_begin ] --END-- [ RunTime:0.082381s ]
ERR: 无法加载控制器:SouthidcEditor

[ 2018-05-14T00:32:10+08:00 ] 58.39.77.20 /admin/FCKeditor/editor/filemanager/upload/test.html
INFO: [ app_begin ] --START--
INFO: Run Behavior\ReadHtmlCacheBehavior [ RunTime:0.012676s ]
INFO: Run Behavior\CheckLangBehavior [ RunTime:0.030969s ]
INFO: Run Common\Behavior\UrldecodeGetBehavior [ RunTime:0.009805s ]
INFO: [ app_begin ] --END-- [ RunTime:0.064901s ]
ERR: 无法加载控制器:FCKeditor

[ 2018-05-14T00:32:10+08:00 ] 58.39.77.20 /admin/fckeditor/editor/fckeditor.html
INFO: [ app_begin ] --START--
INFO: Run Behavior\ReadHtmlCacheBehavior [ RunTime:0.008517s ]
INFO: Run Behavior\CheckLangBehavior [ RunTime:0.028070s ]
INFO: Run Common\Behavior\UrldecodeGetBehavior [ RunTime:0.008627s ]
INFO: [ app_begin ] --END-- [ RunTime:0.051765s ]
ERR: 无法加载控制器:Fckeditor

[ 2018-05-14T00:32:10+08:00 ] 58.39.77.20 /admin/ewebeditor/eWebEditor_Intro_v200.chm
INFO: [ app_begin ] --START--
INFO: Run Behavior\ReadHtmlCacheBehavior [ RunTime:0.005408s ]
INFO: Run Behavior\CheckLangBehavior [ RunTime:0.021129s ]
INFO: Run Common\Behavior\UrldecodeGetBehavior [ RunTime:0.006843s ]
INFO: [ app_begin ] --END-- [ RunTime:0.045507s ]
ERR: 无法加载控制器:Ewebeditor

[ 2018-05-14T00:32:10+08:00 ] 58.39.77.20 /admin/phpmyadmin/
INFO: [ app_begin ] --START--
INFO: Run Behavior\ReadHtmlCacheBehavior [ RunTime:0.005788s ]
INFO: Run Behavior\CheckLangBehavior [ RunTime:0.023695s ]
INFO: Run Common\Behavior\UrldecodeGetBehavior [ RunTime:0.007660s ]
INFO: [ app_begin ] --END-- [ RunTime:0.045527s ]
ERR: 无法加载控制器:Phpmyadmin

[ 2018-05-14T16:08:53+08:00 ] 222.208.150.64 /admin/public/login
INFO: [ app_begin ] --START--
INFO: Run Behavior\ReadHtmlCacheBehavior [ RunTime:0.001584s ]
INFO: Run Behavior\CheckLangBehavior [ RunTime:0.002772s ]
INFO: Run Common\Behavior\UrldecodeGetBehavior [ RunTime:0.000926s ]
INFO: [ app_begin ] --END-- [ RunTime:0.006416s ]
INFO: [ admin_begin ] --START--
INFO: Run Common\Behavior\AdminDefaultLangBehavior [ RunTime:0.003372s ]
INFO: [ admin_begin ] --END-- [ RunTime:0.003523s ]
INFO: [ view_parse ] --START--
INFO: [ template_filter ] --START--
INFO: Run Behavior\ContentReplaceBehavior [ RunTime:0.000107s ]
INFO: [ template_filter ] --END-- [ RunTime:0.000187s ]
INFO: Run Behavior\ParseTemplateBehavior [ RunTime:0.018729s ]
INFO: [ view_parse ] --END-- [ RunTime:0.018815s ]
INFO: [ view_filter ] --START--
INFO: Run Behavior\WriteHtmlCacheBehavior [ RunTime:0.000862s ]
INFO: Run Common\Behavior\TmplStripSpaceBehavior [ RunTime:0.000943s ]
INFO: [ view_filter ] --END-- [ RunTime:0.001929s ]
INFO: [ app_end ] --START--
INFO: Run Behavior\ShowPageTraceBehavior [ RunTime:0.001599s ]
INFO: [ app_end ] --END-- [ RunTime:0.001677s ]

[ 2018-05-14T16:08:58+08:00 ] 222.208.150.64 /Admin/public/dologin
INFO: [ app_begin ] --START--
INFO: Run Behavior\ReadHtmlCacheBehavior [ RunTime:0.001568s ]
INFO: Run Behavior\CheckLangBehavior [ RunTime:0.002692s ]
INFO: Run Common\Behavior\UrldecodeGetBehavior [ RunTime:0.000923s ]
INFO: [ app_begin ] --END-- [ RunTime:0.006295s ]
INFO: [ admin_begin ] --START--
INFO: Run Common\Behavior\AdminDefaultLangBehavior [ RunTime:0.003374s ]
INFO: [ admin_begin ] --END-- [ RunTime:0.003475s ]
SQL: SHOW COLUMNS FROM `jz_users` [ RunTime:0.0032s ]
SQL: SELECT * FROM `jz_users` WHERE `user_login` = 'nle2018' LIMIT 1   [ RunTime:0.0012s ]
SQL: SHOW COLUMNS FROM `jz_role_user` [ RunTime:0.0026s ]
SQL: SELECT `role_id` FROM jz_role_user a INNER JOIN jz_role as b on a.role_id =b.id  WHERE `user_id` = '27' AND `status` = 1  [ RunTime:0.0004s ]
SQL: UPDATE `jz_users` SET `user_login`='nle2018',`user_pass`='###26c178fcdcdf5b859d2d5cb7ff282f89',`user_nicename`='',`user_email`='leo219@qq.com',`user_url`='',`avatar`=NULL,`sex`='0',`birthday`=NULL,`signature`=NULL,`last_login_ip`='222.208.150.64',`last_login_time`='2018-05-14 16:08:58',`create_time`='2018-02-12 05:51:04',`user_activation_key`='',`user_status`='1',`score`='0',`user_type`='1',`coin`='0',`mobile`='' WHERE `id` = '27' [ RunTime:0.0010s ]

[ 2018-05-14T16:08:58+08:00 ] 222.208.150.64 /Admin/Index/index
INFO: [ app_begin ] --START--
INFO: Run Behavior\ReadHtmlCacheBehavior [ RunTime:0.001533s ]
INFO: Run Behavior\CheckLangBehavior [ RunTime:0.002715s ]
INFO: Run Common\Behavior\UrldecodeGetBehavior [ RunTime:0.000911s ]
INFO: [ app_begin ] --END-- [ RunTime:0.006309s ]
INFO: [ admin_begin ] --START--
INFO: Run Common\Behavior\AdminDefaultLangBehavior [ RunTime:0.003328s ]
INFO: [ admin_begin ] --END-- [ RunTime:0.003433s ]
SQL: SHOW COLUMNS FROM `jz_options` [ RunTime:0.0027s ]
SQL: SELECT `option_value` FROM `jz_options` WHERE `option_name` = 'bonus' LIMIT 1   [ RunTime:0.0004s ]
SQL: SHOW COLUMNS FROM `jz_users` [ RunTime:0.0032s ]
SQL: SELECT * FROM `jz_users` WHERE `id` = '27' LIMIT 1   [ RunTime:0.0010s ]
SQL: SHOW COLUMNS FROM `jz_menu` [ RunTime:0.0031s ]
SQL: SELECT * FROM `jz_menu` WHERE `parentid` = 0 AND `status` = 1 ORDER BY `listorder` ASC  [ RunTime:0.0004s ]
SQL: SHOW COLUMNS FROM `jz_role_user` [ RunTime:0.0027s ]
SQL: SELECT `role_id` FROM jz_role_user a INNER JOIN jz_role as b on a.role_id =b.id  WHERE `user_id` = '27' AND `status` = 1  [ RunTime:0.0004s ]
SQL: SELECT `role_id` FROM jz_role_user a INNER JOIN jz_role as b on a.role_id =b.id  WHERE `user_id` = '27' AND `status` = 1  [ RunTime:0.0004s ]
SQL: SELECT `role_id` FROM jz_role_user a INNER JOIN jz_role as b on a.role_id =b.id  WHERE `user_id` = '27' AND `status` = 1  [ RunTime:0.0004s ]
SQL: SELECT `role_id` FROM jz_role_user a INNER JOIN jz_role as b on a.role_id =b.id  WHERE `user_id` = '27' AND `status` = 1  [ RunTime:0.0004s ]
SQL: SELECT `role_id` FROM jz_role_user a INNER JOIN jz_role as b on a.role_id =b.id  WHERE `user_id` = '27' AND `status` = 1  [ RunTime:0.0004s ]
SQL: SELECT * FROM `jz_menu` WHERE `parentid` = 109 AND `status` = 1 ORDER BY `listorder` ASC  [ RunTime:0.0004s ]
SQL: SELECT `role_id` FROM jz_role_user a INNER JOIN jz_role as b on a.role_id =b.id  WHERE `user_id` = '27' AND `status` = 1  [ RunTime:0.0004s ]
SQL: SELECT `role_id` FROM jz_role_user a INNER JOIN jz_role as b on a.role_id =b.id  WHERE `user_id` = '27' AND `status` = 1  [ RunTime:0.0004s ]
SQL: SELECT `role_id` FROM jz_role_user a INNER JOIN jz_role as b on a.role_id =b.id  WHERE `user_id` = '27' AND `status` = 1  [ RunTime:0.0004s ]
SQL: SELECT * FROM `jz_menu` WHERE `parentid` = 110 AND `status` = 1 ORDER BY `listorder` ASC  [ RunTime:0.0004s ]
SQL: SELECT `role_id` FROM jz_role_user a INNER JOIN jz_role as b on a.role_id =b.id  WHERE `user_id` = '27' AND `status` = 1  [ RunTime:0.0004s ]
SQL: SELECT `role_id` FROM jz_role_user a INNER JOIN jz_role as b on a.role_id =b.id  WHERE `user_id` = '27' AND `status` = 1  [ RunTime:0.0004s ]
SQL: SELECT * FROM `jz_menu` WHERE `parentid` = 111 AND `status` = 1 ORDER BY `listorder` ASC  [ RunTime:0.0004s ]
SQL: SELECT * FROM `jz_menu` WHERE `parentid` = 113 AND `status` = 1 ORDER BY `listorder` ASC  [ RunTime:0.0004s ]
SQL: SELECT * FROM `jz_menu` WHERE `parentid` = 115 AND `status` = 1 ORDER BY `listorder` ASC  [ RunTime:0.0004s ]
SQL: SELECT * FROM `jz_menu` WHERE `parentid` = 139 AND `status` = 1 ORDER BY `listorder` ASC  [ RunTime:0.0004s ]
SQL: SELECT `role_id` FROM jz_role_user a INNER JOIN jz_role as b on a.role_id =b.id  WHERE `user_id` = '27' AND `status` = 1  [ RunTime:0.0004s ]
SQL: SELECT * FROM `jz_menu` WHERE `parentid` = 149 AND `status` = 1 ORDER BY `listorder` ASC  [ RunTime:0.0005s ]
SQL: SELECT * FROM `jz_menu` WHERE `parentid` = 188 AND `status` = 1 ORDER BY `listorder` ASC  [ RunTime:0.0004s ]
SQL: SELECT `role_id` FROM jz_role_user a INNER JOIN jz_role as b on a.role_id =b.id  WHERE `user_id` = '27' AND `status` = 1  [ RunTime:0.0004s ]
SQL: SELECT `role_id` FROM jz_role_user a INNER JOIN jz_role as b on a.role_id =b.id  WHERE `user_id` = '27' AND `status` = 1  [ RunTime:0.0004s ]
SQL: SELECT `role_id` FROM jz_role_user a INNER JOIN jz_role as b on a.role_id =b.id  WHERE `user_id` = '27' AND `status` = 1  [ RunTime:0.0004s ]
SQL: SELECT * FROM `jz_menu` WHERE `parentid` = 189 AND `status` = 1 ORDER BY `listorder` ASC  [ RunTime:0.0004s ]
SQL: SELECT * FROM `jz_menu` WHERE `parentid` = 190 AND `status` = 1 ORDER BY `listorder` ASC  [ RunTime:0.0004s ]
SQL: SELECT * FROM `jz_menu` WHERE `parentid` = 232 AND `status` = 1 ORDER BY `listorder` ASC  [ RunTime:0.0004s ]
SQL: SELECT * FROM `jz_menu` WHERE `parentid` = 225 AND `status` = 1 ORDER BY `listorder` ASC  [ RunTime:0.0004s ]
SQL: SELECT `role_id` FROM jz_role_user a INNER JOIN jz_role as b on a.role_id =b.id  WHERE `user_id` = '27' AND `status` = 1  [ RunTime:0.0004s ]
SQL: SELECT `role_id` FROM jz_role_user a INNER JOIN jz_role as b on a.role_id =b.id  WHERE `user_id` = '27' AND `status` = 1  [ RunTime:0.0004s ]
SQL: SELECT * FROM `jz_menu` WHERE `parentid` = 226 AND `status` = 1 ORDER BY `listorder` ASC  [ RunTime:0.0004s ]
SQL: SELECT * FROM `jz_menu` WHERE `parentid` = 227 AND `status` = 1 ORDER BY `listorder` ASC  [ RunTime:0.0004s ]
SQL: SELECT * FROM `jz_menu` WHERE `parentid` = 40 AND `status` = 1 ORDER BY `listorder` ASC  [ RunTime:0.0004s ]
SQL: SELECT `role_id` FROM jz_role_user a INNER JOIN jz_role as b on a.role_id =b.id  WHERE `user_id` = '27' AND `status` = 1  [ RunTime:0.0004s ]
SQL: SELECT `role_id` FROM jz_role_user a INNER JOIN jz_role as b on a.role_id =b.id  WHERE `user_id` = '27' AND `status` = 1  [ RunTime:0.0004s ]
SQL: SELECT * FROM `jz_menu` WHERE `parentid` = 41 AND `status` = 1 ORDER BY `listorder` ASC  [ RunTime:0.0004s ]
SQL: SELECT * FROM `jz_menu` WHERE `parentid` = 42 AND `status` = 1 ORDER BY `listorder` ASC  [ RunTime:0.0004s ]
SQL: SELECT * FROM `jz_menu` WHERE `parentid` = 221 AND `status` = 1 ORDER BY `listorder` ASC  [ RunTime:0.0004s ]
SQL: SELECT `role_id` FROM jz_role_user a INNER JOIN jz_role as b on a.role_id =b.id  WHERE `user_id` = '27' AND `status` = 1  [ RunTime:0.0004s ]
SQL: SELECT `role_id` FROM jz_role_user a INNER JOIN jz_role as b on a.role_id =b.id  WHERE `user_id` = '27' AND `status` = 1  [ RunTime:0.0004s ]
SQL: SELECT `role_id` FROM jz_role_user a INNER JOIN jz_role as b on a.role_id =b.id  WHERE `user_id` = '27' AND `status` = 1  [ RunTime:0.0004s ]
SQL: SELECT * FROM `jz_menu` WHERE `parentid` = 222 AND `status` = 1 ORDER BY `listorder` ASC  [ RunTime:0.0004s ]
SQL: SELECT * FROM `jz_menu` WHERE `parentid` = 223 AND `status` = 1 ORDER BY `listorder` ASC  [ RunTime:0.0004s ]
SQL: SELECT * FROM `jz_menu` WHERE `parentid` = 228 AND `status` = 1 ORDER BY `listorder` ASC  [ RunTime:0.0004s ]
INFO: [ view_parse ] --START--
INFO: [ template_filter ] --START--
INFO: Run Behavior\ContentReplaceBehavior [ RunTime:0.000303s ]
INFO: [ template_filter ] --END-- [ RunTime:0.000382s ]
SQL: SELECT `role_id` FROM jz_role_user a INNER JOIN jz_role as b on a.role_id =b.id  WHERE `user_id` = '27' AND `status` = 1  [ RunTime:0.0006s ]
SQL: SELECT `role_id` FROM jz_role_user a INNER JOIN jz_role as b on a.role_id =b.id  WHERE `user_id` = '27' AND `status` = 1  [ RunTime:0.0004s ]
SQL: SELECT `role_id` FROM jz_role_user a INNER JOIN jz_role as b on a.role_id =b.id  WHERE `user_id` = '27' AND `status` = 1  [ RunTime:0.0004s ]
NOTIC: [8] Undefined variable: Think /www/wwwroot/niulaile.qzkvd.com/data/runtime/Cache/Admin/5fbeb4d50be835b15c35a2bc40c02ee0.php 第 167 行.
SQL: SELECT `role_id` FROM jz_role_user a INNER JOIN jz_role as b on a.role_id =b.id  WHERE `user_id` = '27' AND `status` = 1  [ RunTime:0.0004s ]
SQL: SELECT `role_id` FROM jz_role_user a INNER JOIN jz_role as b on a.role_id =b.id  WHERE `user_id` = '27' AND `status` = 1  [ RunTime:0.0004s ]
SQL: SELECT `role_id` FROM jz_role_user a INNER JOIN jz_role as b on a.role_id =b.id  WHERE `user_id` = '27' AND `status` = 1  [ RunTime:0.0004s ]
INFO: Run Behavior\ParseTemplateBehavior [ RunTime:0.031240s ]
INFO: [ view_parse ] --END-- [ RunTime:0.031310s ]
INFO: [ view_filter ] --START--
INFO: Run Behavior\WriteHtmlCacheBehavior [ RunTime:0.000883s ]
INFO: Run Common\Behavior\TmplStripSpaceBehavior [ RunTime:0.001088s ]
INFO: [ view_filter ] --END-- [ RunTime:0.002103s ]
INFO: [ app_end ] --START--
INFO: Run Behavior\ShowPageTraceBehavior [ RunTime:0.001591s ]
INFO: [ app_end ] --END-- [ RunTime:0.001686s ]

[ 2018-05-14T16:08:58+08:00 ] 222.208.150.64 /Admin/Main/index
INFO: [ app_begin ] --START--
INFO: Run Behavior\ReadHtmlCacheBehavior [ RunTime:0.001560s ]
INFO: Run Behavior\CheckLangBehavior [ RunTime:0.003141s ]
INFO: Run Common\Behavior\UrldecodeGetBehavior [ RunTime:0.000973s ]
INFO: [ app_begin ] --END-- [ RunTime:0.006819s ]
INFO: [ admin_begin ] --START--
INFO: Run Common\Behavior\AdminDefaultLangBehavior [ RunTime:0.003733s ]
INFO: [ admin_begin ] --END-- [ RunTime:0.003878s ]
SQL: SHOW COLUMNS FROM `jz_options` [ RunTime:0.0027s ]
SQL: SELECT `option_value` FROM `jz_options` WHERE `option_name` = 'bonus' LIMIT 1   [ RunTime:0.0004s ]
SQL: SHOW COLUMNS FROM `jz_users` [ RunTime:0.0032s ]
SQL: SELECT * FROM `jz_users` WHERE `id` = '27' LIMIT 1   [ RunTime:0.0005s ]
SQL: select VERSION() as version [ RunTime:0.0005s ]
INFO: [ view_parse ] --START--
INFO: [ template_filter ] --START--
INFO: Run Behavior\ContentReplaceBehavior [ RunTime:0.000118s ]
INFO: [ template_filter ] --END-- [ RunTime:0.000193s ]
INFO: Run Behavior\ParseTemplateBehavior [ RunTime:0.020483s ]
INFO: [ view_parse ] --END-- [ RunTime:0.020572s ]
INFO: [ view_filter ] --START--
INFO: Run Behavior\WriteHtmlCacheBehavior [ RunTime:0.000860s ]
INFO: Run Common\Behavior\TmplStripSpaceBehavior [ RunTime:0.000930s ]
INFO: [ view_filter ] --END-- [ RunTime:0.001914s ]
INFO: [ app_end ] --START--
INFO: Run Behavior\ShowPageTraceBehavior [ RunTime:0.001604s ]
INFO: [ app_end ] --END-- [ RunTime:0.001679s ]

[ 2018-05-14T16:38:49+08:00 ] 222.208.150.64 /admin/public/login
INFO: [ app_begin ] --START--
INFO: Run Behavior\ReadHtmlCacheBehavior [ RunTime:0.001533s ]
INFO: Run Behavior\CheckLangBehavior [ RunTime:0.002883s ]
INFO: Run Common\Behavior\UrldecodeGetBehavior [ RunTime:0.000918s ]
INFO: [ app_begin ] --END-- [ RunTime:0.006494s ]
INFO: [ admin_begin ] --START--
INFO: Run Common\Behavior\AdminDefaultLangBehavior [ RunTime:0.003282s ]
INFO: [ admin_begin ] --END-- [ RunTime:0.003417s ]

[ 2018-05-14T16:38:49+08:00 ] 222.208.150.64 /admin/index/index
INFO: [ app_begin ] --START--
INFO: Run Behavior\ReadHtmlCacheBehavior [ RunTime:0.001541s ]
INFO: Run Behavior\CheckLangBehavior [ RunTime:0.002660s ]
INFO: Run Common\Behavior\UrldecodeGetBehavior [ RunTime:0.000917s ]
INFO: [ app_begin ] --END-- [ RunTime:0.006377s ]
INFO: [ admin_begin ] --START--
INFO: Run Common\Behavior\AdminDefaultLangBehavior [ RunTime:0.003591s ]
INFO: [ admin_begin ] --END-- [ RunTime:0.003698s ]
SQL: SHOW COLUMNS FROM `jz_options` [ RunTime:0.0027s ]
SQL: SELECT `option_value` FROM `jz_options` WHERE `option_name` = 'bonus' LIMIT 1   [ RunTime:0.0004s ]
SQL: SHOW COLUMNS FROM `jz_users` [ RunTime:0.0033s ]
SQL: SELECT * FROM `jz_users` WHERE `id` = '27' LIMIT 1   [ RunTime:0.0005s ]
SQL: SHOW COLUMNS FROM `jz_menu` [ RunTime:0.0030s ]
SQL: SELECT * FROM `jz_menu` WHERE `parentid` = 0 AND `status` = 1 ORDER BY `listorder` ASC  [ RunTime:0.0004s ]
SQL: SHOW COLUMNS FROM `jz_role_user` [ RunTime:0.0027s ]
SQL: SELECT `role_id` FROM jz_role_user a INNER JOIN jz_role as b on a.role_id =b.id  WHERE `user_id` = '27' AND `status` = 1  [ RunTime:0.0004s ]
SQL: SELECT `role_id` FROM jz_role_user a INNER JOIN jz_role as b on a.role_id =b.id  WHERE `user_id` = '27' AND `status` = 1  [ RunTime:0.0004s ]
SQL: SELECT `role_id` FROM jz_role_user a INNER JOIN jz_role as b on a.role_id =b.id  WHERE `user_id` = '27' AND `status` = 1  [ RunTime:0.0004s ]
SQL: SELECT `role_id` FROM jz_role_user a INNER JOIN jz_role as b on a.role_id =b.id  WHERE `user_id` = '27' AND `status` = 1  [ RunTime:0.0004s ]
SQL: SELECT `role_id` FROM jz_role_user a INNER JOIN jz_role as b on a.role_id =b.id  WHERE `user_id` = '27' AND `status` = 1  [ RunTime:0.0004s ]
SQL: SELECT * FROM `jz_menu` WHERE `parentid` = 109 AND `status` = 1 ORDER BY `listorder` ASC  [ RunTime:0.0004s ]
SQL: SELECT `role_id` FROM jz_role_user a INNER JOIN jz_role as b on a.role_id =b.id  WHERE `user_id` = '27' AND `status` = 1  [ RunTime:0.0004s ]
SQL: SELECT `role_id` FROM jz_role_user a INNER JOIN jz_role as b on a.role_id =b.id  WHERE `user_id` = '27' AND `status` = 1  [ RunTime:0.0004s ]
SQL: SELECT `role_id` FROM jz_role_user a INNER JOIN jz_role as b on a.role_id =b.id  WHERE `user_id` = '27' AND `status` = 1  [ RunTime:0.0004s ]
SQL: SELECT * FROM `jz_menu` WHERE `parentid` = 110 AND `status` = 1 ORDER BY `listorder` ASC  [ RunTime:0.0004s ]
SQL: SELECT `role_id` FROM jz_role_user a INNER JOIN jz_role as b on a.role_id =b.id  WHERE `user_id` = '27' AND `status` = 1  [ RunTime:0.0004s ]
SQL: SELECT `role_id` FROM jz_role_user a INNER JOIN jz_role as b on a.role_id =b.id  WHERE `user_id` = '27' AND `status` = 1  [ RunTime:0.0004s ]
SQL: SELECT * FROM `jz_menu` WHERE `parentid` = 111 AND `status` = 1 ORDER BY `listorder` ASC  [ RunTime:0.0004s ]
SQL: SELECT * FROM `jz_menu` WHERE `parentid` = 113 AND `status` = 1 ORDER BY `listorder` ASC  [ RunTime:0.0004s ]
SQL: SELECT * FROM `jz_menu` WHERE `parentid` = 115 AND `status` = 1 ORDER BY `listorder` ASC  [ RunTime:0.0004s ]
SQL: SELECT * FROM `jz_menu` WHERE `parentid` = 139 AND `status` = 1 ORDER BY `listorder` ASC  [ RunTime:0.0004s ]
SQL: SELECT `role_id` FROM jz_role_user a INNER JOIN jz_role as b on a.role_id =b.id  WHERE `user_id` = '27' AND `status` = 1  [ RunTime:0.0004s ]
SQL: SELECT * FROM `jz_menu` WHERE `parentid` = 149 AND `status` = 1 ORDER BY `listorder` ASC  [ RunTime:0.0005s ]
SQL: SELECT * FROM `jz_menu` WHERE `parentid` = 188 AND `status` = 1 ORDER BY `listorder` ASC  [ RunTime:0.0004s ]
SQL: SELECT `role_id` FROM jz_role_user a INNER JOIN jz_role as b on a.role_id =b.id  WHERE `user_id` = '27' AND `status` = 1  [ RunTime:0.0004s ]
SQL: SELECT `role_id` FROM jz_role_user a INNER JOIN jz_role as b on a.role_id =b.id  WHERE `user_id` = '27' AND `status` = 1  [ RunTime:0.0004s ]
SQL: SELECT `role_id` FROM jz_role_user a INNER JOIN jz_role as b on a.role_id =b.id  WHERE `user_id` = '27' AND `status` = 1  [ RunTime:0.0004s ]
SQL: SELECT * FROM `jz_menu` WHERE `parentid` = 189 AND `status` = 1 ORDER BY `listorder` ASC  [ RunTime:0.0004s ]
SQL: SELECT * FROM `jz_menu` WHERE `parentid` = 190 AND `status` = 1 ORDER BY `listorder` ASC  [ RunTime:0.0004s ]
SQL: SELECT * FROM `jz_menu` WHERE `parentid` = 232 AND `status` = 1 ORDER BY `listorder` ASC  [ RunTime:0.0004s ]
SQL: SELECT * FROM `jz_menu` WHERE `parentid` = 225 AND `status` = 1 ORDER BY `listorder` ASC  [ RunTime:0.0004s ]
SQL: SELECT `role_id` FROM jz_role_user a INNER JOIN jz_role as b on a.role_id =b.id  WHERE `user_id` = '27' AND `status` = 1  [ RunTime:0.0004s ]
SQL: SELECT `role_id` FROM jz_role_user a INNER JOIN jz_role as b on a.role_id =b.id  WHERE `user_id` = '27' AND `status` = 1  [ RunTime:0.0004s ]
SQL: SELECT * FROM `jz_menu` WHERE `parentid` = 226 AND `status` = 1 ORDER BY `listorder` ASC  [ RunTime:0.0004s ]
SQL: SELECT * FROM `jz_menu` WHERE `parentid` = 227 AND `status` = 1 ORDER BY `listorder` ASC  [ RunTime:0.0004s ]
SQL: SELECT * FROM `jz_menu` WHERE `parentid` = 40 AND `status` = 1 ORDER BY `listorder` ASC  [ RunTime:0.0004s ]
SQL: SELECT `role_id` FROM jz_role_user a INNER JOIN jz_role as b on a.role_id =b.id  WHERE `user_id` = '27' AND `status` = 1  [ RunTime:0.0004s ]
SQL: SELECT `role_id` FROM jz_role_user a INNER JOIN jz_role as b on a.role_id =b.id  WHERE `user_id` = '27' AND `status` = 1  [ RunTime:0.0004s ]
SQL: SELECT * FROM `jz_menu` WHERE `parentid` = 41 AND `status` = 1 ORDER BY `listorder` ASC  [ RunTime:0.0004s ]
SQL: SELECT * FROM `jz_menu` WHERE `parentid` = 42 AND `status` = 1 ORDER BY `listorder` ASC  [ RunTime:0.0004s ]
SQL: SELECT * FROM `jz_menu` WHERE `parentid` = 221 AND `status` = 1 ORDER BY `listorder` ASC  [ RunTime:0.0004s ]
SQL: SELECT `role_id` FROM jz_role_user a INNER JOIN jz_role as b on a.role_id =b.id  WHERE `user_id` = '27' AND `status` = 1  [ RunTime:0.0004s ]
SQL: SELECT `role_id` FROM jz_role_user a INNER JOIN jz_role as b on a.role_id =b.id  WHERE `user_id` = '27' AND `status` = 1  [ RunTime:0.0004s ]
SQL: SELECT `role_id` FROM jz_role_user a INNER JOIN jz_role as b on a.role_id =b.id  WHERE `user_id` = '27' AND `status` = 1  [ RunTime:0.0004s ]
SQL: SELECT * FROM `jz_menu` WHERE `parentid` = 222 AND `status` = 1 ORDER BY `listorder` ASC  [ RunTime:0.0004s ]
SQL: SELECT * FROM `jz_menu` WHERE `parentid` = 223 AND `status` = 1 ORDER BY `listorder` ASC  [ RunTime:0.0004s ]
SQL: SELECT * FROM `jz_menu` WHERE `parentid` = 228 AND `status` = 1 ORDER BY `listorder` ASC  [ RunTime:0.0004s ]
INFO: [ view_parse ] --START--
INFO: [ template_filter ] --START--
INFO: Run Behavior\ContentReplaceBehavior [ RunTime:0.000413s ]
INFO: [ template_filter ] --END-- [ RunTime:0.000562s ]
SQL: SELECT `role_id` FROM jz_role_user a INNER JOIN jz_role as b on a.role_id =b.id  WHERE `user_id` = '27' AND `status` = 1  [ RunTime:0.0027s ]
SQL: SELECT `role_id` FROM jz_role_user a INNER JOIN jz_role as b on a.role_id =b.id  WHERE `user_id` = '27' AND `status` = 1  [ RunTime:0.0004s ]
SQL: SELECT `role_id` FROM jz_role_user a INNER JOIN jz_role as b on a.role_id =b.id  WHERE `user_id` = '27' AND `status` = 1  [ RunTime:0.0004s ]
NOTIC: [8] Undefined variable: Think /www/wwwroot/niulaile.qzkvd.com/data/runtime/Cache/Admin/5fbeb4d50be835b15c35a2bc40c02ee0.php 第 167 行.
SQL: SELECT `role_id` FROM jz_role_user a INNER JOIN jz_role as b on a.role_id =b.id  WHERE `user_id` = '27' AND `status` = 1  [ RunTime:0.0004s ]
SQL: SELECT `role_id` FROM jz_role_user a INNER JOIN jz_role as b on a.role_id =b.id  WHERE `user_id` = '27' AND `status` = 1  [ RunTime:0.0004s ]
SQL: SELECT `role_id` FROM jz_role_user a INNER JOIN jz_role as b on a.role_id =b.id  WHERE `user_id` = '27' AND `status` = 1  [ RunTime:0.0004s ]
INFO: Run Behavior\ParseTemplateBehavior [ RunTime:0.036205s ]
INFO: [ view_parse ] --END-- [ RunTime:0.036306s ]
INFO: [ view_filter ] --START--
INFO: Run Behavior\WriteHtmlCacheBehavior [ RunTime:0.000982s ]
INFO: Run Common\Behavior\TmplStripSpaceBehavior [ RunTime:0.001036s ]
INFO: [ view_filter ] --END-- [ RunTime:0.002173s ]
INFO: [ app_end ] --START--
INFO: Run Behavior\ShowPageTraceBehavior [ RunTime:0.001747s ]
INFO: [ app_end ] --END-- [ RunTime:0.001852s ]

[ 2018-05-14T16:38:50+08:00 ] 222.208.150.64 /Admin/Main/index
INFO: [ app_begin ] --START--
INFO: Run Behavior\ReadHtmlCacheBehavior [ RunTime:0.001536s ]
INFO: Run Behavior\CheckLangBehavior [ RunTime:0.003208s ]
INFO: Run Common\Behavior\UrldecodeGetBehavior [ RunTime:0.000931s ]
INFO: [ app_begin ] --END-- [ RunTime:0.006866s ]
INFO: [ admin_begin ] --START--
INFO: Run Common\Behavior\AdminDefaultLangBehavior [ RunTime:0.003808s ]
INFO: [ admin_begin ] --END-- [ RunTime:0.003914s ]
SQL: SHOW COLUMNS FROM `jz_options` [ RunTime:0.0027s ]
SQL: SELECT `option_value` FROM `jz_options` WHERE `option_name` = 'bonus' LIMIT 1   [ RunTime:0.0004s ]
SQL: SHOW COLUMNS FROM `jz_users` [ RunTime:0.0033s ]
SQL: SELECT * FROM `jz_users` WHERE `id` = '27' LIMIT 1   [ RunTime:0.0005s ]
SQL: select VERSION() as version [ RunTime:0.0005s ]
INFO: [ view_parse ] --START--
INFO: [ template_filter ] --START--
INFO: Run Behavior\ContentReplaceBehavior [ RunTime:0.000116s ]
INFO: [ template_filter ] --END-- [ RunTime:0.000190s ]
INFO: Run Behavior\ParseTemplateBehavior [ RunTime:0.020403s ]
INFO: [ view_parse ] --END-- [ RunTime:0.020528s ]
INFO: [ view_filter ] --START--
INFO: Run Behavior\WriteHtmlCacheBehavior [ RunTime:0.000831s ]
INFO: Run Common\Behavior\TmplStripSpaceBehavior [ RunTime:0.000904s ]
INFO: [ view_filter ] --END-- [ RunTime:0.001926s ]
INFO: [ app_end ] --START--
INFO: Run Behavior\ShowPageTraceBehavior [ RunTime:0.001552s ]
INFO: [ app_end ] --END-- [ RunTime:0.001632s ]

[ 2018-05-14T20:15:26+08:00 ] 182.200.19.99 /index.php?g=admin&m=public&a=login
INFO: [ app_begin ] --START--
INFO: Run Behavior\ReadHtmlCacheBehavior [ RunTime:0.001526s ]
INFO: Run Behavior\CheckLangBehavior [ RunTime:0.002783s ]
INFO: Run Common\Behavior\UrldecodeGetBehavior [ RunTime:0.000903s ]
INFO: [ app_begin ] --END-- [ RunTime:0.006366s ]
INFO: [ admin_begin ] --START--
INFO: Run Common\Behavior\AdminDefaultLangBehavior [ RunTime:0.003273s ]
INFO: [ admin_begin ] --END-- [ RunTime:0.003376s ]
INFO: [ view_parse ] --START--
INFO: [ template_filter ] --START--
INFO: Run Behavior\ContentReplaceBehavior [ RunTime:0.000109s ]
INFO: [ template_filter ] --END-- [ RunTime:0.000188s ]
INFO: Run Behavior\ParseTemplateBehavior [ RunTime:0.018651s ]
INFO: [ view_parse ] --END-- [ RunTime:0.018736s ]
INFO: [ view_filter ] --START--
INFO: Run Behavior\WriteHtmlCacheBehavior [ RunTime:0.000820s ]
INFO: Run Common\Behavior\TmplStripSpaceBehavior [ RunTime:0.000940s ]
INFO: [ view_filter ] --END-- [ RunTime:0.001926s ]
INFO: [ app_end ] --START--
INFO: Run Behavior\ShowPageTraceBehavior [ RunTime:0.001549s ]
INFO: [ app_end ] --END-- [ RunTime:0.001633s ]

[ 2018-05-14T20:15:36+08:00 ] 182.200.19.99 /Admin/public/dologin
INFO: [ app_begin ] --START--
INFO: Run Behavior\ReadHtmlCacheBehavior [ RunTime:0.001504s ]
INFO: Run Behavior\CheckLangBehavior [ RunTime:0.002705s ]
INFO: Run Common\Behavior\UrldecodeGetBehavior [ RunTime:0.000910s ]
INFO: [ app_begin ] --END-- [ RunTime:0.006309s ]
INFO: [ admin_begin ] --START--
INFO: Run Common\Behavior\AdminDefaultLangBehavior [ RunTime:0.003330s ]
INFO: [ admin_begin ] --END-- [ RunTime:0.003431s ]
SQL: SHOW COLUMNS FROM `jz_users` [ RunTime:0.0032s ]
SQL: SELECT * FROM `jz_users` WHERE `user_login` = 'admin' LIMIT 1   [ RunTime:0.0011s ]

[ 2018-05-14T20:15:50+08:00 ] 182.200.19.99 /Admin/public/dologin
INFO: [ app_begin ] --START--
INFO: Run Behavior\ReadHtmlCacheBehavior [ RunTime:0.001541s ]
INFO: Run Behavior\CheckLangBehavior [ RunTime:0.002701s ]
INFO: Run Common\Behavior\UrldecodeGetBehavior [ RunTime:0.000922s ]
INFO: [ app_begin ] --END-- [ RunTime:0.006313s ]
INFO: [ admin_begin ] --START--
INFO: Run Common\Behavior\AdminDefaultLangBehavior [ RunTime:0.003325s ]
INFO: [ admin_begin ] --END-- [ RunTime:0.003424s ]
SQL: SHOW COLUMNS FROM `jz_users` [ RunTime:0.0033s ]
SQL: SELECT * FROM `jz_users` WHERE `user_email` = 'jb@bb.bb' LIMIT 1   [ RunTime:0.0010s ]

[ 2018-05-14T20:16:02+08:00 ] 182.200.19.99 /Admin/public/dologin
INFO: [ app_begin ] --START--
INFO: Run Behavior\ReadHtmlCacheBehavior [ RunTime:0.001556s ]
INFO: Run Behavior\CheckLangBehavior [ RunTime:0.002670s ]
INFO: Run Common\Behavior\UrldecodeGetBehavior [ RunTime:0.000926s ]
INFO: [ app_begin ] --END-- [ RunTime:0.006265s ]
INFO: [ admin_begin ] --START--
INFO: Run Common\Behavior\AdminDefaultLangBehavior [ RunTime:0.003317s ]
INFO: [ admin_begin ] --END-- [ RunTime:0.003414s ]
SQL: SHOW COLUMNS FROM `jz_users` [ RunTime:0.0033s ]
SQL: SELECT * FROM `jz_users` WHERE `user_email` = 'zxz@qq.com' LIMIT 1   [ RunTime:0.0010s ]

[ 2018-05-14T20:16:11+08:00 ] 182.200.19.99 /Admin/public/dologin
INFO: [ app_begin ] --START--
INFO: Run Behavior\ReadHtmlCacheBehavior [ RunTime:0.001541s ]
INFO: Run Behavior\CheckLangBehavior [ RunTime:0.002723s ]
INFO: Run Common\Behavior\UrldecodeGetBehavior [ RunTime:0.000925s ]
INFO: [ app_begin ] --END-- [ RunTime:0.006342s ]
INFO: [ admin_begin ] --START--
INFO: Run Common\Behavior\AdminDefaultLangBehavior [ RunTime:0.003385s ]
INFO: [ admin_begin ] --END-- [ RunTime:0.003517s ]
SQL: SHOW COLUMNS FROM `jz_users` [ RunTime:0.0032s ]
SQL: SELECT * FROM `jz_users` WHERE `user_email` = '2@qq.com' LIMIT 1   [ RunTime:0.0010s ]

[ 2018-05-14T20:16:19+08:00 ] 182.200.19.99 /Admin/public/dologin
INFO: [ app_begin ] --START--
INFO: Run Behavior\ReadHtmlCacheBehavior [ RunTime:0.001493s ]
INFO: Run Behavior\CheckLangBehavior [ RunTime:0.002680s ]
INFO: Run Common\Behavior\UrldecodeGetBehavior [ RunTime:0.000914s ]
INFO: [ app_begin ] --END-- [ RunTime:0.006227s ]
INFO: [ admin_begin ] --START--
INFO: Run Common\Behavior\AdminDefaultLangBehavior [ RunTime:0.003268s ]
INFO: [ admin_begin ] --END-- [ RunTime:0.003402s ]
SQL: SHOW COLUMNS FROM `jz_users` [ RunTime:0.0034s ]
SQL: SELECT * FROM `jz_users` WHERE `user_email` = '1@qq.com' LIMIT 1   [ RunTime:0.0010s ]

[ 2018-05-14T20:16:26+08:00 ] 182.200.19.99 /Admin/public/dologin
INFO: [ app_begin ] --START--
INFO: Run Behavior\ReadHtmlCacheBehavior [ RunTime:0.001556s ]
INFO: Run Behavior\CheckLangBehavior [ RunTime:0.002671s ]
INFO: Run Common\Behavior\UrldecodeGetBehavior [ RunTime:0.000939s ]
INFO: [ app_begin ] --END-- [ RunTime:0.006276s ]
INFO: [ admin_begin ] --START--
INFO: Run Common\Behavior\AdminDefaultLangBehavior [ RunTime:0.003322s ]
INFO: [ admin_begin ] --END-- [ RunTime:0.003420s ]

[ 2018-05-14T20:16:31+08:00 ] 182.200.19.99 /Admin/public/dologin
INFO: [ app_begin ] --START--
INFO: Run Behavior\ReadHtmlCacheBehavior [ RunTime:0.001548s ]
INFO: Run Behavior\CheckLangBehavior [ RunTime:0.002680s ]
INFO: Run Common\Behavior\UrldecodeGetBehavior [ RunTime:0.000877s ]
INFO: [ app_begin ] --END-- [ RunTime:0.006291s ]
INFO: [ admin_begin ] --START--
INFO: Run Common\Behavior\AdminDefaultLangBehavior [ RunTime:0.003284s ]
INFO: [ admin_begin ] --END-- [ RunTime:0.003382s ]
SQL: SHOW COLUMNS FROM `jz_users` [ RunTime:0.0032s ]
SQL: SELECT * FROM `jz_users` WHERE `user_email` = 'leo219@qq.com' LIMIT 1   [ RunTime:0.0010s ]

[ 2018-05-14T20:16:40+08:00 ] 182.200.19.99 /Admin/public/dologin
INFO: [ app_begin ] --START--
INFO: Run Behavior\ReadHtmlCacheBehavior [ RunTime:0.001558s ]
INFO: Run Behavior\CheckLangBehavior [ RunTime:0.002647s ]
INFO: Run Common\Behavior\UrldecodeGetBehavior [ RunTime:0.000903s ]
INFO: [ app_begin ] --END-- [ RunTime:0.006252s ]
INFO: [ admin_begin ] --START--
INFO: Run Common\Behavior\AdminDefaultLangBehavior [ RunTime:0.003285s ]
INFO: [ admin_begin ] --END-- [ RunTime:0.003384s ]
SQL: SHOW COLUMNS FROM `jz_users` [ RunTime:0.0032s ]
SQL: SELECT * FROM `jz_users` WHERE `user_email` = 'leo219@qq.com' LIMIT 1   [ RunTime:0.0006s ]

[ 2018-05-14T20:16:47+08:00 ] 182.200.19.99 /Admin/public/dologin
INFO: [ app_begin ] --START--
INFO: Run Behavior\ReadHtmlCacheBehavior [ RunTime:0.001552s ]
INFO: Run Behavior\CheckLangBehavior [ RunTime:0.002665s ]
INFO: Run Common\Behavior\UrldecodeGetBehavior [ RunTime:0.000924s ]
INFO: [ app_begin ] --END-- [ RunTime:0.006289s ]
INFO: [ admin_begin ] --START--
INFO: Run Common\Behavior\AdminDefaultLangBehavior [ RunTime:0.003284s ]
INFO: [ admin_begin ] --END-- [ RunTime:0.003383s ]
SQL: SHOW COLUMNS FROM `jz_users` [ RunTime:0.0032s ]
SQL: SELECT * FROM `jz_users` WHERE `user_email` = 'leo219@qq.com' LIMIT 1   [ RunTime:0.0006s ]

[ 2018-05-14T20:16:54+08:00 ] 182.200.19.99 /Admin/public/dologin
INFO: [ app_begin ] --START--
INFO: Run Behavior\ReadHtmlCacheBehavior [ RunTime:0.001503s ]
INFO: Run Behavior\CheckLangBehavior [ RunTime:0.002682s ]
INFO: Run Common\Behavior\UrldecodeGetBehavior [ RunTime:0.000906s ]
INFO: [ app_begin ] --END-- [ RunTime:0.006232s ]
INFO: [ admin_begin ] --START--
INFO: Run Common\Behavior\AdminDefaultLangBehavior [ RunTime:0.003310s ]
INFO: [ admin_begin ] --END-- [ RunTime:0.003408s ]
SQL: SHOW COLUMNS FROM `jz_users` [ RunTime:0.0033s ]
SQL: SELECT * FROM `jz_users` WHERE `user_email` = 'leo219@qq.com' LIMIT 1   [ RunTime:0.0006s ]

[ 2018-05-14T20:17:01+08:00 ] 182.200.19.99 /Admin/public/dologin
INFO: [ app_begin ] --START--
INFO: Run Behavior\ReadHtmlCacheBehavior [ RunTime:0.001778s ]
INFO: Run Behavior\CheckLangBehavior [ RunTime:0.002694s ]
INFO: Run Common\Behavior\UrldecodeGetBehavior [ RunTime:0.000916s ]
INFO: [ app_begin ] --END-- [ RunTime:0.006733s ]
INFO: [ admin_begin ] --START--
INFO: Run Common\Behavior\AdminDefaultLangBehavior [ RunTime:0.003365s ]
INFO: [ admin_begin ] --END-- [ RunTime:0.003465s ]
SQL: SHOW COLUMNS FROM `jz_users` [ RunTime:0.0032s ]
SQL: SELECT * FROM `jz_users` WHERE `user_email` = 'leo219@qq.com' LIMIT 1   [ RunTime:0.0006s ]

[ 2018-05-14T20:17:07+08:00 ] 182.200.19.99 /Admin/public/dologin
INFO: [ app_begin ] --START--
INFO: Run Behavior\ReadHtmlCacheBehavior [ RunTime:0.001528s ]
INFO: Run Behavior\CheckLangBehavior [ RunTime:0.002690s ]
INFO: Run Common\Behavior\UrldecodeGetBehavior [ RunTime:0.000906s ]
INFO: [ app_begin ] --END-- [ RunTime:0.006267s ]
INFO: [ admin_begin ] --START--
INFO: Run Common\Behavior\AdminDefaultLangBehavior [ RunTime:0.003299s ]
INFO: [ admin_begin ] --END-- [ RunTime:0.003399s ]
SQL: SHOW COLUMNS FROM `jz_users` [ RunTime:0.0032s ]
SQL: SELECT * FROM `jz_users` WHERE `user_email` = 'leo219@qq.com' LIMIT 1   [ RunTime:0.0006s ]

[ 2018-05-14T20:17:15+08:00 ] 182.200.19.99 /Admin/public/dologin
INFO: [ app_begin ] --START--
INFO: Run Behavior\ReadHtmlCacheBehavior [ RunTime:0.001535s ]
INFO: Run Behavior\CheckLangBehavior [ RunTime:0.002745s ]
INFO: Run Common\Behavior\UrldecodeGetBehavior [ RunTime:0.000920s ]
INFO: [ app_begin ] --END-- [ RunTime:0.006346s ]
INFO: [ admin_begin ] --START--
INFO: Run Common\Behavior\AdminDefaultLangBehavior [ RunTime:0.003341s ]
INFO: [ admin_begin ] --END-- [ RunTime:0.003439s ]
SQL: SHOW COLUMNS FROM `jz_users` [ RunTime:0.0033s ]
SQL: SELECT * FROM `jz_users` WHERE `user_email` = 'leo219@qq.com' LIMIT 1   [ RunTime:0.0006s ]

[ 2018-05-14T20:17:23+08:00 ] 182.200.19.99 /Admin/public/dologin
INFO: [ app_begin ] --START--
INFO: Run Behavior\ReadHtmlCacheBehavior [ RunTime:0.001528s ]
INFO: Run Behavior\CheckLangBehavior [ RunTime:0.002690s ]
INFO: Run Common\Behavior\UrldecodeGetBehavior [ RunTime:0.000908s ]
INFO: [ app_begin ] --END-- [ RunTime:0.006319s ]
INFO: [ admin_begin ] --START--
INFO: Run Common\Behavior\AdminDefaultLangBehavior [ RunTime:0.003274s ]
INFO: [ admin_begin ] --END-- [ RunTime:0.003373s ]
SQL: SHOW COLUMNS FROM `jz_users` [ RunTime:0.0033s ]
SQL: SELECT * FROM `jz_users` WHERE `user_email` = 'leo219@qq.com' LIMIT 1   [ RunTime:0.0006s ]

[ 2018-05-14T20:17:32+08:00 ] 182.200.19.99 /Admin/public/dologin
INFO: [ app_begin ] --START--
INFO: Run Behavior\ReadHtmlCacheBehavior [ RunTime:0.001569s ]
INFO: Run Behavior\CheckLangBehavior [ RunTime:0.002693s ]
INFO: Run Common\Behavior\UrldecodeGetBehavior [ RunTime:0.000907s ]
INFO: [ app_begin ] --END-- [ RunTime:0.006305s ]
INFO: [ admin_begin ] --START--
INFO: Run Common\Behavior\AdminDefaultLangBehavior [ RunTime:0.003257s ]
INFO: [ admin_begin ] --END-- [ RunTime:0.003354s ]
SQL: SHOW COLUMNS FROM `jz_users` [ RunTime:0.0032s ]
SQL: SELECT * FROM `jz_users` WHERE `user_email` = 'leo219@qq.com' LIMIT 1   [ RunTime:0.0006s ]

[ 2018-05-14T20:17:41+08:00 ] 182.200.19.99 /Admin/public/dologin
INFO: [ app_begin ] --START--
INFO: Run Behavior\ReadHtmlCacheBehavior [ RunTime:0.001518s ]
INFO: Run Behavior\CheckLangBehavior [ RunTime:0.002680s ]
INFO: Run Common\Behavior\UrldecodeGetBehavior [ RunTime:0.000920s ]
INFO: [ app_begin ] --END-- [ RunTime:0.006262s ]
INFO: [ admin_begin ] --START--
INFO: Run Common\Behavior\AdminDefaultLangBehavior [ RunTime:0.003265s ]
INFO: [ admin_begin ] --END-- [ RunTime:0.003399s ]
SQL: SHOW COLUMNS FROM `jz_users` [ RunTime:0.0033s ]
SQL: SELECT * FROM `jz_users` WHERE `user_email` = 'leo219@qq.com' LIMIT 1   [ RunTime:0.0006s ]

[ 2018-05-14T20:17:59+08:00 ] 182.200.19.99 /Admin/public/dologin
INFO: [ app_begin ] --START--
INFO: Run Behavior\ReadHtmlCacheBehavior [ RunTime:0.001533s ]
INFO: Run Behavior\CheckLangBehavior [ RunTime:0.002684s ]
INFO: Run Common\Behavior\UrldecodeGetBehavior [ RunTime:0.000905s ]
INFO: [ app_begin ] --END-- [ RunTime:0.006289s ]
INFO: [ admin_begin ] --START--
INFO: Run Common\Behavior\AdminDefaultLangBehavior [ RunTime:0.003367s ]
INFO: [ admin_begin ] --END-- [ RunTime:0.003468s ]
SQL: SHOW COLUMNS FROM `jz_users` [ RunTime:0.0033s ]
SQL: SELECT * FROM `jz_users` WHERE `user_email` = 'leo219@qq.com' LIMIT 1   [ RunTime:0.0006s ]

[ 2018-05-14T20:18:07+08:00 ] 182.200.19.99 /Admin/public/dologin
INFO: [ app_begin ] --START--
INFO: Run Behavior\ReadHtmlCacheBehavior [ RunTime:0.001590s ]
INFO: Run Behavior\CheckLangBehavior [ RunTime:0.002720s ]
INFO: Run Common\Behavior\UrldecodeGetBehavior [ RunTime:0.000919s ]
INFO: [ app_begin ] --END-- [ RunTime:0.006368s ]
INFO: [ admin_begin ] --START--
INFO: Run Common\Behavior\AdminDefaultLangBehavior [ RunTime:0.003378s ]
INFO: [ admin_begin ] --END-- [ RunTime:0.003477s ]
SQL: SHOW COLUMNS FROM `jz_users` [ RunTime:0.0033s ]
SQL: SELECT * FROM `jz_users` WHERE `user_email` = 'leo219@qq.com' LIMIT 1   [ RunTime:0.0006s ]

[ 2018-05-14T20:18:17+08:00 ] 182.200.19.99 /Admin/public/dologin
INFO: [ app_begin ] --START--
INFO: Run Behavior\ReadHtmlCacheBehavior [ RunTime:0.001536s ]
INFO: Run Behavior\CheckLangBehavior [ RunTime:0.002723s ]
INFO: Run Common\Behavior\UrldecodeGetBehavior [ RunTime:0.000916s ]
INFO: [ app_begin ] --END-- [ RunTime:0.006321s ]
INFO: [ admin_begin ] --START--
INFO: Run Common\Behavior\AdminDefaultLangBehavior [ RunTime:0.003377s ]
INFO: [ admin_begin ] --END-- [ RunTime:0.003509s ]

[ 2018-05-14T20:18:21+08:00 ] 182.200.19.99 /Admin/public/dologin
INFO: [ app_begin ] --START--
INFO: Run Behavior\ReadHtmlCacheBehavior [ RunTime:0.001570s ]
INFO: Run Behavior\CheckLangBehavior [ RunTime:0.002614s ]
INFO: Run Common\Behavior\UrldecodeGetBehavior [ RunTime:0.000946s ]
INFO: [ app_begin ] --END-- [ RunTime:0.006274s ]
INFO: [ admin_begin ] --START--
INFO: Run Common\Behavior\AdminDefaultLangBehavior [ RunTime:0.003270s ]
INFO: [ admin_begin ] --END-- [ RunTime:0.003368s ]
SQL: SHOW COLUMNS FROM `jz_users` [ RunTime:0.0032s ]
SQL: SELECT * FROM `jz_users` WHERE `user_email` = 'leo219@qq.com' LIMIT 1   [ RunTime:0.0006s ]

[ 2018-05-14T20:18:33+08:00 ] 182.200.19.99 /Admin/public/dologin
INFO: [ app_begin ] --START--
INFO: Run Behavior\ReadHtmlCacheBehavior [ RunTime:0.001502s ]
INFO: Run Behavior\CheckLangBehavior [ RunTime:0.002704s ]
INFO: Run Common\Behavior\UrldecodeGetBehavior [ RunTime:0.000913s ]
INFO: [ app_begin ] --END-- [ RunTime:0.006284s ]
INFO: [ admin_begin ] --START--
INFO: Run Common\Behavior\AdminDefaultLangBehavior [ RunTime:0.003281s ]
INFO: [ admin_begin ] --END-- [ RunTime:0.003415s ]
SQL: SHOW COLUMNS FROM `jz_users` [ RunTime:0.0033s ]
SQL: SELECT * FROM `jz_users` WHERE `user_email` = 'leo219@qq.com' LIMIT 1   [ RunTime:0.0006s ]

[ 2018-05-14T20:18:46+08:00 ] 182.200.19.99 /Admin/public/dologin
INFO: [ app_begin ] --START--
INFO: Run Behavior\ReadHtmlCacheBehavior [ RunTime:0.001535s ]
INFO: Run Behavior\CheckLangBehavior [ RunTime:0.002651s ]
INFO: Run Common\Behavior\UrldecodeGetBehavior [ RunTime:0.000918s ]
INFO: [ app_begin ] --END-- [ RunTime:0.006247s ]
INFO: [ admin_begin ] --START--
INFO: Run Common\Behavior\AdminDefaultLangBehavior [ RunTime:0.003287s ]
INFO: [ admin_begin ] --END-- [ RunTime:0.003384s ]
SQL: SHOW COLUMNS FROM `jz_users` [ RunTime:0.0033s ]
SQL: SELECT * FROM `jz_users` WHERE `user_email` = 'leo219@qq.com' LIMIT 1   [ RunTime:0.0006s ]

