[ 2018-05-09T22:24:21+08:00 ] 58.39.77.20 /admin/manage/login.asp
INFO: [ app_begin ] --START--
INFO: Run Behavior\ReadHtmlCacheBehavior [ RunTime:0.008355s ]
INFO: Run Behavior\CheckLangBehavior [ RunTime:0.045028s ]
INFO: Run Common\Behavior\UrldecodeGetBehavior [ RunTime:0.009303s ]
INFO: [ app_begin ] --END-- [ RunTime:0.074833s ]
ERR: 无法加载控制器:Manage

[ 2018-05-09T22:24:22+08:00 ] 58.39.77.20 /admin/editor/include/md5.asp
INFO: [ app_begin ] --START--
INFO: Run Behavior\ReadHtmlCacheBehavior [ RunTime:0.010388s ]
INFO: Run Behavior\CheckLangBehavior [ RunTime:0.034094s ]
INFO: Run Common\Behavior\UrldecodeGetBehavior [ RunTime:0.011817s ]
INFO: [ app_begin ] --END-- [ RunTime:0.073323s ]
ERR: 无法加载控制器:Editor

[ 2018-05-09T22:24:22+08:00 ] 58.39.77.20 /admin/southidceditor/popup.asp
INFO: [ app_begin ] --START--
INFO: Run Behavior\ReadHtmlCacheBehavior [ RunTime:0.013595s ]
INFO: Run Behavior\CheckLangBehavior [ RunTime:0.038176s ]
INFO: Run Common\Behavior\UrldecodeGetBehavior [ RunTime:0.008064s ]
INFO: [ app_begin ] --END-- [ RunTime:0.073999s ]
ERR: 无法加载控制器:Southidceditor

[ 2018-05-09T22:24:22+08:00 ] 58.39.77.20 /admin/southidceditor/admin/admin_login.asp
INFO: [ app_begin ] --START--
INFO: Run Behavior\ReadHtmlCacheBehavior [ RunTime:0.012317s ]
INFO: Run Behavior\CheckLangBehavior [ RunTime:0.032407s ]
INFO: Run Common\Behavior\UrldecodeGetBehavior [ RunTime:0.011430s ]
INFO: [ app_begin ] --END-- [ RunTime:0.067395s ]
ERR: 无法加载控制器:Southidceditor

[ 2018-05-09T22:24:22+08:00 ] 58.39.77.20 /admin/editubb/ewebeditor.asp
INFO: [ app_begin ] --START--
INFO: Run Behavior\ReadHtmlCacheBehavior [ RunTime:0.006863s ]
INFO: Run Behavior\CheckLangBehavior [ RunTime:0.007303s ]
INFO: Run Common\Behavior\UrldecodeGetBehavior [ RunTime:0.001801s ]
INFO: [ app_begin ] --END-- [ RunTime:0.018537s ]
ERR: 无法加载控制器:Editubb

[ 2018-05-09T22:24:22+08:00 ] 58.39.77.20 /admin/editubb/db/dbwebedit%23cc495898.asp
INFO: [ app_begin ] --START--
INFO: Run Behavior\ReadHtmlCacheBehavior [ RunTime:0.001626s ]
INFO: Run Behavior\CheckLangBehavior [ RunTime:0.002748s ]
INFO: Run Common\Behavior\UrldecodeGetBehavior [ RunTime:0.000940s ]
INFO: [ app_begin ] --END-- [ RunTime:0.006541s ]
ERR: 无法加载控制器:Editubb

[ 2018-05-09T22:24:23+08:00 ] 58.39.77.20 /admin/editor/eWebEditor.asp
INFO: [ app_begin ] --START--
INFO: Run Behavior\ReadHtmlCacheBehavior [ RunTime:0.009951s ]
INFO: Run Behavior\CheckLangBehavior [ RunTime:0.038063s ]
INFO: Run Common\Behavior\UrldecodeGetBehavior [ RunTime:0.007283s ]
INFO: [ app_begin ] --END-- [ RunTime:0.068790s ]
ERR: 无法加载控制器:Editor

[ 2018-05-09T22:24:23+08:00 ] 58.39.77.20 /admin/login.asp
INFO: [ app_begin ] --START--
INFO: Run Behavior\ReadHtmlCacheBehavior [ RunTime:0.010104s ]
INFO: Run Behavior\CheckLangBehavior [ RunTime:0.027651s ]
INFO: Run Common\Behavior\UrldecodeGetBehavior [ RunTime:0.007345s ]
INFO: [ app_begin ] --END-- [ RunTime:0.057215s ]
ERR: 无法加载控制器:Login

[ 2018-05-09T22:24:23+08:00 ] 58.39.77.20 /admin/upfile.asp
INFO: [ app_begin ] --START--
INFO: Run Behavior\ReadHtmlCacheBehavior [ RunTime:0.011283s ]
INFO: Run Behavior\CheckLangBehavior [ RunTime:0.025744s ]
INFO: Run Common\Behavior\UrldecodeGetBehavior [ RunTime:0.005495s ]
INFO: [ app_begin ] --END-- [ RunTime:0.057271s ]
ERR: 无法加载控制器:Upfile

[ 2018-05-09T22:24:23+08:00 ] 58.39.77.20 /admin/Admin_ChkPurview.asp
INFO: [ app_begin ] --START--
INFO: Run Behavior\ReadHtmlCacheBehavior [ RunTime:0.013082s ]
INFO: Run Behavior\CheckLangBehavior [ RunTime:0.035692s ]
INFO: Run Common\Behavior\UrldecodeGetBehavior [ RunTime:0.010501s ]
INFO: [ app_begin ] --END-- [ RunTime:0.070116s ]
ERR: 无法加载控制器:Admin_ChkPurview

[ 2018-05-09T22:24:23+08:00 ] 58.39.77.20 /admin/admin_login.asp
INFO: [ app_begin ] --START--
INFO: Run Behavior\ReadHtmlCacheBehavior [ RunTime:0.005109s ]
INFO: Run Behavior\CheckLangBehavior [ RunTime:0.011318s ]
INFO: Run Common\Behavior\UrldecodeGetBehavior [ RunTime:0.002674s ]
INFO: [ app_begin ] --END-- [ RunTime:0.023835s ]
ERR: 无法加载控制器:Admin_login

[ 2018-05-09T22:24:24+08:00 ] 58.39.77.20 /Admin/WebEdit/admin_login.asp
INFO: [ app_begin ] --START--
INFO: Run Behavior\ReadHtmlCacheBehavior [ RunTime:0.015906s ]
INFO: Run Behavior\CheckLangBehavior [ RunTime:0.031470s ]
INFO: Run Common\Behavior\UrldecodeGetBehavior [ RunTime:0.011383s ]
INFO: [ app_begin ] --END-- [ RunTime:0.070134s ]
ERR: 无法加载控制器:WebEdit

[ 2018-05-09T22:24:24+08:00 ] 58.39.77.20 /admin/WebEditor/admin_login.asp
INFO: [ app_begin ] --START--
INFO: Run Behavior\ReadHtmlCacheBehavior [ RunTime:0.010797s ]
INFO: Run Behavior\CheckLangBehavior [ RunTime:0.032692s ]
INFO: Run Common\Behavior\UrldecodeGetBehavior [ RunTime:0.015242s ]
INFO: [ app_begin ] --END-- [ RunTime:0.072906s ]
ERR: 无法加载控制器:WebEditor

[ 2018-05-09T22:24:24+08:00 ] 58.39.77.20 /Admin/WebEdit/Upload.asp
INFO: [ app_begin ] --START--
INFO: Run Behavior\ReadHtmlCacheBehavior [ RunTime:0.023206s ]
INFO: Run Behavior\CheckLangBehavior [ RunTime:0.042758s ]
INFO: Run Common\Behavior\UrldecodeGetBehavior [ RunTime:0.013505s ]
INFO: [ app_begin ] --END-- [ RunTime:0.087307s ]
ERR: 无法加载控制器:WebEdit

[ 2018-05-09T22:24:24+08:00 ] 58.39.77.20 /admin/eWebEditor/admin_login.asp
INFO: [ app_begin ] --START--
INFO: Run Behavior\ReadHtmlCacheBehavior [ RunTime:0.006348s ]
INFO: Run Behavior\CheckLangBehavior [ RunTime:0.013460s ]
INFO: Run Common\Behavior\UrldecodeGetBehavior [ RunTime:0.004236s ]
INFO: [ app_begin ] --END-- [ RunTime:0.030996s ]
ERR: 无法加载控制器:EWebEditor

[ 2018-05-09T22:24:25+08:00 ] 58.39.77.20 /admin/uppic.asp
INFO: [ app_begin ] --START--
INFO: Run Behavior\ReadHtmlCacheBehavior [ RunTime:0.011226s ]
INFO: Run Behavior\CheckLangBehavior [ RunTime:0.035212s ]
INFO: Run Common\Behavior\UrldecodeGetBehavior [ RunTime:0.012955s ]
INFO: [ app_begin ] --END-- [ RunTime:0.070131s ]
ERR: 无法加载控制器:Uppic

[ 2018-05-09T22:24:25+08:00 ] 58.39.77.20 /admin/upfile_flash.asp
INFO: [ app_begin ] --START--
INFO: Run Behavior\ReadHtmlCacheBehavior [ RunTime:0.013088s ]
INFO: Run Behavior\CheckLangBehavior [ RunTime:0.043772s ]
INFO: Run Common\Behavior\UrldecodeGetBehavior [ RunTime:0.007780s ]
INFO: [ app_begin ] --END-- [ RunTime:0.075561s ]
ERR: 无法加载控制器:Upfile_flash

[ 2018-05-09T22:24:25+08:00 ] 58.39.77.20 /admin/edit/admin_login.asp
INFO: [ app_begin ] --START--
INFO: Run Behavior\ReadHtmlCacheBehavior [ RunTime:0.012768s ]
INFO: Run Behavior\CheckLangBehavior [ RunTime:0.037117s ]
INFO: Run Common\Behavior\UrldecodeGetBehavior [ RunTime:0.009328s ]
INFO: [ app_begin ] --END-- [ RunTime:0.073669s ]
ERR: 无法加载控制器:Edit

[ 2018-05-09T22:24:25+08:00 ] 58.39.77.20 /admin/htmledit/admin_login.asp
INFO: [ app_begin ] --START--
INFO: Run Behavior\ReadHtmlCacheBehavior [ RunTime:0.017497s ]
INFO: Run Behavior\CheckLangBehavior [ RunTime:0.041428s ]
INFO: Run Common\Behavior\UrldecodeGetBehavior [ RunTime:0.012995s ]
INFO: [ app_begin ] --END-- [ RunTime:0.083330s ]
ERR: 无法加载控制器:Htmledit

[ 2018-05-09T22:24:25+08:00 ] 58.39.77.20 /admin/SouthidcEditor/admin_login.asp
INFO: [ app_begin ] --START--
INFO: Run Behavior\ReadHtmlCacheBehavior [ RunTime:0.010145s ]
INFO: Run Behavior\CheckLangBehavior [ RunTime:0.038844s ]
INFO: Run Common\Behavior\UrldecodeGetBehavior [ RunTime:0.012035s ]
INFO: [ app_begin ] --END-- [ RunTime:0.072523s ]
ERR: 无法加载控制器:SouthidcEditor

[ 2018-05-09T22:24:25+08:00 ] 58.39.77.20 /admin/eWeb/admin_login.asp
INFO: [ app_begin ] --START--
INFO: Run Behavior\ReadHtmlCacheBehavior [ RunTime:0.010344s ]
INFO: Run Behavior\CheckLangBehavior [ RunTime:0.029862s ]
INFO: Run Common\Behavior\UrldecodeGetBehavior [ RunTime:0.006962s ]
INFO: [ app_begin ] --END-- [ RunTime:0.062669s ]
ERR: 无法加载控制器:EWeb

[ 2018-05-09T22:24:25+08:00 ] 58.39.77.20 /admin/webeditor/admin_login.asp
INFO: [ app_begin ] --START--
INFO: Run Behavior\ReadHtmlCacheBehavior [ RunTime:0.012611s ]
INFO: Run Behavior\CheckLangBehavior [ RunTime:0.032622s ]
INFO: Run Common\Behavior\UrldecodeGetBehavior [ RunTime:0.010849s ]
INFO: [ app_begin ] --END-- [ RunTime:0.067235s ]
ERR: 无法加载控制器:Webeditor

[ 2018-05-09T22:24:25+08:00 ] 58.39.77.20 /admin/pro_admin/htmledit/admin_login.asp
INFO: [ app_begin ] --START--
INFO: Run Behavior\ReadHtmlCacheBehavior [ RunTime:0.014705s ]
INFO: Run Behavior\CheckLangBehavior [ RunTime:0.037754s ]
INFO: Run Common\Behavior\UrldecodeGetBehavior [ RunTime:0.018106s ]
INFO: [ app_begin ] --END-- [ RunTime:0.082075s ]
ERR: 无法加载控制器:Pro_admin

[ 2018-05-09T22:24:26+08:00 ] 58.39.77.20 /admin/adminlogin.asp
INFO: [ app_begin ] --START--
INFO: Run Behavior\ReadHtmlCacheBehavior [ RunTime:0.009777s ]
INFO: Run Behavior\CheckLangBehavior [ RunTime:0.031165s ]
INFO: Run Common\Behavior\UrldecodeGetBehavior [ RunTime:0.007385s ]
INFO: [ app_begin ] --END-- [ RunTime:0.059507s ]
ERR: 无法加载控制器:Adminlogin

[ 2018-05-09T22:24:26+08:00 ] 58.39.77.20 /admin/editor/admin_login.asp
INFO: [ app_begin ] --START--
INFO: Run Behavior\ReadHtmlCacheBehavior [ RunTime:0.009446s ]
INFO: Run Behavior\CheckLangBehavior [ RunTime:0.040005s ]
INFO: Run Common\Behavior\UrldecodeGetBehavior [ RunTime:0.006266s ]
INFO: [ app_begin ] --END-- [ RunTime:0.065114s ]
ERR: 无法加载控制器:Editor

[ 2018-05-09T22:24:26+08:00 ] 58.39.77.20 /admin/ewebeditor/ewebeditor.asp
INFO: [ app_begin ] --START--
INFO: Run Behavior\ReadHtmlCacheBehavior [ RunTime:0.010923s ]
INFO: Run Behavior\CheckLangBehavior [ RunTime:0.028174s ]
INFO: Run Common\Behavior\UrldecodeGetBehavior [ RunTime:0.007399s ]
INFO: [ app_begin ] --END-- [ RunTime:0.057535s ]
ERR: 无法加载控制器:Ewebeditor

[ 2018-05-09T22:24:27+08:00 ] 58.39.77.20 /admin/mylogin.asp
INFO: [ app_begin ] --START--
INFO: Run Behavior\ReadHtmlCacheBehavior [ RunTime:0.009160s ]
INFO: Run Behavior\CheckLangBehavior [ RunTime:0.032282s ]
INFO: Run Common\Behavior\UrldecodeGetBehavior [ RunTime:0.008430s ]
INFO: [ app_begin ] --END-- [ RunTime:0.063491s ]
ERR: 无法加载控制器:Mylogin

[ 2018-05-09T22:24:27+08:00 ] 58.39.77.20 /admin/wo_edit/editor/filemanager/connectors/asp/upload.asp
INFO: [ app_begin ] --START--
INFO: Run Behavior\ReadHtmlCacheBehavior [ RunTime:0.011590s ]
INFO: Run Behavior\CheckLangBehavior [ RunTime:0.025374s ]
INFO: Run Common\Behavior\UrldecodeGetBehavior [ RunTime:0.002558s ]
INFO: [ app_begin ] --END-- [ RunTime:0.046810s ]
ERR: 无法加载控制器:Wo_edit

[ 2018-05-09T22:24:27+08:00 ] 58.39.77.20 /admin/FCKeditor/editor/filemanager/browser/default/browser.html?Type=all&Connector=connectors/asp/connector.asp
INFO: [ app_begin ] --START--
INFO: Run Behavior\ReadHtmlCacheBehavior [ RunTime:0.007965s ]
INFO: Run Behavior\CheckLangBehavior [ RunTime:0.025923s ]
INFO: Run Common\Behavior\UrldecodeGetBehavior [ RunTime:0.007037s ]
INFO: [ app_begin ] --END-- [ RunTime:0.046904s ]
ERR: 无法加载控制器:FCKeditor

[ 2018-05-09T22:24:27+08:00 ] 58.39.77.20 /admin/FCKeditor/editor/filemanager/browser/default/browser.html?Type=/&Connector=connectors/asp/connector.asp
INFO: [ app_begin ] --START--
INFO: Run Behavior\ReadHtmlCacheBehavior [ RunTime:0.007185s ]
INFO: Run Behavior\CheckLangBehavior [ RunTime:0.020516s ]
INFO: Run Common\Behavior\UrldecodeGetBehavior [ RunTime:0.007963s ]
INFO: [ app_begin ] --END-- [ RunTime:0.044677s ]
ERR: 无法加载控制器:FCKeditor

[ 2018-05-09T22:24:28+08:00 ] 58.39.77.20 /admin/SouthidcEditor/ewebeditor.asp
INFO: [ app_begin ] --START--
INFO: Run Behavior\ReadHtmlCacheBehavior [ RunTime:0.010361s ]
INFO: Run Behavior\CheckLangBehavior [ RunTime:0.029012s ]
INFO: Run Common\Behavior\UrldecodeGetBehavior [ RunTime:0.007595s ]
INFO: [ app_begin ] --END-- [ RunTime:0.058927s ]
ERR: 无法加载控制器:SouthidcEditor

[ 2018-05-09T22:24:28+08:00 ] 58.39.77.20 /admin/FCKeditor/editor/filemanager/browser/default/browser.html?Type=monyer&Connector=connectors/asp/connector.asp
INFO: [ app_begin ] --START--
INFO: Run Behavior\ReadHtmlCacheBehavior [ RunTime:0.009117s ]
INFO: Run Behavior\CheckLangBehavior [ RunTime:0.029346s ]
INFO: Run Common\Behavior\UrldecodeGetBehavior [ RunTime:0.010702s ]
INFO: [ app_begin ] --END-- [ RunTime:0.062934s ]
ERR: 无法加载控制器:FCKeditor

[ 2018-05-09T22:24:28+08:00 ] 58.39.77.20 /admin/SouthidcEditor/Upload.asp
INFO: [ app_begin ] --START--
INFO: Run Behavior\ReadHtmlCacheBehavior [ RunTime:0.007834s ]
INFO: Run Behavior\CheckLangBehavior [ RunTime:0.022437s ]
INFO: Run Common\Behavior\UrldecodeGetBehavior [ RunTime:0.004643s ]
INFO: [ app_begin ] --END-- [ RunTime:0.045773s ]
ERR: 无法加载控制器:SouthidcEditor

[ 2018-05-09T23:06:02+08:00 ] 58.39.77.20 /admin/EDITOR/Dialog/
INFO: [ app_begin ] --START--
INFO: Run Behavior\ReadHtmlCacheBehavior [ RunTime:0.034427s ]
INFO: Run Behavior\CheckLangBehavior [ RunTime:0.089350s ]
INFO: Run Common\Behavior\UrldecodeGetBehavior [ RunTime:0.034351s ]
INFO: [ app_begin ] --END-- [ RunTime:0.186878s ]
ERR: 无法加载控制器:EDITOR

[ 2018-05-09T23:06:02+08:00 ] 58.39.77.20 /admin/WebEditor/
INFO: [ app_begin ] --START--
INFO: Run Behavior\ReadHtmlCacheBehavior [ RunTime:0.032291s ]
INFO: Run Behavior\CheckLangBehavior [ RunTime:0.082104s ]
INFO: Run Common\Behavior\UrldecodeGetBehavior [ RunTime:0.035370s ]
INFO: [ app_begin ] --END-- [ RunTime:0.175350s ]
ERR: 无法加载控制器:WebEditor

[ 2018-05-09T23:06:02+08:00 ] 58.39.77.20 /admin/daili/webedit/
INFO: [ app_begin ] --START--
INFO: Run Behavior\ReadHtmlCacheBehavior [ RunTime:0.027268s ]
INFO: Run Behavior\CheckLangBehavior [ RunTime:0.077432s ]
INFO: Run Common\Behavior\UrldecodeGetBehavior [ RunTime:0.023483s ]
INFO: [ app_begin ] --END-- [ RunTime:0.152444s ]
ERR: 无法加载控制器:Daili

[ 2018-05-09T23:06:02+08:00 ] 58.39.77.20 /admin/wo%5Fedit/
INFO: [ app_begin ] --START--
INFO: Run Behavior\ReadHtmlCacheBehavior [ RunTime:0.032077s ]
INFO: Run Behavior\CheckLangBehavior [ RunTime:0.075569s ]
INFO: Run Common\Behavior\UrldecodeGetBehavior [ RunTime:0.024516s ]
INFO: [ app_begin ] --END-- [ RunTime:0.154388s ]
ERR: 无法加载控制器:Wo_edit

[ 2018-05-09T23:06:02+08:00 ] 58.39.77.20 /admin/wo%5Fedit/editor/
INFO: [ app_begin ] --START--
INFO: Run Behavior\ReadHtmlCacheBehavior [ RunTime:0.026500s ]
INFO: Run Behavior\CheckLangBehavior [ RunTime:0.081228s ]
INFO: Run Common\Behavior\UrldecodeGetBehavior [ RunTime:0.018779s ]
INFO: [ app_begin ] --END-- [ RunTime:0.152829s ]
ERR: 无法加载控制器:Wo_edit

[ 2018-05-09T23:06:03+08:00 ] 58.39.77.20 /admin/editor/admin/
INFO: [ app_begin ] --START--
INFO: Run Behavior\ReadHtmlCacheBehavior [ RunTime:0.022442s ]
INFO: Run Behavior\CheckLangBehavior [ RunTime:0.086248s ]
INFO: Run Common\Behavior\UrldecodeGetBehavior [ RunTime:0.027939s ]
INFO: [ app_begin ] --END-- [ RunTime:0.159118s ]
ERR: 无法加载控制器:Editor

[ 2018-05-09T23:06:03+08:00 ] 58.39.77.20 /admin/editor/db/
INFO: [ app_begin ] --START--
INFO: Run Behavior\ReadHtmlCacheBehavior [ RunTime:0.036616s ]
INFO: Run Behavior\CheckLangBehavior [ RunTime:0.079295s ]
INFO: Run Common\Behavior\UrldecodeGetBehavior [ RunTime:0.026785s ]
INFO: [ app_begin ] --END-- [ RunTime:0.172705s ]
ERR: 无法加载控制器:Editor

[ 2018-05-09T23:06:03+08:00 ] 58.39.77.20 /admin/editor/include/
INFO: [ app_begin ] --START--
INFO: Run Behavior\ReadHtmlCacheBehavior [ RunTime:0.023696s ]
INFO: Run Behavior\CheckLangBehavior [ RunTime:0.070114s ]
INFO: Run Common\Behavior\UrldecodeGetBehavior [ RunTime:0.030977s ]
INFO: [ app_begin ] --END-- [ RunTime:0.152008s ]
ERR: 无法加载控制器:Editor

[ 2018-05-09T23:06:03+08:00 ] 58.39.77.20 /admin/editor/UploadFile/
INFO: [ app_begin ] --START--
INFO: Run Behavior\ReadHtmlCacheBehavior [ RunTime:0.028579s ]
INFO: Run Behavior\CheckLangBehavior [ RunTime:0.070070s ]
INFO: Run Common\Behavior\UrldecodeGetBehavior [ RunTime:0.023440s ]
INFO: [ app_begin ] --END-- [ RunTime:0.140002s ]
ERR: 无法加载控制器:Editor

[ 2018-05-09T23:06:04+08:00 ] 58.39.77.20 /admin/webeditor/upload.asp?action=save&type=&style=
INFO: [ app_begin ] --START--
INFO: Run Behavior\ReadHtmlCacheBehavior [ RunTime:0.021259s ]
INFO: Run Behavior\CheckLangBehavior [ RunTime:0.072250s ]
INFO: Run Common\Behavior\UrldecodeGetBehavior [ RunTime:0.022973s ]
INFO: [ app_begin ] --END-- [ RunTime:0.143981s ]
ERR: 无法加载控制器:Webeditor

[ 2018-05-09T23:06:04+08:00 ] 58.39.77.20 /Admin/Editor/ewebeditor.htm
INFO: [ app_begin ] --START--
INFO: Run Behavior\ReadHtmlCacheBehavior [ RunTime:0.020200s ]
INFO: Run Behavior\CheckLangBehavior [ RunTime:0.073720s ]
INFO: Run Common\Behavior\UrldecodeGetBehavior [ RunTime:0.032097s ]
INFO: [ app_begin ] --END-- [ RunTime:0.154122s ]
ERR: 无法加载控制器:Editor

[ 2018-05-09T23:06:04+08:00 ] 58.39.77.20 /admin/EDITOR/Dialog/HELP.HTM
INFO: [ app_begin ] --START--
INFO: Run Behavior\ReadHtmlCacheBehavior [ RunTime:0.031658s ]
INFO: Run Behavior\CheckLangBehavior [ RunTime:0.084590s ]
INFO: Run Common\Behavior\UrldecodeGetBehavior [ RunTime:0.023358s ]
INFO: [ app_begin ] --END-- [ RunTime:0.161149s ]
ERR: 无法加载控制器:EDITOR

[ 2018-05-09T23:06:04+08:00 ] 58.39.77.20 /admin/js/fckeditor/editor/filemanager/connectors/test.html
INFO: [ app_begin ] --START--
INFO: Run Behavior\ReadHtmlCacheBehavior [ RunTime:0.029560s ]
INFO: Run Behavior\CheckLangBehavior [ RunTime:0.081501s ]
INFO: Run Common\Behavior\UrldecodeGetBehavior [ RunTime:0.024365s ]
INFO: [ app_begin ] --END-- [ RunTime:0.170569s ]
ERR: 无法加载控制器:Js

[ 2018-05-09T23:06:04+08:00 ] 58.39.77.20 /admin/editubb/db/
INFO: [ app_begin ] --START--
INFO: Run Behavior\ReadHtmlCacheBehavior [ RunTime:0.026210s ]
INFO: Run Behavior\CheckLangBehavior [ RunTime:0.097462s ]
INFO: Run Common\Behavior\UrldecodeGetBehavior [ RunTime:0.039878s ]
INFO: [ app_begin ] --END-- [ RunTime:0.189684s ]
ERR: 无法加载控制器:Editubb

[ 2018-05-09T23:06:04+08:00 ] 58.39.77.20 /admin/Edit/editor.htm
INFO: [ app_begin ] --START--
INFO: Run Behavior\ReadHtmlCacheBehavior [ RunTime:0.029463s ]
INFO: Run Behavior\CheckLangBehavior [ RunTime:0.103976s ]
INFO: Run Common\Behavior\UrldecodeGetBehavior [ RunTime:0.029489s ]
INFO: [ app_begin ] --END-- [ RunTime:0.203203s ]
ERR: 无法加载控制器:Edit

[ 2018-05-09T23:06:05+08:00 ] 58.39.77.20 /admin/EDITOR/Dialog/file_gy.htm
INFO: [ app_begin ] --START--
INFO: Run Behavior\ReadHtmlCacheBehavior [ RunTime:0.024321s ]
INFO: Run Behavior\CheckLangBehavior [ RunTime:0.072758s ]
INFO: Run Common\Behavior\UrldecodeGetBehavior [ RunTime:0.024364s ]
INFO: [ app_begin ] --END-- [ RunTime:0.154613s ]
ERR: 无法加载控制器:EDITOR

[ 2018-05-09T23:06:05+08:00 ] 58.39.77.20 /admin/editubb/
INFO: [ app_begin ] --START--
INFO: Run Behavior\ReadHtmlCacheBehavior [ RunTime:0.029498s ]
INFO: Run Behavior\CheckLangBehavior [ RunTime:0.080156s ]
INFO: Run Common\Behavior\UrldecodeGetBehavior [ RunTime:0.014751s ]
INFO: [ app_begin ] --END-- [ RunTime:0.145019s ]
ERR: 无法加载控制器:Editubb

[ 2018-05-09T23:06:05+08:00 ] 58.39.77.20 /admin/UpFile.asp?gl=file
INFO: [ app_begin ] --START--
INFO: Run Behavior\ReadHtmlCacheBehavior [ RunTime:0.028635s ]
INFO: Run Behavior\CheckLangBehavior [ RunTime:0.069796s ]
INFO: Run Common\Behavior\UrldecodeGetBehavior [ RunTime:0.017719s ]
INFO: [ app_begin ] --END-- [ RunTime:0.134573s ]
ERR: 无法加载控制器:UpFile

[ 2018-05-09T23:06:05+08:00 ] 58.39.77.20 /admin/UpFile.asp?fp1=D:
INFO: [ app_begin ] --START--
INFO: Run Behavior\ReadHtmlCacheBehavior [ RunTime:0.015404s ]
INFO: Run Behavior\CheckLangBehavior [ RunTime:0.117037s ]
INFO: Run Common\Behavior\UrldecodeGetBehavior [ RunTime:0.026441s ]
INFO: [ app_begin ] --END-- [ RunTime:0.184173s ]
ERR: 无法加载控制器:UpFile

[ 2018-05-09T23:06:07+08:00 ] 58.39.77.20 /admin/WebEdit/admin_login.asp88
INFO: [ app_begin ] --START--
INFO: Run Behavior\ReadHtmlCacheBehavior [ RunTime:0.026299s ]
INFO: Run Behavior\CheckLangBehavior [ RunTime:0.072600s ]
INFO: Run Common\Behavior\UrldecodeGetBehavior [ RunTime:0.024663s ]
INFO: [ app_begin ] --END-- [ RunTime:0.157074s ]
ERR: 无法加载控制器:WebEdit

[ 2018-05-09T23:06:07+08:00 ] 58.39.77.20 /admin/CuteEditor/
INFO: [ app_begin ] --START--
INFO: Run Behavior\ReadHtmlCacheBehavior [ RunTime:0.021554s ]
INFO: Run Behavior\CheckLangBehavior [ RunTime:0.059442s ]
INFO: Run Common\Behavior\UrldecodeGetBehavior [ RunTime:0.032298s ]
INFO: [ app_begin ] --END-- [ RunTime:0.137184s ]
ERR: 无法加载控制器:CuteEditor

[ 2018-05-09T23:06:07+08:00 ] 58.39.77.20 /admin/editor/upload.asp?action=upfile
INFO: [ app_begin ] --START--
INFO: Run Behavior\ReadHtmlCacheBehavior [ RunTime:0.024934s ]
INFO: Run Behavior\CheckLangBehavior [ RunTime:0.088571s ]
INFO: Run Common\Behavior\UrldecodeGetBehavior [ RunTime:0.035708s ]
INFO: [ app_begin ] --END-- [ RunTime:0.175805s ]
ERR: 无法加载控制器:Editor

[ 2018-05-09T23:06:07+08:00 ] 58.39.77.20 /admin/wo%5Fedit/editor/filemanager/
INFO: [ app_begin ] --START--
INFO: Run Behavior\ReadHtmlCacheBehavior [ RunTime:0.033186s ]
INFO: Run Behavior\CheckLangBehavior [ RunTime:0.112670s ]
INFO: Run Common\Behavior\UrldecodeGetBehavior [ RunTime:0.034058s ]
INFO: [ app_begin ] --END-- [ RunTime:0.205653s ]
ERR: 无法加载控制器:Wo_edit

[ 2018-05-09T23:06:07+08:00 ] 58.39.77.20 /admin/wo%5Fedit/editor/filemanager/test.html
INFO: [ app_begin ] --START--
INFO: Run Behavior\ReadHtmlCacheBehavior [ RunTime:0.032857s ]
INFO: Run Behavior\CheckLangBehavior [ RunTime:0.102032s ]
INFO: Run Common\Behavior\UrldecodeGetBehavior [ RunTime:0.035599s ]
INFO: [ app_begin ] --END-- [ RunTime:0.214044s ]
ERR: 无法加载控制器:Wo_edit

[ 2018-05-09T23:06:07+08:00 ] 58.39.77.20 /admin/wo%5Fedit/editor/fckdebug.html
INFO: [ app_begin ] --START--
INFO: Run Behavior\ReadHtmlCacheBehavior [ RunTime:0.038771s ]
INFO: Run Behavior\CheckLangBehavior [ RunTime:0.124871s ]
INFO: Run Common\Behavior\UrldecodeGetBehavior [ RunTime:0.059012s ]
INFO: [ app_begin ] --END-- [ RunTime:0.267819s ]
ERR: 无法加载控制器:Wo_edit

[ 2018-05-09T23:06:08+08:00 ] 58.39.77.20 /admin/SouthidcEditor/Dialog/help/main.htm
INFO: [ app_begin ] --START--
INFO: Run Behavior\ReadHtmlCacheBehavior [ RunTime:0.024585s ]
INFO: Run Behavior\CheckLangBehavior [ RunTime:0.084570s ]
INFO: Run Common\Behavior\UrldecodeGetBehavior [ RunTime:0.021432s ]
INFO: [ app_begin ] --END-- [ RunTime:0.152252s ]
ERR: 无法加载控制器:SouthidcEditor

[ 2018-05-09T23:06:09+08:00 ] 58.39.77.20 /admin/FCKeditor/editor/filemanager/upload/test.html
INFO: [ app_begin ] --START--
INFO: Run Behavior\ReadHtmlCacheBehavior [ RunTime:0.011220s ]
INFO: Run Behavior\CheckLangBehavior [ RunTime:0.033879s ]
INFO: Run Common\Behavior\UrldecodeGetBehavior [ RunTime:0.008534s ]
INFO: [ app_begin ] --END-- [ RunTime:0.065153s ]
ERR: 无法加载控制器:FCKeditor

[ 2018-05-09T23:06:09+08:00 ] 58.39.77.20 /admin/phpmyadmin/
INFO: [ app_begin ] --START--
INFO: Run Behavior\ReadHtmlCacheBehavior [ RunTime:0.011327s ]
INFO: Run Behavior\CheckLangBehavior [ RunTime:0.027027s ]
INFO: Run Common\Behavior\UrldecodeGetBehavior [ RunTime:0.004489s ]
INFO: [ app_begin ] --END-- [ RunTime:0.053489s ]
ERR: 无法加载控制器:Phpmyadmin

[ 2018-05-09T23:06:09+08:00 ] 58.39.77.20 /admin/fckeditor/editor/fckeditor.html
INFO: [ app_begin ] --START--
INFO: Run Behavior\ReadHtmlCacheBehavior [ RunTime:0.008154s ]
INFO: Run Behavior\CheckLangBehavior [ RunTime:0.026089s ]
INFO: Run Common\Behavior\UrldecodeGetBehavior [ RunTime:0.013266s ]
INFO: [ app_begin ] --END-- [ RunTime:0.059474s ]
ERR: 无法加载控制器:Fckeditor

[ 2018-05-09T23:06:09+08:00 ] 58.39.77.20 /admin/ewebeditor/eWebEditor_Intro_v200.chm
INFO: [ app_begin ] --START--
INFO: Run Behavior\ReadHtmlCacheBehavior [ RunTime:0.013409s ]
INFO: Run Behavior\CheckLangBehavior [ RunTime:0.025959s ]
INFO: Run Common\Behavior\UrldecodeGetBehavior [ RunTime:0.007162s ]
INFO: [ app_begin ] --END-- [ RunTime:0.060854s ]
ERR: 无法加载控制器:Ewebeditor

