[ 2018-05-01T00:43:53+08:00 ] 222.208.150.182 /admin/public/login
INFO: [ app_begin ] --START--
INFO: Run Behavior\ReadHtmlCacheBehavior [ RunTime:0.001559s ]
INFO: Run Behavior\CheckLangBehavior [ RunTime:0.002747s ]
INFO: Run Common\Behavior\UrldecodeGetBehavior [ RunTime:0.000860s ]
INFO: [ app_begin ] --END-- [ RunTime:0.006344s ]
INFO: [ admin_begin ] --START--
INFO: Run Common\Behavior\AdminDefaultLangBehavior [ RunTime:0.003330s ]
INFO: [ admin_begin ] --END-- [ RunTime:0.003438s ]
INFO: [ view_parse ] --START--
INFO: [ template_filter ] --START--
INFO: Run Behavior\ContentReplaceBehavior [ RunTime:0.000107s ]
INFO: [ template_filter ] --END-- [ RunTime:0.000187s ]
INFO: Run Behavior\ParseTemplateBehavior [ RunTime:0.017258s ]
INFO: [ view_parse ] --END-- [ RunTime:0.017343s ]
INFO: [ view_filter ] --START--
INFO: Run Behavior\WriteHtmlCacheBehavior [ RunTime:0.000849s ]
INFO: Run Common\Behavior\TmplStripSpaceBehavior [ RunTime:0.000918s ]
INFO: [ view_filter ] --END-- [ RunTime:0.001895s ]
INFO: [ app_end ] --START--
INFO: Run Behavior\ShowPageTraceBehavior [ RunTime:0.001581s ]
INFO: [ app_end ] --END-- [ RunTime:0.001659s ]

[ 2018-05-01T00:43:57+08:00 ] 222.208.150.182 /Admin/public/dologin
INFO: [ app_begin ] --START--
INFO: Run Behavior\ReadHtmlCacheBehavior [ RunTime:0.001545s ]
INFO: Run Behavior\CheckLangBehavior [ RunTime:0.002746s ]
INFO: Run Common\Behavior\UrldecodeGetBehavior [ RunTime:0.000926s ]
INFO: [ app_begin ] --END-- [ RunTime:0.006375s ]
INFO: [ admin_begin ] --START--
INFO: Run Common\Behavior\AdminDefaultLangBehavior [ RunTime:0.003402s ]
INFO: [ admin_begin ] --END-- [ RunTime:0.003539s ]
SQL: SHOW COLUMNS FROM `jz_users` [ RunTime:0.0032s ]
SQL: SELECT * FROM `jz_users` WHERE `user_login` = 'nle2018' LIMIT 1   [ RunTime:0.0012s ]
SQL: SHOW COLUMNS FROM `jz_role_user` [ RunTime:0.0027s ]
SQL: SELECT `role_id` FROM jz_role_user a INNER JOIN jz_role as b on a.role_id =b.id  WHERE `user_id` = '27' AND `status` = 1  [ RunTime:0.0004s ]
SQL: UPDATE `jz_users` SET `user_login`='nle2018',`user_pass`='###26c178fcdcdf5b859d2d5cb7ff282f89',`user_nicename`='',`user_email`='leo219@qq.com',`user_url`='',`avatar`=NULL,`sex`='0',`birthday`=NULL,`signature`=NULL,`last_login_ip`='222.208.150.182',`last_login_time`='2018-05-01 00:43:57',`create_time`='2018-02-12 05:51:04',`user_activation_key`='',`user_status`='1',`score`='0',`user_type`='1',`coin`='0',`mobile`='' WHERE `id` = '27' [ RunTime:0.0011s ]

[ 2018-05-01T00:43:57+08:00 ] 222.208.150.182 /Admin/Index/index
INFO: [ app_begin ] --START--
INFO: Run Behavior\ReadHtmlCacheBehavior [ RunTime:0.001498s ]
INFO: Run Behavior\CheckLangBehavior [ RunTime:0.002655s ]
INFO: Run Common\Behavior\UrldecodeGetBehavior [ RunTime:0.000896s ]
INFO: [ app_begin ] --END-- [ RunTime:0.006185s ]
INFO: [ admin_begin ] --START--
INFO: Run Common\Behavior\AdminDefaultLangBehavior [ RunTime:0.003231s ]
INFO: [ admin_begin ] --END-- [ RunTime:0.003336s ]
SQL: SHOW COLUMNS FROM `jz_options` [ RunTime:0.0028s ]
SQL: SELECT `option_value` FROM `jz_options` WHERE `option_name` = 'bonus' LIMIT 1   [ RunTime:0.0005s ]
SQL: SHOW COLUMNS FROM `jz_users` [ RunTime:0.0033s ]
SQL: SELECT * FROM `jz_users` WHERE `id` = '27' LIMIT 1   [ RunTime:0.0010s ]
SQL: SHOW COLUMNS FROM `jz_menu` [ RunTime:0.0030s ]
SQL: SELECT * FROM `jz_menu` WHERE `parentid` = 0 AND `status` = 1 ORDER BY `listorder` ASC  [ RunTime:0.0004s ]
SQL: SHOW COLUMNS FROM `jz_role_user` [ RunTime:0.0027s ]
SQL: SELECT `role_id` FROM jz_role_user a INNER JOIN jz_role as b on a.role_id =b.id  WHERE `user_id` = '27' AND `status` = 1  [ RunTime:0.0004s ]
SQL: SELECT `role_id` FROM jz_role_user a INNER JOIN jz_role as b on a.role_id =b.id  WHERE `user_id` = '27' AND `status` = 1  [ RunTime:0.0004s ]
SQL: SELECT `role_id` FROM jz_role_user a INNER JOIN jz_role as b on a.role_id =b.id  WHERE `user_id` = '27' AND `status` = 1  [ RunTime:0.0004s ]
SQL: SELECT `role_id` FROM jz_role_user a INNER JOIN jz_role as b on a.role_id =b.id  WHERE `user_id` = '27' AND `status` = 1  [ RunTime:0.0004s ]
SQL: SELECT `role_id` FROM jz_role_user a INNER JOIN jz_role as b on a.role_id =b.id  WHERE `user_id` = '27' AND `status` = 1  [ RunTime:0.0004s ]
SQL: SELECT * FROM `jz_menu` WHERE `parentid` = 109 AND `status` = 1 ORDER BY `listorder` ASC  [ RunTime:0.0004s ]
SQL: SELECT `role_id` FROM jz_role_user a INNER JOIN jz_role as b on a.role_id =b.id  WHERE `user_id` = '27' AND `status` = 1  [ RunTime:0.0004s ]
SQL: SELECT `role_id` FROM jz_role_user a INNER JOIN jz_role as b on a.role_id =b.id  WHERE `user_id` = '27' AND `status` = 1  [ RunTime:0.0004s ]
SQL: SELECT `role_id` FROM jz_role_user a INNER JOIN jz_role as b on a.role_id =b.id  WHERE `user_id` = '27' AND `status` = 1  [ RunTime:0.0004s ]
SQL: SELECT * FROM `jz_menu` WHERE `parentid` = 110 AND `status` = 1 ORDER BY `listorder` ASC  [ RunTime:0.0004s ]
SQL: SELECT `role_id` FROM jz_role_user a INNER JOIN jz_role as b on a.role_id =b.id  WHERE `user_id` = '27' AND `status` = 1  [ RunTime:0.0004s ]
SQL: SELECT `role_id` FROM jz_role_user a INNER JOIN jz_role as b on a.role_id =b.id  WHERE `user_id` = '27' AND `status` = 1  [ RunTime:0.0004s ]
SQL: SELECT * FROM `jz_menu` WHERE `parentid` = 111 AND `status` = 1 ORDER BY `listorder` ASC  [ RunTime:0.0004s ]
SQL: SELECT * FROM `jz_menu` WHERE `parentid` = 113 AND `status` = 1 ORDER BY `listorder` ASC  [ RunTime:0.0004s ]
SQL: SELECT * FROM `jz_menu` WHERE `parentid` = 115 AND `status` = 1 ORDER BY `listorder` ASC  [ RunTime:0.0004s ]
SQL: SELECT * FROM `jz_menu` WHERE `parentid` = 139 AND `status` = 1 ORDER BY `listorder` ASC  [ RunTime:0.0004s ]
SQL: SELECT `role_id` FROM jz_role_user a INNER JOIN jz_role as b on a.role_id =b.id  WHERE `user_id` = '27' AND `status` = 1  [ RunTime:0.0004s ]
SQL: SELECT * FROM `jz_menu` WHERE `parentid` = 149 AND `status` = 1 ORDER BY `listorder` ASC  [ RunTime:0.0004s ]
SQL: SELECT * FROM `jz_menu` WHERE `parentid` = 188 AND `status` = 1 ORDER BY `listorder` ASC  [ RunTime:0.0005s ]
SQL: SELECT `role_id` FROM jz_role_user a INNER JOIN jz_role as b on a.role_id =b.id  WHERE `user_id` = '27' AND `status` = 1  [ RunTime:0.0004s ]
SQL: SELECT `role_id` FROM jz_role_user a INNER JOIN jz_role as b on a.role_id =b.id  WHERE `user_id` = '27' AND `status` = 1  [ RunTime:0.0004s ]
SQL: SELECT `role_id` FROM jz_role_user a INNER JOIN jz_role as b on a.role_id =b.id  WHERE `user_id` = '27' AND `status` = 1  [ RunTime:0.0004s ]
SQL: SELECT * FROM `jz_menu` WHERE `parentid` = 189 AND `status` = 1 ORDER BY `listorder` ASC  [ RunTime:0.0004s ]
SQL: SELECT * FROM `jz_menu` WHERE `parentid` = 190 AND `status` = 1 ORDER BY `listorder` ASC  [ RunTime:0.0004s ]
SQL: SELECT * FROM `jz_menu` WHERE `parentid` = 232 AND `status` = 1 ORDER BY `listorder` ASC  [ RunTime:0.0004s ]
SQL: SELECT * FROM `jz_menu` WHERE `parentid` = 225 AND `status` = 1 ORDER BY `listorder` ASC  [ RunTime:0.0004s ]
SQL: SELECT `role_id` FROM jz_role_user a INNER JOIN jz_role as b on a.role_id =b.id  WHERE `user_id` = '27' AND `status` = 1  [ RunTime:0.0004s ]
SQL: SELECT `role_id` FROM jz_role_user a INNER JOIN jz_role as b on a.role_id =b.id  WHERE `user_id` = '27' AND `status` = 1  [ RunTime:0.0004s ]
SQL: SELECT * FROM `jz_menu` WHERE `parentid` = 226 AND `status` = 1 ORDER BY `listorder` ASC  [ RunTime:0.0004s ]
SQL: SELECT * FROM `jz_menu` WHERE `parentid` = 227 AND `status` = 1 ORDER BY `listorder` ASC  [ RunTime:0.0004s ]
SQL: SELECT * FROM `jz_menu` WHERE `parentid` = 40 AND `status` = 1 ORDER BY `listorder` ASC  [ RunTime:0.0004s ]
SQL: SELECT `role_id` FROM jz_role_user a INNER JOIN jz_role as b on a.role_id =b.id  WHERE `user_id` = '27' AND `status` = 1  [ RunTime:0.0004s ]
SQL: SELECT `role_id` FROM jz_role_user a INNER JOIN jz_role as b on a.role_id =b.id  WHERE `user_id` = '27' AND `status` = 1  [ RunTime:0.0004s ]
SQL: SELECT * FROM `jz_menu` WHERE `parentid` = 41 AND `status` = 1 ORDER BY `listorder` ASC  [ RunTime:0.0004s ]
SQL: SELECT * FROM `jz_menu` WHERE `parentid` = 42 AND `status` = 1 ORDER BY `listorder` ASC  [ RunTime:0.0004s ]
SQL: SELECT * FROM `jz_menu` WHERE `parentid` = 221 AND `status` = 1 ORDER BY `listorder` ASC  [ RunTime:0.0004s ]
SQL: SELECT `role_id` FROM jz_role_user a INNER JOIN jz_role as b on a.role_id =b.id  WHERE `user_id` = '27' AND `status` = 1  [ RunTime:0.0004s ]
SQL: SELECT `role_id` FROM jz_role_user a INNER JOIN jz_role as b on a.role_id =b.id  WHERE `user_id` = '27' AND `status` = 1  [ RunTime:0.0004s ]
SQL: SELECT `role_id` FROM jz_role_user a INNER JOIN jz_role as b on a.role_id =b.id  WHERE `user_id` = '27' AND `status` = 1  [ RunTime:0.0004s ]
SQL: SELECT * FROM `jz_menu` WHERE `parentid` = 222 AND `status` = 1 ORDER BY `listorder` ASC  [ RunTime:0.0004s ]
SQL: SELECT * FROM `jz_menu` WHERE `parentid` = 223 AND `status` = 1 ORDER BY `listorder` ASC  [ RunTime:0.0004s ]
SQL: SELECT * FROM `jz_menu` WHERE `parentid` = 228 AND `status` = 1 ORDER BY `listorder` ASC  [ RunTime:0.0004s ]
INFO: [ view_parse ] --START--
INFO: [ template_filter ] --START--
INFO: Run Behavior\ContentReplaceBehavior [ RunTime:0.000279s ]
INFO: [ template_filter ] --END-- [ RunTime:0.000359s ]
SQL: SELECT `role_id` FROM jz_role_user a INNER JOIN jz_role as b on a.role_id =b.id  WHERE `user_id` = '27' AND `status` = 1  [ RunTime:0.0004s ]
SQL: SELECT `role_id` FROM jz_role_user a INNER JOIN jz_role as b on a.role_id =b.id  WHERE `user_id` = '27' AND `status` = 1  [ RunTime:0.0004s ]
SQL: SELECT `role_id` FROM jz_role_user a INNER JOIN jz_role as b on a.role_id =b.id  WHERE `user_id` = '27' AND `status` = 1  [ RunTime:0.0004s ]
NOTIC: [8] Undefined variable: Think /www/wwwroot/niulaile.qzkvd.com/data/runtime/Cache/Admin/5fbeb4d50be835b15c35a2bc40c02ee0.php 第 167 行.
SQL: SELECT `role_id` FROM jz_role_user a INNER JOIN jz_role as b on a.role_id =b.id  WHERE `user_id` = '27' AND `status` = 1  [ RunTime:0.0004s ]
SQL: SELECT `role_id` FROM jz_role_user a INNER JOIN jz_role as b on a.role_id =b.id  WHERE `user_id` = '27' AND `status` = 1  [ RunTime:0.0004s ]
SQL: SELECT `role_id` FROM jz_role_user a INNER JOIN jz_role as b on a.role_id =b.id  WHERE `user_id` = '27' AND `status` = 1  [ RunTime:0.0004s ]
INFO: Run Behavior\ParseTemplateBehavior [ RunTime:0.031551s ]
INFO: [ view_parse ] --END-- [ RunTime:0.031624s ]
INFO: [ view_filter ] --START--
INFO: Run Behavior\WriteHtmlCacheBehavior [ RunTime:0.001008s ]
INFO: Run Common\Behavior\TmplStripSpaceBehavior [ RunTime:0.000989s ]
INFO: [ view_filter ] --END-- [ RunTime:0.002128s ]
INFO: [ app_end ] --START--
INFO: Run Behavior\ShowPageTraceBehavior [ RunTime:0.001609s ]
INFO: [ app_end ] --END-- [ RunTime:0.001695s ]

[ 2018-05-01T00:43:57+08:00 ] 222.208.150.182 /Admin/Main/index
INFO: [ app_begin ] --START--
INFO: Run Behavior\ReadHtmlCacheBehavior [ RunTime:0.002055s ]
INFO: Run Behavior\CheckLangBehavior [ RunTime:0.004422s ]
INFO: Run Common\Behavior\UrldecodeGetBehavior [ RunTime:0.001247s ]
INFO: [ app_begin ] --END-- [ RunTime:0.009260s ]
INFO: [ admin_begin ] --START--
INFO: Run Common\Behavior\AdminDefaultLangBehavior [ RunTime:0.005253s ]
INFO: [ admin_begin ] --END-- [ RunTime:0.005382s ]
SQL: SHOW COLUMNS FROM `jz_options` [ RunTime:0.0037s ]
SQL: SELECT `option_value` FROM `jz_options` WHERE `option_name` = 'bonus' LIMIT 1   [ RunTime:0.0005s ]
SQL: SHOW COLUMNS FROM `jz_users` [ RunTime:0.0043s ]
SQL: SELECT * FROM `jz_users` WHERE `id` = '27' LIMIT 1   [ RunTime:0.0007s ]
SQL: select VERSION() as version [ RunTime:0.0013s ]
INFO: [ view_parse ] --START--
INFO: [ template_filter ] --START--
INFO: Run Behavior\ContentReplaceBehavior [ RunTime:0.000124s ]
INFO: [ template_filter ] --END-- [ RunTime:0.000205s ]
INFO: Run Behavior\ParseTemplateBehavior [ RunTime:0.021052s ]
INFO: [ view_parse ] --END-- [ RunTime:0.021142s ]
INFO: [ view_filter ] --START--
INFO: Run Behavior\WriteHtmlCacheBehavior [ RunTime:0.000839s ]
INFO: Run Common\Behavior\TmplStripSpaceBehavior [ RunTime:0.000991s ]
INFO: [ view_filter ] --END-- [ RunTime:0.002005s ]
INFO: [ app_end ] --START--
INFO: Run Behavior\ShowPageTraceBehavior [ RunTime:0.001600s ]
INFO: [ app_end ] --END-- [ RunTime:0.001679s ]

[ 2018-05-01T01:31:39+08:00 ] 106.11.223.50 /admin/public/login
INFO: [ app_begin ] --START--
INFO: Run Behavior\ReadHtmlCacheBehavior [ RunTime:0.001588s ]
INFO: Run Behavior\CheckLangBehavior [ RunTime:0.002590s ]
INFO: Run Common\Behavior\UrldecodeGetBehavior [ RunTime:0.000889s ]
INFO: [ app_begin ] --END-- [ RunTime:0.006273s ]
INFO: [ admin_begin ] --START--
INFO: Run Common\Behavior\AdminDefaultLangBehavior [ RunTime:0.003261s ]
INFO: [ admin_begin ] --END-- [ RunTime:0.003365s ]
INFO: [ view_parse ] --START--
INFO: [ template_filter ] --START--
INFO: Run Behavior\ContentReplaceBehavior [ RunTime:0.000106s ]
INFO: [ template_filter ] --END-- [ RunTime:0.000227s ]
INFO: Run Behavior\ParseTemplateBehavior [ RunTime:0.017205s ]
INFO: [ view_parse ] --END-- [ RunTime:0.017290s ]
INFO: [ view_filter ] --START--
INFO: Run Behavior\WriteHtmlCacheBehavior [ RunTime:0.000844s ]
INFO: Run Common\Behavior\TmplStripSpaceBehavior [ RunTime:0.000929s ]
INFO: [ view_filter ] --END-- [ RunTime:0.001900s ]
INFO: [ app_end ] --START--
INFO: Run Behavior\ShowPageTraceBehavior [ RunTime:0.001578s ]
INFO: [ app_end ] --END-- [ RunTime:0.001656s ]

[ 2018-05-01T01:31:40+08:00 ] 106.11.223.16 /admin/public/login
INFO: [ app_begin ] --START--
INFO: Run Behavior\ReadHtmlCacheBehavior [ RunTime:0.001543s ]
INFO: Run Behavior\CheckLangBehavior [ RunTime:0.002645s ]
INFO: Run Common\Behavior\UrldecodeGetBehavior [ RunTime:0.000901s ]
INFO: [ app_begin ] --END-- [ RunTime:0.006234s ]
INFO: [ admin_begin ] --START--
INFO: Run Common\Behavior\AdminDefaultLangBehavior [ RunTime:0.003248s ]
INFO: [ admin_begin ] --END-- [ RunTime:0.003353s ]
INFO: [ view_parse ] --START--
INFO: [ template_filter ] --START--
INFO: Run Behavior\ContentReplaceBehavior [ RunTime:0.000107s ]
INFO: [ template_filter ] --END-- [ RunTime:0.000188s ]
INFO: Run Behavior\ParseTemplateBehavior [ RunTime:0.017321s ]
INFO: [ view_parse ] --END-- [ RunTime:0.017407s ]
INFO: [ view_filter ] --START--
INFO: Run Behavior\WriteHtmlCacheBehavior [ RunTime:0.000840s ]
INFO: Run Common\Behavior\TmplStripSpaceBehavior [ RunTime:0.000930s ]
INFO: [ view_filter ] --END-- [ RunTime:0.001903s ]
INFO: [ app_end ] --START--
INFO: Run Behavior\ShowPageTraceBehavior [ RunTime:0.001561s ]
INFO: [ app_end ] --END-- [ RunTime:0.001638s ]

[ 2018-05-01T01:31:40+08:00 ] 106.11.222.83 /admin/public/login
INFO: [ app_begin ] --START--
INFO: Run Behavior\ReadHtmlCacheBehavior [ RunTime:0.001506s ]
INFO: Run Behavior\CheckLangBehavior [ RunTime:0.002669s ]
INFO: Run Common\Behavior\UrldecodeGetBehavior [ RunTime:0.000901s ]
INFO: [ app_begin ] --END-- [ RunTime:0.006224s ]
INFO: [ admin_begin ] --START--
INFO: Run Common\Behavior\AdminDefaultLangBehavior [ RunTime:0.003258s ]
INFO: [ admin_begin ] --END-- [ RunTime:0.003362s ]
INFO: [ view_parse ] --START--
INFO: [ template_filter ] --START--
INFO: Run Behavior\ContentReplaceBehavior [ RunTime:0.000105s ]
INFO: [ template_filter ] --END-- [ RunTime:0.000186s ]
INFO: Run Behavior\ParseTemplateBehavior [ RunTime:0.018369s ]
INFO: [ view_parse ] --END-- [ RunTime:0.018454s ]
INFO: [ view_filter ] --START--
INFO: Run Behavior\WriteHtmlCacheBehavior [ RunTime:0.000857s ]
INFO: Run Common\Behavior\TmplStripSpaceBehavior [ RunTime:0.000928s ]
INFO: [ view_filter ] --END-- [ RunTime:0.001909s ]
INFO: [ app_end ] --START--
INFO: Run Behavior\ShowPageTraceBehavior [ RunTime:0.001574s ]
INFO: [ app_end ] --END-- [ RunTime:0.001650s ]

[ 2018-05-01T18:56:09+08:00 ] 222.208.150.182 /Admin/Index/index
INFO: [ app_begin ] --START--
INFO: Run Behavior\ReadHtmlCacheBehavior [ RunTime:0.001495s ]
INFO: Run Behavior\CheckLangBehavior [ RunTime:0.002763s ]
INFO: Run Common\Behavior\UrldecodeGetBehavior [ RunTime:0.000893s ]
INFO: [ app_begin ] --END-- [ RunTime:0.006324s ]
INFO: [ admin_begin ] --START--
INFO: Run Common\Behavior\AdminDefaultLangBehavior [ RunTime:0.003303s ]
INFO: [ admin_begin ] --END-- [ RunTime:0.003409s ]
SQL: SHOW COLUMNS FROM `jz_options` [ RunTime:0.0028s ]
SQL: SELECT `option_value` FROM `jz_options` WHERE `option_name` = 'bonus' LIMIT 1   [ RunTime:0.0004s ]

[ 2018-05-01T18:56:09+08:00 ] 222.208.150.182 /admin/public/login
INFO: [ app_begin ] --START--
INFO: Run Behavior\ReadHtmlCacheBehavior [ RunTime:0.001521s ]
INFO: Run Behavior\CheckLangBehavior [ RunTime:0.002816s ]
INFO: Run Common\Behavior\UrldecodeGetBehavior [ RunTime:0.000906s ]
INFO: [ app_begin ] --END-- [ RunTime:0.006395s ]
INFO: [ admin_begin ] --START--
INFO: Run Common\Behavior\AdminDefaultLangBehavior [ RunTime:0.003306s ]
INFO: [ admin_begin ] --END-- [ RunTime:0.003414s ]
INFO: [ view_parse ] --START--
INFO: [ template_filter ] --START--
INFO: Run Behavior\ContentReplaceBehavior [ RunTime:0.000106s ]
INFO: [ template_filter ] --END-- [ RunTime:0.000187s ]
INFO: Run Behavior\ParseTemplateBehavior [ RunTime:0.017460s ]
INFO: [ view_parse ] --END-- [ RunTime:0.017547s ]
INFO: [ view_filter ] --START--
INFO: Run Behavior\WriteHtmlCacheBehavior [ RunTime:0.000855s ]
INFO: Run Common\Behavior\TmplStripSpaceBehavior [ RunTime:0.000955s ]
INFO: [ view_filter ] --END-- [ RunTime:0.001939s ]
INFO: [ app_end ] --START--
INFO: Run Behavior\ShowPageTraceBehavior [ RunTime:0.001531s ]
INFO: [ app_end ] --END-- [ RunTime:0.001607s ]

[ 2018-05-01T18:56:13+08:00 ] 222.208.150.182 /Admin/public/dologin
INFO: [ app_begin ] --START--
INFO: Run Behavior\ReadHtmlCacheBehavior [ RunTime:0.001553s ]
INFO: Run Behavior\CheckLangBehavior [ RunTime:0.002613s ]
INFO: Run Common\Behavior\UrldecodeGetBehavior [ RunTime:0.000970s ]
INFO: [ app_begin ] --END-- [ RunTime:0.006299s ]
INFO: [ admin_begin ] --START--
INFO: Run Common\Behavior\AdminDefaultLangBehavior [ RunTime:0.003285s ]
INFO: [ admin_begin ] --END-- [ RunTime:0.003384s ]
SQL: SHOW COLUMNS FROM `jz_users` [ RunTime:0.0032s ]
SQL: SELECT * FROM `jz_users` WHERE `user_login` = 'nle2018' LIMIT 1   [ RunTime:0.0012s ]
SQL: SHOW COLUMNS FROM `jz_role_user` [ RunTime:0.0026s ]
SQL: SELECT `role_id` FROM jz_role_user a INNER JOIN jz_role as b on a.role_id =b.id  WHERE `user_id` = '27' AND `status` = 1  [ RunTime:0.0004s ]
SQL: UPDATE `jz_users` SET `user_login`='nle2018',`user_pass`='###26c178fcdcdf5b859d2d5cb7ff282f89',`user_nicename`='',`user_email`='leo219@qq.com',`user_url`='',`avatar`=NULL,`sex`='0',`birthday`=NULL,`signature`=NULL,`last_login_ip`='222.208.150.182',`last_login_time`='2018-05-01 18:56:13',`create_time`='2018-02-12 05:51:04',`user_activation_key`='',`user_status`='1',`score`='0',`user_type`='1',`coin`='0',`mobile`='' WHERE `id` = '27' [ RunTime:0.0010s ]

[ 2018-05-01T18:56:14+08:00 ] 222.208.150.182 /Admin/Index/index
INFO: [ app_begin ] --START--
INFO: Run Behavior\ReadHtmlCacheBehavior [ RunTime:0.001533s ]
INFO: Run Behavior\CheckLangBehavior [ RunTime:0.002644s ]
INFO: Run Common\Behavior\UrldecodeGetBehavior [ RunTime:0.000957s ]
INFO: [ app_begin ] --END-- [ RunTime:0.006312s ]
INFO: [ admin_begin ] --START--
INFO: Run Common\Behavior\AdminDefaultLangBehavior [ RunTime:0.003260s ]
INFO: [ admin_begin ] --END-- [ RunTime:0.003404s ]
SQL: SHOW COLUMNS FROM `jz_options` [ RunTime:0.0027s ]
SQL: SELECT `option_value` FROM `jz_options` WHERE `option_name` = 'bonus' LIMIT 1   [ RunTime:0.0005s ]
SQL: SHOW COLUMNS FROM `jz_users` [ RunTime:0.0032s ]
SQL: SELECT * FROM `jz_users` WHERE `id` = '27' LIMIT 1   [ RunTime:0.0010s ]
SQL: SHOW COLUMNS FROM `jz_menu` [ RunTime:0.0030s ]
SQL: SELECT * FROM `jz_menu` WHERE `parentid` = 0 AND `status` = 1 ORDER BY `listorder` ASC  [ RunTime:0.0004s ]
SQL: SHOW COLUMNS FROM `jz_role_user` [ RunTime:0.0027s ]
SQL: SELECT `role_id` FROM jz_role_user a INNER JOIN jz_role as b on a.role_id =b.id  WHERE `user_id` = '27' AND `status` = 1  [ RunTime:0.0004s ]
SQL: SELECT `role_id` FROM jz_role_user a INNER JOIN jz_role as b on a.role_id =b.id  WHERE `user_id` = '27' AND `status` = 1  [ RunTime:0.0004s ]
SQL: SELECT `role_id` FROM jz_role_user a INNER JOIN jz_role as b on a.role_id =b.id  WHERE `user_id` = '27' AND `status` = 1  [ RunTime:0.0004s ]
SQL: SELECT `role_id` FROM jz_role_user a INNER JOIN jz_role as b on a.role_id =b.id  WHERE `user_id` = '27' AND `status` = 1  [ RunTime:0.0004s ]
SQL: SELECT `role_id` FROM jz_role_user a INNER JOIN jz_role as b on a.role_id =b.id  WHERE `user_id` = '27' AND `status` = 1  [ RunTime:0.0004s ]
SQL: SELECT * FROM `jz_menu` WHERE `parentid` = 109 AND `status` = 1 ORDER BY `listorder` ASC  [ RunTime:0.0004s ]
SQL: SELECT `role_id` FROM jz_role_user a INNER JOIN jz_role as b on a.role_id =b.id  WHERE `user_id` = '27' AND `status` = 1  [ RunTime:0.0004s ]
SQL: SELECT `role_id` FROM jz_role_user a INNER JOIN jz_role as b on a.role_id =b.id  WHERE `user_id` = '27' AND `status` = 1  [ RunTime:0.0004s ]
SQL: SELECT `role_id` FROM jz_role_user a INNER JOIN jz_role as b on a.role_id =b.id  WHERE `user_id` = '27' AND `status` = 1  [ RunTime:0.0004s ]
SQL: SELECT * FROM `jz_menu` WHERE `parentid` = 110 AND `status` = 1 ORDER BY `listorder` ASC  [ RunTime:0.0004s ]
SQL: SELECT `role_id` FROM jz_role_user a INNER JOIN jz_role as b on a.role_id =b.id  WHERE `user_id` = '27' AND `status` = 1  [ RunTime:0.0004s ]
SQL: SELECT `role_id` FROM jz_role_user a INNER JOIN jz_role as b on a.role_id =b.id  WHERE `user_id` = '27' AND `status` = 1  [ RunTime:0.0004s ]
SQL: SELECT * FROM `jz_menu` WHERE `parentid` = 111 AND `status` = 1 ORDER BY `listorder` ASC  [ RunTime:0.0004s ]
SQL: SELECT * FROM `jz_menu` WHERE `parentid` = 113 AND `status` = 1 ORDER BY `listorder` ASC  [ RunTime:0.0004s ]
SQL: SELECT * FROM `jz_menu` WHERE `parentid` = 115 AND `status` = 1 ORDER BY `listorder` ASC  [ RunTime:0.0004s ]
SQL: SELECT * FROM `jz_menu` WHERE `parentid` = 139 AND `status` = 1 ORDER BY `listorder` ASC  [ RunTime:0.0004s ]
SQL: SELECT `role_id` FROM jz_role_user a INNER JOIN jz_role as b on a.role_id =b.id  WHERE `user_id` = '27' AND `status` = 1  [ RunTime:0.0004s ]
SQL: SELECT * FROM `jz_menu` WHERE `parentid` = 149 AND `status` = 1 ORDER BY `listorder` ASC  [ RunTime:0.0004s ]
SQL: SELECT * FROM `jz_menu` WHERE `parentid` = 188 AND `status` = 1 ORDER BY `listorder` ASC  [ RunTime:0.0004s ]
SQL: SELECT `role_id` FROM jz_role_user a INNER JOIN jz_role as b on a.role_id =b.id  WHERE `user_id` = '27' AND `status` = 1  [ RunTime:0.0004s ]
SQL: SELECT `role_id` FROM jz_role_user a INNER JOIN jz_role as b on a.role_id =b.id  WHERE `user_id` = '27' AND `status` = 1  [ RunTime:0.0004s ]
SQL: SELECT `role_id` FROM jz_role_user a INNER JOIN jz_role as b on a.role_id =b.id  WHERE `user_id` = '27' AND `status` = 1  [ RunTime:0.0004s ]
SQL: SELECT * FROM `jz_menu` WHERE `parentid` = 189 AND `status` = 1 ORDER BY `listorder` ASC  [ RunTime:0.0004s ]
SQL: SELECT * FROM `jz_menu` WHERE `parentid` = 190 AND `status` = 1 ORDER BY `listorder` ASC  [ RunTime:0.0004s ]
SQL: SELECT * FROM `jz_menu` WHERE `parentid` = 232 AND `status` = 1 ORDER BY `listorder` ASC  [ RunTime:0.0004s ]
SQL: SELECT * FROM `jz_menu` WHERE `parentid` = 225 AND `status` = 1 ORDER BY `listorder` ASC  [ RunTime:0.0004s ]
SQL: SELECT `role_id` FROM jz_role_user a INNER JOIN jz_role as b on a.role_id =b.id  WHERE `user_id` = '27' AND `status` = 1  [ RunTime:0.0004s ]
SQL: SELECT `role_id` FROM jz_role_user a INNER JOIN jz_role as b on a.role_id =b.id  WHERE `user_id` = '27' AND `status` = 1  [ RunTime:0.0004s ]
SQL: SELECT * FROM `jz_menu` WHERE `parentid` = 226 AND `status` = 1 ORDER BY `listorder` ASC  [ RunTime:0.0004s ]
SQL: SELECT * FROM `jz_menu` WHERE `parentid` = 227 AND `status` = 1 ORDER BY `listorder` ASC  [ RunTime:0.0004s ]
SQL: SELECT * FROM `jz_menu` WHERE `parentid` = 40 AND `status` = 1 ORDER BY `listorder` ASC  [ RunTime:0.0004s ]
SQL: SELECT `role_id` FROM jz_role_user a INNER JOIN jz_role as b on a.role_id =b.id  WHERE `user_id` = '27' AND `status` = 1  [ RunTime:0.0004s ]
SQL: SELECT `role_id` FROM jz_role_user a INNER JOIN jz_role as b on a.role_id =b.id  WHERE `user_id` = '27' AND `status` = 1  [ RunTime:0.0004s ]
SQL: SELECT * FROM `jz_menu` WHERE `parentid` = 41 AND `status` = 1 ORDER BY `listorder` ASC  [ RunTime:0.0004s ]
SQL: SELECT * FROM `jz_menu` WHERE `parentid` = 42 AND `status` = 1 ORDER BY `listorder` ASC  [ RunTime:0.0004s ]
SQL: SELECT * FROM `jz_menu` WHERE `parentid` = 221 AND `status` = 1 ORDER BY `listorder` ASC  [ RunTime:0.0004s ]
SQL: SELECT `role_id` FROM jz_role_user a INNER JOIN jz_role as b on a.role_id =b.id  WHERE `user_id` = '27' AND `status` = 1  [ RunTime:0.0004s ]
SQL: SELECT `role_id` FROM jz_role_user a INNER JOIN jz_role as b on a.role_id =b.id  WHERE `user_id` = '27' AND `status` = 1  [ RunTime:0.0004s ]
SQL: SELECT `role_id` FROM jz_role_user a INNER JOIN jz_role as b on a.role_id =b.id  WHERE `user_id` = '27' AND `status` = 1  [ RunTime:0.0004s ]
SQL: SELECT * FROM `jz_menu` WHERE `parentid` = 222 AND `status` = 1 ORDER BY `listorder` ASC  [ RunTime:0.0004s ]
SQL: SELECT * FROM `jz_menu` WHERE `parentid` = 223 AND `status` = 1 ORDER BY `listorder` ASC  [ RunTime:0.0004s ]
SQL: SELECT * FROM `jz_menu` WHERE `parentid` = 228 AND `status` = 1 ORDER BY `listorder` ASC  [ RunTime:0.0004s ]
INFO: [ view_parse ] --START--
INFO: [ template_filter ] --START--
INFO: Run Behavior\ContentReplaceBehavior [ RunTime:0.000296s ]
INFO: [ template_filter ] --END-- [ RunTime:0.000411s ]
SQL: SELECT `role_id` FROM jz_role_user a INNER JOIN jz_role as b on a.role_id =b.id  WHERE `user_id` = '27' AND `status` = 1  [ RunTime:0.0004s ]
SQL: SELECT `role_id` FROM jz_role_user a INNER JOIN jz_role as b on a.role_id =b.id  WHERE `user_id` = '27' AND `status` = 1  [ RunTime:0.0004s ]
SQL: SELECT `role_id` FROM jz_role_user a INNER JOIN jz_role as b on a.role_id =b.id  WHERE `user_id` = '27' AND `status` = 1  [ RunTime:0.0004s ]
NOTIC: [8] Undefined variable: Think /www/wwwroot/niulaile.qzkvd.com/data/runtime/Cache/Admin/5fbeb4d50be835b15c35a2bc40c02ee0.php 第 167 行.
SQL: SELECT `role_id` FROM jz_role_user a INNER JOIN jz_role as b on a.role_id =b.id  WHERE `user_id` = '27' AND `status` = 1  [ RunTime:0.0004s ]
SQL: SELECT `role_id` FROM jz_role_user a INNER JOIN jz_role as b on a.role_id =b.id  WHERE `user_id` = '27' AND `status` = 1  [ RunTime:0.0004s ]
SQL: SELECT `role_id` FROM jz_role_user a INNER JOIN jz_role as b on a.role_id =b.id  WHERE `user_id` = '27' AND `status` = 1  [ RunTime:0.0004s ]
INFO: Run Behavior\ParseTemplateBehavior [ RunTime:0.031367s ]
INFO: [ view_parse ] --END-- [ RunTime:0.031430s ]
INFO: [ view_filter ] --START--
INFO: Run Behavior\WriteHtmlCacheBehavior [ RunTime:0.000863s ]
INFO: Run Common\Behavior\TmplStripSpaceBehavior [ RunTime:0.000911s ]
INFO: [ view_filter ] --END-- [ RunTime:0.001948s ]
INFO: [ app_end ] --START--
INFO: Run Behavior\ShowPageTraceBehavior [ RunTime:0.001599s ]
INFO: [ app_end ] --END-- [ RunTime:0.001701s ]

[ 2018-05-01T18:56:14+08:00 ] 222.208.150.182 /Admin/Main/index
INFO: [ app_begin ] --START--
INFO: Run Behavior\ReadHtmlCacheBehavior [ RunTime:0.001545s ]
INFO: Run Behavior\CheckLangBehavior [ RunTime:0.003116s ]
INFO: Run Common\Behavior\UrldecodeGetBehavior [ RunTime:0.000914s ]
INFO: [ app_begin ] --END-- [ RunTime:0.006719s ]
INFO: [ admin_begin ] --START--
INFO: Run Common\Behavior\AdminDefaultLangBehavior [ RunTime:0.003768s ]
INFO: [ admin_begin ] --END-- [ RunTime:0.003872s ]
SQL: SHOW COLUMNS FROM `jz_options` [ RunTime:0.0027s ]
SQL: SELECT `option_value` FROM `jz_options` WHERE `option_name` = 'bonus' LIMIT 1   [ RunTime:0.0004s ]
SQL: SHOW COLUMNS FROM `jz_users` [ RunTime:0.0032s ]
SQL: SELECT * FROM `jz_users` WHERE `id` = '27' LIMIT 1   [ RunTime:0.0005s ]
SQL: select VERSION() as version [ RunTime:0.0005s ]
INFO: [ view_parse ] --START--
INFO: [ template_filter ] --START--
INFO: Run Behavior\ContentReplaceBehavior [ RunTime:0.000118s ]
INFO: [ template_filter ] --END-- [ RunTime:0.000192s ]
INFO: Run Behavior\ParseTemplateBehavior [ RunTime:0.020210s ]
INFO: [ view_parse ] --END-- [ RunTime:0.020297s ]
INFO: [ view_filter ] --START--
INFO: Run Behavior\WriteHtmlCacheBehavior [ RunTime:0.000884s ]
INFO: Run Common\Behavior\TmplStripSpaceBehavior [ RunTime:0.000955s ]
INFO: [ view_filter ] --END-- [ RunTime:0.001967s ]
INFO: [ app_end ] --START--
INFO: Run Behavior\ShowPageTraceBehavior [ RunTime:0.001568s ]
INFO: [ app_end ] --END-- [ RunTime:0.001643s ]

[ 2018-05-01T18:56:20+08:00 ] 222.208.150.182 /Admin/User/index
INFO: [ app_begin ] --START--
INFO: Run Behavior\ReadHtmlCacheBehavior [ RunTime:0.001569s ]
INFO: Run Behavior\CheckLangBehavior [ RunTime:0.003167s ]
INFO: Run Common\Behavior\UrldecodeGetBehavior [ RunTime:0.000929s ]
INFO: [ app_begin ] --END-- [ RunTime:0.006806s ]
INFO: [ admin_begin ] --START--
INFO: Run Common\Behavior\AdminDefaultLangBehavior [ RunTime:0.003741s ]
INFO: [ admin_begin ] --END-- [ RunTime:0.003846s ]
SQL: SHOW COLUMNS FROM `jz_options` [ RunTime:0.0027s ]
SQL: SELECT `option_value` FROM `jz_options` WHERE `option_name` = 'bonus' LIMIT 1   [ RunTime:0.0004s ]
SQL: SHOW COLUMNS FROM `jz_users` [ RunTime:0.0033s ]
SQL: SELECT * FROM `jz_users` WHERE `id` = '27' LIMIT 1   [ RunTime:0.0005s ]
SQL: SHOW COLUMNS FROM `jz_role_user` [ RunTime:0.0027s ]
SQL: SELECT `role_id` FROM jz_role_user a INNER JOIN jz_role as b on a.role_id =b.id  WHERE `user_id` = '27' AND `status` = 1  [ RunTime:0.0004s ]
SQL: SHOW COLUMNS FROM `jz_users` [ RunTime:0.0032s ]
SQL: SHOW COLUMNS FROM `jz_role` [ RunTime:0.0029s ]
SQL: SELECT COUNT(*) AS tp_count FROM `jz_users` WHERE `user_type` = 1 LIMIT 1   [ RunTime:0.0008s ]
SQL: SELECT * FROM `jz_users` WHERE `user_type` = 1 ORDER BY create_time DESC LIMIT 0,20   [ RunTime:0.0010s ]
SQL: SELECT * FROM `jz_role`  [ RunTime:0.0005s ]
INFO: [ view_parse ] --START--
INFO: [ template_filter ] --START--
INFO: Run Behavior\ContentReplaceBehavior [ RunTime:0.000153s ]
INFO: [ template_filter ] --END-- [ RunTime:0.000265s ]
INFO: Run Behavior\ParseTemplateBehavior [ RunTime:0.023784s ]
INFO: [ view_parse ] --END-- [ RunTime:0.023867s ]
INFO: [ view_filter ] --START--
INFO: Run Behavior\WriteHtmlCacheBehavior [ RunTime:0.000867s ]
INFO: Run Common\Behavior\TmplStripSpaceBehavior [ RunTime:0.000954s ]
INFO: [ view_filter ] --END-- [ RunTime:0.001948s ]
INFO: [ app_end ] --START--
INFO: Run Behavior\ShowPageTraceBehavior [ RunTime:0.001620s ]
INFO: [ app_end ] --END-- [ RunTime:0.001697s ]

[ 2018-05-01T18:56:25+08:00 ] 222.208.150.182 /Admin/user/delete/id/28
INFO: [ app_begin ] --START--
INFO: Run Behavior\ReadHtmlCacheBehavior [ RunTime:0.001583s ]
INFO: Run Behavior\CheckLangBehavior [ RunTime:0.003135s ]
INFO: Run Common\Behavior\UrldecodeGetBehavior [ RunTime:0.000927s ]
INFO: [ app_begin ] --END-- [ RunTime:0.006788s ]
INFO: [ admin_begin ] --START--
INFO: Run Common\Behavior\AdminDefaultLangBehavior [ RunTime:0.003817s ]
INFO: [ admin_begin ] --END-- [ RunTime:0.003917s ]
SQL: SHOW COLUMNS FROM `jz_options` [ RunTime:0.0027s ]
SQL: SELECT `option_value` FROM `jz_options` WHERE `option_name` = 'bonus' LIMIT 1   [ RunTime:0.0004s ]
SQL: SHOW COLUMNS FROM `jz_users` [ RunTime:0.0032s ]
SQL: SELECT * FROM `jz_users` WHERE `id` = '27' LIMIT 1   [ RunTime:0.0005s ]
SQL: SHOW COLUMNS FROM `jz_role_user` [ RunTime:0.0027s ]
SQL: SELECT `role_id` FROM jz_role_user a INNER JOIN jz_role as b on a.role_id =b.id  WHERE `user_id` = '27' AND `status` = 1  [ RunTime:0.0004s ]
SQL: SHOW COLUMNS FROM `jz_users` [ RunTime:0.0032s ]
SQL: SHOW COLUMNS FROM `jz_role` [ RunTime:0.0029s ]
SQL: DELETE FROM `jz_users` WHERE `id` = 28 [ RunTime:0.0008s ]
SQL: DELETE FROM `jz_role_user` WHERE `user_id` = 28 [ RunTime:0.0008s ]

[ 2018-05-01T18:56:25+08:00 ] 222.208.150.182 /Admin/User/index
INFO: [ app_begin ] --START--
INFO: Run Behavior\ReadHtmlCacheBehavior [ RunTime:0.001514s ]
INFO: Run Behavior\CheckLangBehavior [ RunTime:0.003168s ]
INFO: Run Common\Behavior\UrldecodeGetBehavior [ RunTime:0.000982s ]
INFO: [ app_begin ] --END-- [ RunTime:0.006845s ]
INFO: [ admin_begin ] --START--
INFO: Run Common\Behavior\AdminDefaultLangBehavior [ RunTime:0.003926s ]
INFO: [ admin_begin ] --END-- [ RunTime:0.004031s ]
SQL: SHOW COLUMNS FROM `jz_options` [ RunTime:0.0027s ]
SQL: SELECT `option_value` FROM `jz_options` WHERE `option_name` = 'bonus' LIMIT 1   [ RunTime:0.0004s ]
SQL: SHOW COLUMNS FROM `jz_users` [ RunTime:0.0032s ]
SQL: SELECT * FROM `jz_users` WHERE `id` = '27' LIMIT 1   [ RunTime:0.0009s ]
SQL: SHOW COLUMNS FROM `jz_role_user` [ RunTime:0.0027s ]
SQL: SELECT `role_id` FROM jz_role_user a INNER JOIN jz_role as b on a.role_id =b.id  WHERE `user_id` = '27' AND `status` = 1  [ RunTime:0.0011s ]
SQL: SHOW COLUMNS FROM `jz_users` [ RunTime:0.0032s ]
SQL: SHOW COLUMNS FROM `jz_role` [ RunTime:0.0028s ]
SQL: SELECT COUNT(*) AS tp_count FROM `jz_users` WHERE `user_type` = 1 LIMIT 1   [ RunTime:0.0008s ]
SQL: SELECT * FROM `jz_users` WHERE `user_type` = 1 ORDER BY create_time DESC LIMIT 0,20   [ RunTime:0.0009s ]
SQL: SELECT * FROM `jz_role`  [ RunTime:0.0004s ]
INFO: [ view_parse ] --START--
INFO: [ template_filter ] --START--
INFO: Run Behavior\ContentReplaceBehavior [ RunTime:0.000151s ]
INFO: [ template_filter ] --END-- [ RunTime:0.000227s ]
INFO: Run Behavior\ParseTemplateBehavior [ RunTime:0.023948s ]
INFO: [ view_parse ] --END-- [ RunTime:0.024033s ]
INFO: [ view_filter ] --START--
INFO: Run Behavior\WriteHtmlCacheBehavior [ RunTime:0.000875s ]
INFO: Run Common\Behavior\TmplStripSpaceBehavior [ RunTime:0.000983s ]
INFO: [ view_filter ] --END-- [ RunTime:0.001986s ]
INFO: [ app_end ] --START--
INFO: Run Behavior\ShowPageTraceBehavior [ RunTime:0.001576s ]
INFO: [ app_end ] --END-- [ RunTime:0.001654s ]

[ 2018-05-01T21:41:29+08:00 ] 222.208.150.182 /Admin/Index/index
INFO: [ app_begin ] --START--
INFO: Run Behavior\ReadHtmlCacheBehavior [ RunTime:0.001598s ]
INFO: Run Behavior\CheckLangBehavior [ RunTime:0.002756s ]
INFO: Run Common\Behavior\UrldecodeGetBehavior [ RunTime:0.000913s ]
INFO: [ app_begin ] --END-- [ RunTime:0.006412s ]
INFO: [ admin_begin ] --START--
INFO: Run Common\Behavior\AdminDefaultLangBehavior [ RunTime:0.003273s ]
INFO: [ admin_begin ] --END-- [ RunTime:0.003414s ]
SQL: SHOW COLUMNS FROM `jz_options` [ RunTime:0.0028s ]
SQL: SELECT `option_value` FROM `jz_options` WHERE `option_name` = 'bonus' LIMIT 1   [ RunTime:0.0005s ]

[ 2018-05-01T21:41:29+08:00 ] 222.208.150.182 /admin/public/login
INFO: [ app_begin ] --START--
INFO: Run Behavior\ReadHtmlCacheBehavior [ RunTime:0.001524s ]
INFO: Run Behavior\CheckLangBehavior [ RunTime:0.002630s ]
INFO: Run Common\Behavior\UrldecodeGetBehavior [ RunTime:0.000890s ]
INFO: [ app_begin ] --END-- [ RunTime:0.006198s ]
INFO: [ admin_begin ] --START--
INFO: Run Common\Behavior\AdminDefaultLangBehavior [ RunTime:0.003236s ]
INFO: [ admin_begin ] --END-- [ RunTime:0.003342s ]
INFO: [ view_parse ] --START--
INFO: [ template_filter ] --START--
INFO: Run Behavior\ContentReplaceBehavior [ RunTime:0.000108s ]
INFO: [ template_filter ] --END-- [ RunTime:0.000190s ]
INFO: Run Behavior\ParseTemplateBehavior [ RunTime:0.017208s ]
INFO: [ view_parse ] --END-- [ RunTime:0.017296s ]
INFO: [ view_filter ] --START--
INFO: Run Behavior\WriteHtmlCacheBehavior [ RunTime:0.000845s ]
INFO: Run Common\Behavior\TmplStripSpaceBehavior [ RunTime:0.000923s ]
INFO: [ view_filter ] --END-- [ RunTime:0.001895s ]
INFO: [ app_end ] --START--
INFO: Run Behavior\ShowPageTraceBehavior [ RunTime:0.001575s ]
INFO: [ app_end ] --END-- [ RunTime:0.001655s ]

[ 2018-05-01T21:41:34+08:00 ] 222.208.150.182 /Admin/public/dologin
INFO: [ app_begin ] --START--
INFO: Run Behavior\ReadHtmlCacheBehavior [ RunTime:0.001607s ]
INFO: Run Behavior\CheckLangBehavior [ RunTime:0.003017s ]
INFO: Run Common\Behavior\UrldecodeGetBehavior [ RunTime:0.001415s ]
INFO: [ app_begin ] --END-- [ RunTime:0.007326s ]
INFO: [ admin_begin ] --START--
INFO: Run Common\Behavior\AdminDefaultLangBehavior [ RunTime:0.003508s ]
INFO: [ admin_begin ] --END-- [ RunTime:0.003619s ]
SQL: SHOW COLUMNS FROM `jz_users` [ RunTime:0.0032s ]
SQL: SELECT * FROM `jz_users` WHERE `user_login` = 'nle2018' LIMIT 1   [ RunTime:0.0011s ]
SQL: SHOW COLUMNS FROM `jz_role_user` [ RunTime:0.0026s ]
SQL: SELECT `role_id` FROM jz_role_user a INNER JOIN jz_role as b on a.role_id =b.id  WHERE `user_id` = '27' AND `status` = 1  [ RunTime:0.0004s ]
SQL: UPDATE `jz_users` SET `user_login`='nle2018',`user_pass`='###26c178fcdcdf5b859d2d5cb7ff282f89',`user_nicename`='',`user_email`='leo219@qq.com',`user_url`='',`avatar`=NULL,`sex`='0',`birthday`=NULL,`signature`=NULL,`last_login_ip`='222.208.150.182',`last_login_time`='2018-05-01 21:41:34',`create_time`='2018-02-12 05:51:04',`user_activation_key`='',`user_status`='1',`score`='0',`user_type`='1',`coin`='0',`mobile`='' WHERE `id` = '27' [ RunTime:0.0011s ]

[ 2018-05-01T21:41:35+08:00 ] 222.208.150.182 /Admin/Index/index
INFO: [ app_begin ] --START--
INFO: Run Behavior\ReadHtmlCacheBehavior [ RunTime:0.001572s ]
INFO: Run Behavior\CheckLangBehavior [ RunTime:0.002642s ]
INFO: Run Common\Behavior\UrldecodeGetBehavior [ RunTime:0.000937s ]
INFO: [ app_begin ] --END-- [ RunTime:0.006261s ]
INFO: [ admin_begin ] --START--
INFO: Run Common\Behavior\AdminDefaultLangBehavior [ RunTime:0.003255s ]
INFO: [ admin_begin ] --END-- [ RunTime:0.003358s ]
SQL: SHOW COLUMNS FROM `jz_options` [ RunTime:0.0027s ]
SQL: SELECT `option_value` FROM `jz_options` WHERE `option_name` = 'bonus' LIMIT 1   [ RunTime:0.0004s ]
SQL: SHOW COLUMNS FROM `jz_users` [ RunTime:0.0032s ]
SQL: SELECT * FROM `jz_users` WHERE `id` = '27' LIMIT 1   [ RunTime:0.0009s ]
SQL: SHOW COLUMNS FROM `jz_menu` [ RunTime:0.0030s ]
SQL: SELECT * FROM `jz_menu` WHERE `parentid` = 0 AND `status` = 1 ORDER BY `listorder` ASC  [ RunTime:0.0004s ]
SQL: SHOW COLUMNS FROM `jz_role_user` [ RunTime:0.0027s ]
SQL: SELECT `role_id` FROM jz_role_user a INNER JOIN jz_role as b on a.role_id =b.id  WHERE `user_id` = '27' AND `status` = 1  [ RunTime:0.0004s ]
SQL: SELECT `role_id` FROM jz_role_user a INNER JOIN jz_role as b on a.role_id =b.id  WHERE `user_id` = '27' AND `status` = 1  [ RunTime:0.0004s ]
SQL: SELECT `role_id` FROM jz_role_user a INNER JOIN jz_role as b on a.role_id =b.id  WHERE `user_id` = '27' AND `status` = 1  [ RunTime:0.0004s ]
SQL: SELECT `role_id` FROM jz_role_user a INNER JOIN jz_role as b on a.role_id =b.id  WHERE `user_id` = '27' AND `status` = 1  [ RunTime:0.0004s ]
SQL: SELECT `role_id` FROM jz_role_user a INNER JOIN jz_role as b on a.role_id =b.id  WHERE `user_id` = '27' AND `status` = 1  [ RunTime:0.0004s ]
SQL: SELECT * FROM `jz_menu` WHERE `parentid` = 109 AND `status` = 1 ORDER BY `listorder` ASC  [ RunTime:0.0004s ]
SQL: SELECT `role_id` FROM jz_role_user a INNER JOIN jz_role as b on a.role_id =b.id  WHERE `user_id` = '27' AND `status` = 1  [ RunTime:0.0004s ]
SQL: SELECT `role_id` FROM jz_role_user a INNER JOIN jz_role as b on a.role_id =b.id  WHERE `user_id` = '27' AND `status` = 1  [ RunTime:0.0004s ]
SQL: SELECT `role_id` FROM jz_role_user a INNER JOIN jz_role as b on a.role_id =b.id  WHERE `user_id` = '27' AND `status` = 1  [ RunTime:0.0004s ]
SQL: SELECT * FROM `jz_menu` WHERE `parentid` = 110 AND `status` = 1 ORDER BY `listorder` ASC  [ RunTime:0.0004s ]
SQL: SELECT `role_id` FROM jz_role_user a INNER JOIN jz_role as b on a.role_id =b.id  WHERE `user_id` = '27' AND `status` = 1  [ RunTime:0.0004s ]
SQL: SELECT `role_id` FROM jz_role_user a INNER JOIN jz_role as b on a.role_id =b.id  WHERE `user_id` = '27' AND `status` = 1  [ RunTime:0.0004s ]
SQL: SELECT * FROM `jz_menu` WHERE `parentid` = 111 AND `status` = 1 ORDER BY `listorder` ASC  [ RunTime:0.0004s ]
SQL: SELECT * FROM `jz_menu` WHERE `parentid` = 113 AND `status` = 1 ORDER BY `listorder` ASC  [ RunTime:0.0004s ]
SQL: SELECT * FROM `jz_menu` WHERE `parentid` = 115 AND `status` = 1 ORDER BY `listorder` ASC  [ RunTime:0.0004s ]
SQL: SELECT * FROM `jz_menu` WHERE `parentid` = 139 AND `status` = 1 ORDER BY `listorder` ASC  [ RunTime:0.0004s ]
SQL: SELECT `role_id` FROM jz_role_user a INNER JOIN jz_role as b on a.role_id =b.id  WHERE `user_id` = '27' AND `status` = 1  [ RunTime:0.0004s ]
SQL: SELECT * FROM `jz_menu` WHERE `parentid` = 149 AND `status` = 1 ORDER BY `listorder` ASC  [ RunTime:0.0004s ]
SQL: SELECT * FROM `jz_menu` WHERE `parentid` = 188 AND `status` = 1 ORDER BY `listorder` ASC  [ RunTime:0.0004s ]
SQL: SELECT `role_id` FROM jz_role_user a INNER JOIN jz_role as b on a.role_id =b.id  WHERE `user_id` = '27' AND `status` = 1  [ RunTime:0.0004s ]
SQL: SELECT `role_id` FROM jz_role_user a INNER JOIN jz_role as b on a.role_id =b.id  WHERE `user_id` = '27' AND `status` = 1  [ RunTime:0.0004s ]
SQL: SELECT `role_id` FROM jz_role_user a INNER JOIN jz_role as b on a.role_id =b.id  WHERE `user_id` = '27' AND `status` = 1  [ RunTime:0.0004s ]
SQL: SELECT * FROM `jz_menu` WHERE `parentid` = 189 AND `status` = 1 ORDER BY `listorder` ASC  [ RunTime:0.0004s ]
SQL: SELECT * FROM `jz_menu` WHERE `parentid` = 190 AND `status` = 1 ORDER BY `listorder` ASC  [ RunTime:0.0004s ]
SQL: SELECT * FROM `jz_menu` WHERE `parentid` = 232 AND `status` = 1 ORDER BY `listorder` ASC  [ RunTime:0.0004s ]
SQL: SELECT * FROM `jz_menu` WHERE `parentid` = 225 AND `status` = 1 ORDER BY `listorder` ASC  [ RunTime:0.0004s ]
SQL: SELECT `role_id` FROM jz_role_user a INNER JOIN jz_role as b on a.role_id =b.id  WHERE `user_id` = '27' AND `status` = 1  [ RunTime:0.0004s ]
SQL: SELECT `role_id` FROM jz_role_user a INNER JOIN jz_role as b on a.role_id =b.id  WHERE `user_id` = '27' AND `status` = 1  [ RunTime:0.0004s ]
SQL: SELECT * FROM `jz_menu` WHERE `parentid` = 226 AND `status` = 1 ORDER BY `listorder` ASC  [ RunTime:0.0004s ]
SQL: SELECT * FROM `jz_menu` WHERE `parentid` = 227 AND `status` = 1 ORDER BY `listorder` ASC  [ RunTime:0.0004s ]
SQL: SELECT * FROM `jz_menu` WHERE `parentid` = 40 AND `status` = 1 ORDER BY `listorder` ASC  [ RunTime:0.0004s ]
SQL: SELECT `role_id` FROM jz_role_user a INNER JOIN jz_role as b on a.role_id =b.id  WHERE `user_id` = '27' AND `status` = 1  [ RunTime:0.0004s ]
SQL: SELECT `role_id` FROM jz_role_user a INNER JOIN jz_role as b on a.role_id =b.id  WHERE `user_id` = '27' AND `status` = 1  [ RunTime:0.0004s ]
SQL: SELECT * FROM `jz_menu` WHERE `parentid` = 41 AND `status` = 1 ORDER BY `listorder` ASC  [ RunTime:0.0004s ]
SQL: SELECT * FROM `jz_menu` WHERE `parentid` = 42 AND `status` = 1 ORDER BY `listorder` ASC  [ RunTime:0.0004s ]
SQL: SELECT * FROM `jz_menu` WHERE `parentid` = 221 AND `status` = 1 ORDER BY `listorder` ASC  [ RunTime:0.0004s ]
SQL: SELECT `role_id` FROM jz_role_user a INNER JOIN jz_role as b on a.role_id =b.id  WHERE `user_id` = '27' AND `status` = 1  [ RunTime:0.0004s ]
SQL: SELECT `role_id` FROM jz_role_user a INNER JOIN jz_role as b on a.role_id =b.id  WHERE `user_id` = '27' AND `status` = 1  [ RunTime:0.0004s ]
SQL: SELECT `role_id` FROM jz_role_user a INNER JOIN jz_role as b on a.role_id =b.id  WHERE `user_id` = '27' AND `status` = 1  [ RunTime:0.0004s ]
SQL: SELECT * FROM `jz_menu` WHERE `parentid` = 222 AND `status` = 1 ORDER BY `listorder` ASC  [ RunTime:0.0004s ]
SQL: SELECT * FROM `jz_menu` WHERE `parentid` = 223 AND `status` = 1 ORDER BY `listorder` ASC  [ RunTime:0.0004s ]
SQL: SELECT * FROM `jz_menu` WHERE `parentid` = 228 AND `status` = 1 ORDER BY `listorder` ASC  [ RunTime:0.0004s ]
INFO: [ view_parse ] --START--
INFO: [ template_filter ] --START--
INFO: Run Behavior\ContentReplaceBehavior [ RunTime:0.000326s ]
INFO: [ template_filter ] --END-- [ RunTime:0.000411s ]
SQL: SELECT `role_id` FROM jz_role_user a INNER JOIN jz_role as b on a.role_id =b.id  WHERE `user_id` = '27' AND `status` = 1  [ RunTime:0.0004s ]
SQL: SELECT `role_id` FROM jz_role_user a INNER JOIN jz_role as b on a.role_id =b.id  WHERE `user_id` = '27' AND `status` = 1  [ RunTime:0.0004s ]
SQL: SELECT `role_id` FROM jz_role_user a INNER JOIN jz_role as b on a.role_id =b.id  WHERE `user_id` = '27' AND `status` = 1  [ RunTime:0.0004s ]
NOTIC: [8] Undefined variable: Think /www/wwwroot/niulaile.qzkvd.com/data/runtime/Cache/Admin/5fbeb4d50be835b15c35a2bc40c02ee0.php 第 167 行.
SQL: SELECT `role_id` FROM jz_role_user a INNER JOIN jz_role as b on a.role_id =b.id  WHERE `user_id` = '27' AND `status` = 1  [ RunTime:0.0004s ]
SQL: SELECT `role_id` FROM jz_role_user a INNER JOIN jz_role as b on a.role_id =b.id  WHERE `user_id` = '27' AND `status` = 1  [ RunTime:0.0004s ]
SQL: SELECT `role_id` FROM jz_role_user a INNER JOIN jz_role as b on a.role_id =b.id  WHERE `user_id` = '27' AND `status` = 1  [ RunTime:0.0004s ]
INFO: Run Behavior\ParseTemplateBehavior [ RunTime:0.031427s ]
INFO: [ view_parse ] --END-- [ RunTime:0.031538s ]
INFO: [ view_filter ] --START--
INFO: Run Behavior\WriteHtmlCacheBehavior [ RunTime:0.000848s ]
INFO: Run Common\Behavior\TmplStripSpaceBehavior [ RunTime:0.000908s ]
INFO: [ view_filter ] --END-- [ RunTime:0.001953s ]
INFO: [ app_end ] --START--
INFO: Run Behavior\ShowPageTraceBehavior [ RunTime:0.001616s ]
INFO: [ app_end ] --END-- [ RunTime:0.001703s ]

[ 2018-05-01T21:41:35+08:00 ] 222.208.150.182 /Admin/Main/index
INFO: [ app_begin ] --START--
INFO: Run Behavior\ReadHtmlCacheBehavior [ RunTime:0.001553s ]
INFO: Run Behavior\CheckLangBehavior [ RunTime:0.003040s ]
INFO: Run Common\Behavior\UrldecodeGetBehavior [ RunTime:0.000909s ]
INFO: [ app_begin ] --END-- [ RunTime:0.006644s ]
INFO: [ admin_begin ] --START--
INFO: Run Common\Behavior\AdminDefaultLangBehavior [ RunTime:0.003742s ]
INFO: [ admin_begin ] --END-- [ RunTime:0.003848s ]
SQL: SHOW COLUMNS FROM `jz_options` [ RunTime:0.0028s ]
SQL: SELECT `option_value` FROM `jz_options` WHERE `option_name` = 'bonus' LIMIT 1   [ RunTime:0.0005s ]
SQL: SHOW COLUMNS FROM `jz_users` [ RunTime:0.0033s ]
SQL: SELECT * FROM `jz_users` WHERE `id` = '27' LIMIT 1   [ RunTime:0.0005s ]
SQL: select VERSION() as version [ RunTime:0.0005s ]
INFO: [ view_parse ] --START--
INFO: [ template_filter ] --START--
INFO: Run Behavior\ContentReplaceBehavior [ RunTime:0.000118s ]
INFO: [ template_filter ] --END-- [ RunTime:0.000193s ]
INFO: Run Behavior\ParseTemplateBehavior [ RunTime:0.020468s ]
INFO: [ view_parse ] --END-- [ RunTime:0.020556s ]
INFO: [ view_filter ] --START--
INFO: Run Behavior\WriteHtmlCacheBehavior [ RunTime:0.000856s ]
INFO: Run Common\Behavior\TmplStripSpaceBehavior [ RunTime:0.000941s ]
INFO: [ view_filter ] --END-- [ RunTime:0.001926s ]
INFO: [ app_end ] --START--
INFO: Run Behavior\ShowPageTraceBehavior [ RunTime:0.001588s ]
INFO: [ app_end ] --END-- [ RunTime:0.001666s ]

