[ 2018-05-19T20:54:14+08:00 ] 222.208.150.141 /admin/public/login
INFO: [ app_begin ] --START--
INFO: Run Behavior\ReadHtmlCacheBehavior [ RunTime:0.001501s ]
INFO: Run Behavior\CheckLangBehavior [ RunTime:0.002750s ]
INFO: Run Common\Behavior\UrldecodeGetBehavior [ RunTime:0.000907s ]
INFO: [ app_begin ] --END-- [ RunTime:0.006302s ]
INFO: [ admin_begin ] --START--
INFO: Run Common\Behavior\AdminDefaultLangBehavior [ RunTime:0.003255s ]
INFO: [ admin_begin ] --END-- [ RunTime:0.003359s ]
INFO: [ view_parse ] --START--
INFO: [ template_filter ] --START--
INFO: Run Behavior\ContentReplaceBehavior [ RunTime:0.000105s ]
INFO: [ template_filter ] --END-- [ RunTime:0.000185s ]
INFO: Run Behavior\ParseTemplateBehavior [ RunTime:0.017116s ]
INFO: [ view_parse ] --END-- [ RunTime:0.017202s ]
INFO: [ view_filter ] --START--
INFO: Run Behavior\WriteHtmlCacheBehavior [ RunTime:0.000816s ]
INFO: Run Common\Behavior\TmplStripSpaceBehavior [ RunTime:0.000896s ]
INFO: [ view_filter ] --END-- [ RunTime:0.001906s ]
INFO: [ app_end ] --START--
INFO: Run Behavior\ShowPageTraceBehavior [ RunTime:0.001529s ]
INFO: [ app_end ] --END-- [ RunTime:0.001605s ]

