[ 2018-05-10T10:21:51+08:00 ] 117.136.62.118 /?g=admin&upw=ee6ff5ae61b7546fed735ac40646a637
INFO: [ app_begin ] --START--
INFO: Run Behavior\ReadHtmlCacheBehavior [ RunTime:0.001571s ]
INFO: Run Behavior\CheckLangBehavior [ RunTime:0.002737s ]
INFO: Run Common\Behavior\UrldecodeGetBehavior [ RunTime:0.000945s ]
INFO: [ app_begin ] --END-- [ RunTime:0.006364s ]
INFO: [ admin_begin ] --START--
INFO: Run Common\Behavior\AdminDefaultLangBehavior [ RunTime:0.003434s ]
INFO: [ admin_begin ] --END-- [ RunTime:0.003537s ]
SQL: SHOW COLUMNS FROM `jz_options` [ RunTime:0.0027s ]
SQL: SELECT `option_value` FROM `jz_options` WHERE `option_name` = 'bonus' LIMIT 1   [ RunTime:0.0005s ]

[ 2018-05-10T10:21:51+08:00 ] 117.136.62.118 /admin/public/login
INFO: [ app_begin ] --START--
INFO: Run Behavior\ReadHtmlCacheBehavior [ RunTime:0.001511s ]
INFO: Run Behavior\CheckLangBehavior [ RunTime:0.002791s ]
INFO: Run Common\Behavior\UrldecodeGetBehavior [ RunTime:0.000921s ]
INFO: [ app_begin ] --END-- [ RunTime:0.006423s ]
INFO: [ admin_begin ] --START--
INFO: Run Common\Behavior\AdminDefaultLangBehavior [ RunTime:0.003356s ]
INFO: [ admin_begin ] --END-- [ RunTime:0.003462s ]
INFO: [ view_parse ] --START--
INFO: [ template_filter ] --START--
INFO: Run Behavior\ContentReplaceBehavior [ RunTime:0.000107s ]
INFO: [ template_filter ] --END-- [ RunTime:0.000186s ]
INFO: Run Behavior\ParseTemplateBehavior [ RunTime:0.018839s ]
INFO: [ view_parse ] --END-- [ RunTime:0.018926s ]
INFO: [ view_filter ] --START--
INFO: Run Behavior\WriteHtmlCacheBehavior [ RunTime:0.000830s ]
INFO: Run Common\Behavior\TmplStripSpaceBehavior [ RunTime:0.000972s ]
INFO: [ view_filter ] --END-- [ RunTime:0.001982s ]
INFO: [ app_end ] --START--
INFO: Run Behavior\ShowPageTraceBehavior [ RunTime:0.001542s ]
INFO: [ app_end ] --END-- [ RunTime:0.001618s ]

[ 2018-05-10T10:22:04+08:00 ] 117.136.62.118 /Admin/public/dologin
INFO: [ app_begin ] --START--
INFO: Run Behavior\ReadHtmlCacheBehavior [ RunTime:0.001582s ]
INFO: Run Behavior\CheckLangBehavior [ RunTime:0.002711s ]
INFO: Run Common\Behavior\UrldecodeGetBehavior [ RunTime:0.000959s ]
INFO: [ app_begin ] --END-- [ RunTime:0.006429s ]
INFO: [ admin_begin ] --START--
INFO: Run Common\Behavior\AdminDefaultLangBehavior [ RunTime:0.003348s ]
INFO: [ admin_begin ] --END-- [ RunTime:0.003448s ]
SQL: SHOW COLUMNS FROM `jz_users` [ RunTime:0.0032s ]
SQL: SELECT * FROM `jz_users` WHERE `user_login` = 'nle2018' LIMIT 1   [ RunTime:0.0011s ]
SQL: SHOW COLUMNS FROM `jz_role_user` [ RunTime:0.0027s ]
SQL: SELECT `role_id` FROM jz_role_user a INNER JOIN jz_role as b on a.role_id =b.id  WHERE `user_id` = '27' AND `status` = 1  [ RunTime:0.0004s ]
SQL: UPDATE `jz_users` SET `user_login`='nle2018',`user_pass`='###26c178fcdcdf5b859d2d5cb7ff282f89',`user_nicename`='',`user_email`='leo219@qq.com',`user_url`='',`avatar`=NULL,`sex`='0',`birthday`=NULL,`signature`=NULL,`last_login_ip`='117.136.62.118',`last_login_time`='2018-05-10 10:22:04',`create_time`='2018-02-12 05:51:04',`user_activation_key`='',`user_status`='1',`score`='0',`user_type`='1',`coin`='0',`mobile`='' WHERE `id` = '27' [ RunTime:0.0010s ]

[ 2018-05-10T10:22:05+08:00 ] 117.136.62.118 /Admin/Index/index
INFO: [ app_begin ] --START--
INFO: Run Behavior\ReadHtmlCacheBehavior [ RunTime:0.001545s ]
INFO: Run Behavior\CheckLangBehavior [ RunTime:0.002759s ]
INFO: Run Common\Behavior\UrldecodeGetBehavior [ RunTime:0.000937s ]
INFO: [ app_begin ] --END-- [ RunTime:0.006400s ]
INFO: [ admin_begin ] --START--
INFO: Run Common\Behavior\AdminDefaultLangBehavior [ RunTime:0.003398s ]
INFO: [ admin_begin ] --END-- [ RunTime:0.003504s ]
SQL: SHOW COLUMNS FROM `jz_options` [ RunTime:0.0027s ]
SQL: SELECT `option_value` FROM `jz_options` WHERE `option_name` = 'bonus' LIMIT 1   [ RunTime:0.0004s ]
SQL: SHOW COLUMNS FROM `jz_users` [ RunTime:0.0032s ]
SQL: SELECT * FROM `jz_users` WHERE `id` = '27' LIMIT 1   [ RunTime:0.0010s ]
SQL: SHOW COLUMNS FROM `jz_menu` [ RunTime:0.0031s ]
SQL: SELECT * FROM `jz_menu` WHERE `parentid` = 0 AND `status` = 1 ORDER BY `listorder` ASC  [ RunTime:0.0004s ]
SQL: SHOW COLUMNS FROM `jz_role_user` [ RunTime:0.0026s ]
SQL: SELECT `role_id` FROM jz_role_user a INNER JOIN jz_role as b on a.role_id =b.id  WHERE `user_id` = '27' AND `status` = 1  [ RunTime:0.0004s ]
SQL: SELECT `role_id` FROM jz_role_user a INNER JOIN jz_role as b on a.role_id =b.id  WHERE `user_id` = '27' AND `status` = 1  [ RunTime:0.0004s ]
SQL: SELECT `role_id` FROM jz_role_user a INNER JOIN jz_role as b on a.role_id =b.id  WHERE `user_id` = '27' AND `status` = 1  [ RunTime:0.0004s ]
SQL: SELECT `role_id` FROM jz_role_user a INNER JOIN jz_role as b on a.role_id =b.id  WHERE `user_id` = '27' AND `status` = 1  [ RunTime:0.0004s ]
SQL: SELECT `role_id` FROM jz_role_user a INNER JOIN jz_role as b on a.role_id =b.id  WHERE `user_id` = '27' AND `status` = 1  [ RunTime:0.0004s ]
SQL: SELECT * FROM `jz_menu` WHERE `parentid` = 109 AND `status` = 1 ORDER BY `listorder` ASC  [ RunTime:0.0004s ]
SQL: SELECT `role_id` FROM jz_role_user a INNER JOIN jz_role as b on a.role_id =b.id  WHERE `user_id` = '27' AND `status` = 1  [ RunTime:0.0004s ]
SQL: SELECT `role_id` FROM jz_role_user a INNER JOIN jz_role as b on a.role_id =b.id  WHERE `user_id` = '27' AND `status` = 1  [ RunTime:0.0004s ]
SQL: SELECT `role_id` FROM jz_role_user a INNER JOIN jz_role as b on a.role_id =b.id  WHERE `user_id` = '27' AND `status` = 1  [ RunTime:0.0004s ]
SQL: SELECT * FROM `jz_menu` WHERE `parentid` = 110 AND `status` = 1 ORDER BY `listorder` ASC  [ RunTime:0.0004s ]
SQL: SELECT `role_id` FROM jz_role_user a INNER JOIN jz_role as b on a.role_id =b.id  WHERE `user_id` = '27' AND `status` = 1  [ RunTime:0.0004s ]
SQL: SELECT `role_id` FROM jz_role_user a INNER JOIN jz_role as b on a.role_id =b.id  WHERE `user_id` = '27' AND `status` = 1  [ RunTime:0.0004s ]
SQL: SELECT * FROM `jz_menu` WHERE `parentid` = 111 AND `status` = 1 ORDER BY `listorder` ASC  [ RunTime:0.0004s ]
SQL: SELECT * FROM `jz_menu` WHERE `parentid` = 113 AND `status` = 1 ORDER BY `listorder` ASC  [ RunTime:0.0004s ]
SQL: SELECT * FROM `jz_menu` WHERE `parentid` = 115 AND `status` = 1 ORDER BY `listorder` ASC  [ RunTime:0.0004s ]
SQL: SELECT * FROM `jz_menu` WHERE `parentid` = 139 AND `status` = 1 ORDER BY `listorder` ASC  [ RunTime:0.0004s ]
SQL: SELECT `role_id` FROM jz_role_user a INNER JOIN jz_role as b on a.role_id =b.id  WHERE `user_id` = '27' AND `status` = 1  [ RunTime:0.0004s ]
SQL: SELECT * FROM `jz_menu` WHERE `parentid` = 149 AND `status` = 1 ORDER BY `listorder` ASC  [ RunTime:0.0004s ]
SQL: SELECT * FROM `jz_menu` WHERE `parentid` = 188 AND `status` = 1 ORDER BY `listorder` ASC  [ RunTime:0.0004s ]
SQL: SELECT `role_id` FROM jz_role_user a INNER JOIN jz_role as b on a.role_id =b.id  WHERE `user_id` = '27' AND `status` = 1  [ RunTime:0.0004s ]
SQL: SELECT `role_id` FROM jz_role_user a INNER JOIN jz_role as b on a.role_id =b.id  WHERE `user_id` = '27' AND `status` = 1  [ RunTime:0.0004s ]
SQL: SELECT `role_id` FROM jz_role_user a INNER JOIN jz_role as b on a.role_id =b.id  WHERE `user_id` = '27' AND `status` = 1  [ RunTime:0.0004s ]
SQL: SELECT * FROM `jz_menu` WHERE `parentid` = 189 AND `status` = 1 ORDER BY `listorder` ASC  [ RunTime:0.0004s ]
SQL: SELECT * FROM `jz_menu` WHERE `parentid` = 190 AND `status` = 1 ORDER BY `listorder` ASC  [ RunTime:0.0004s ]
SQL: SELECT * FROM `jz_menu` WHERE `parentid` = 232 AND `status` = 1 ORDER BY `listorder` ASC  [ RunTime:0.0004s ]
SQL: SELECT * FROM `jz_menu` WHERE `parentid` = 225 AND `status` = 1 ORDER BY `listorder` ASC  [ RunTime:0.0004s ]
SQL: SELECT `role_id` FROM jz_role_user a INNER JOIN jz_role as b on a.role_id =b.id  WHERE `user_id` = '27' AND `status` = 1  [ RunTime:0.0004s ]
SQL: SELECT `role_id` FROM jz_role_user a INNER JOIN jz_role as b on a.role_id =b.id  WHERE `user_id` = '27' AND `status` = 1  [ RunTime:0.0004s ]
SQL: SELECT * FROM `jz_menu` WHERE `parentid` = 226 AND `status` = 1 ORDER BY `listorder` ASC  [ RunTime:0.0004s ]
SQL: SELECT * FROM `jz_menu` WHERE `parentid` = 227 AND `status` = 1 ORDER BY `listorder` ASC  [ RunTime:0.0004s ]
SQL: SELECT * FROM `jz_menu` WHERE `parentid` = 40 AND `status` = 1 ORDER BY `listorder` ASC  [ RunTime:0.0004s ]
SQL: SELECT `role_id` FROM jz_role_user a INNER JOIN jz_role as b on a.role_id =b.id  WHERE `user_id` = '27' AND `status` = 1  [ RunTime:0.0004s ]
SQL: SELECT `role_id` FROM jz_role_user a INNER JOIN jz_role as b on a.role_id =b.id  WHERE `user_id` = '27' AND `status` = 1  [ RunTime:0.0004s ]
SQL: SELECT * FROM `jz_menu` WHERE `parentid` = 41 AND `status` = 1 ORDER BY `listorder` ASC  [ RunTime:0.0004s ]
SQL: SELECT * FROM `jz_menu` WHERE `parentid` = 42 AND `status` = 1 ORDER BY `listorder` ASC  [ RunTime:0.0004s ]
SQL: SELECT * FROM `jz_menu` WHERE `parentid` = 221 AND `status` = 1 ORDER BY `listorder` ASC  [ RunTime:0.0004s ]
SQL: SELECT `role_id` FROM jz_role_user a INNER JOIN jz_role as b on a.role_id =b.id  WHERE `user_id` = '27' AND `status` = 1  [ RunTime:0.0004s ]
SQL: SELECT `role_id` FROM jz_role_user a INNER JOIN jz_role as b on a.role_id =b.id  WHERE `user_id` = '27' AND `status` = 1  [ RunTime:0.0004s ]
SQL: SELECT `role_id` FROM jz_role_user a INNER JOIN jz_role as b on a.role_id =b.id  WHERE `user_id` = '27' AND `status` = 1  [ RunTime:0.0004s ]
SQL: SELECT * FROM `jz_menu` WHERE `parentid` = 222 AND `status` = 1 ORDER BY `listorder` ASC  [ RunTime:0.0004s ]
SQL: SELECT * FROM `jz_menu` WHERE `parentid` = 223 AND `status` = 1 ORDER BY `listorder` ASC  [ RunTime:0.0004s ]
SQL: SELECT * FROM `jz_menu` WHERE `parentid` = 228 AND `status` = 1 ORDER BY `listorder` ASC  [ RunTime:0.0004s ]
INFO: [ view_parse ] --START--
INFO: [ template_filter ] --START--
INFO: Run Behavior\ContentReplaceBehavior [ RunTime:0.000276s ]
INFO: [ template_filter ] --END-- [ RunTime:0.000355s ]
SQL: SELECT `role_id` FROM jz_role_user a INNER JOIN jz_role as b on a.role_id =b.id  WHERE `user_id` = '27' AND `status` = 1  [ RunTime:0.0004s ]
SQL: SELECT `role_id` FROM jz_role_user a INNER JOIN jz_role as b on a.role_id =b.id  WHERE `user_id` = '27' AND `status` = 1  [ RunTime:0.0004s ]
SQL: SELECT `role_id` FROM jz_role_user a INNER JOIN jz_role as b on a.role_id =b.id  WHERE `user_id` = '27' AND `status` = 1  [ RunTime:0.0004s ]
NOTIC: [8] Undefined variable: Think /www/wwwroot/niulaile.qzkvd.com/data/runtime/Cache/Admin/5fbeb4d50be835b15c35a2bc40c02ee0.php 第 167 行.
SQL: SELECT `role_id` FROM jz_role_user a INNER JOIN jz_role as b on a.role_id =b.id  WHERE `user_id` = '27' AND `status` = 1  [ RunTime:0.0004s ]
SQL: SELECT `role_id` FROM jz_role_user a INNER JOIN jz_role as b on a.role_id =b.id  WHERE `user_id` = '27' AND `status` = 1  [ RunTime:0.0004s ]
SQL: SELECT `role_id` FROM jz_role_user a INNER JOIN jz_role as b on a.role_id =b.id  WHERE `user_id` = '27' AND `status` = 1  [ RunTime:0.0004s ]
INFO: Run Behavior\ParseTemplateBehavior [ RunTime:0.031528s ]
INFO: [ view_parse ] --END-- [ RunTime:0.031602s ]
INFO: [ view_filter ] --START--
INFO: Run Behavior\WriteHtmlCacheBehavior [ RunTime:0.000913s ]
INFO: Run Common\Behavior\TmplStripSpaceBehavior [ RunTime:0.000955s ]
INFO: [ view_filter ] --END-- [ RunTime:0.001997s ]
INFO: [ app_end ] --START--
INFO: Run Behavior\ShowPageTraceBehavior [ RunTime:0.001577s ]
INFO: [ app_end ] --END-- [ RunTime:0.001665s ]

[ 2018-05-10T10:22:06+08:00 ] 117.136.62.118 /Admin/Main/index
INFO: [ app_begin ] --START--
INFO: Run Behavior\ReadHtmlCacheBehavior [ RunTime:0.002074s ]
INFO: Run Behavior\CheckLangBehavior [ RunTime:0.004303s ]
INFO: Run Common\Behavior\UrldecodeGetBehavior [ RunTime:0.001328s ]
INFO: [ app_begin ] --END-- [ RunTime:0.009180s ]
INFO: [ admin_begin ] --START--
INFO: Run Common\Behavior\AdminDefaultLangBehavior [ RunTime:0.003763s ]
INFO: [ admin_begin ] --END-- [ RunTime:0.003869s ]
SQL: SHOW COLUMNS FROM `jz_options` [ RunTime:0.0028s ]
SQL: SELECT `option_value` FROM `jz_options` WHERE `option_name` = 'bonus' LIMIT 1   [ RunTime:0.0004s ]
SQL: SHOW COLUMNS FROM `jz_users` [ RunTime:0.0032s ]
SQL: SELECT * FROM `jz_users` WHERE `id` = '27' LIMIT 1   [ RunTime:0.0005s ]
SQL: select VERSION() as version [ RunTime:0.0005s ]
INFO: [ view_parse ] --START--
INFO: [ template_filter ] --START--
INFO: Run Behavior\ContentReplaceBehavior [ RunTime:0.000149s ]
INFO: [ template_filter ] --END-- [ RunTime:0.000227s ]
INFO: Run Behavior\ParseTemplateBehavior [ RunTime:0.020999s ]
INFO: [ view_parse ] --END-- [ RunTime:0.021089s ]
INFO: [ view_filter ] --START--
INFO: Run Behavior\WriteHtmlCacheBehavior [ RunTime:0.000865s ]
INFO: Run Common\Behavior\TmplStripSpaceBehavior [ RunTime:0.000926s ]
INFO: [ view_filter ] --END-- [ RunTime:0.001918s ]
INFO: [ app_end ] --START--
INFO: Run Behavior\ShowPageTraceBehavior [ RunTime:0.001555s ]
INFO: [ app_end ] --END-- [ RunTime:0.001632s ]

[ 2018-05-10T10:22:51+08:00 ] 117.185.117.57 /admin/public/login
INFO: [ app_begin ] --START--
INFO: Run Behavior\ReadHtmlCacheBehavior [ RunTime:0.001566s ]
INFO: Run Behavior\CheckLangBehavior [ RunTime:0.002729s ]
INFO: Run Common\Behavior\UrldecodeGetBehavior [ RunTime:0.000866s ]
INFO: [ app_begin ] --END-- [ RunTime:0.006348s ]
INFO: [ admin_begin ] --START--
INFO: Run Common\Behavior\AdminDefaultLangBehavior [ RunTime:0.003286s ]
INFO: [ admin_begin ] --END-- [ RunTime:0.003389s ]
INFO: [ view_parse ] --START--
INFO: [ template_filter ] --START--
INFO: Run Behavior\ContentReplaceBehavior [ RunTime:0.000107s ]
INFO: [ template_filter ] --END-- [ RunTime:0.000185s ]
INFO: Run Behavior\ParseTemplateBehavior [ RunTime:0.018483s ]
INFO: [ view_parse ] --END-- [ RunTime:0.018567s ]
INFO: [ view_filter ] --START--
INFO: Run Behavior\WriteHtmlCacheBehavior [ RunTime:0.000855s ]
INFO: Run Common\Behavior\TmplStripSpaceBehavior [ RunTime:0.000928s ]
INFO: [ view_filter ] --END-- [ RunTime:0.001904s ]
INFO: [ app_end ] --START--
INFO: Run Behavior\ShowPageTraceBehavior [ RunTime:0.001601s ]
INFO: [ app_end ] --END-- [ RunTime:0.001677s ]

[ 2018-05-10T10:22:54+08:00 ] 61.151.225.242 /?g=admin&upw=ee6ff5ae61b7546fed735ac40646a637
INFO: [ app_begin ] --START--
INFO: Run Behavior\ReadHtmlCacheBehavior [ RunTime:0.001552s ]
INFO: Run Behavior\CheckLangBehavior [ RunTime:0.002764s ]
INFO: Run Common\Behavior\UrldecodeGetBehavior [ RunTime:0.000939s ]
INFO: [ app_begin ] --END-- [ RunTime:0.006396s ]
INFO: [ admin_begin ] --START--
INFO: Run Common\Behavior\AdminDefaultLangBehavior [ RunTime:0.003343s ]
INFO: [ admin_begin ] --END-- [ RunTime:0.003447s ]
SQL: SHOW COLUMNS FROM `jz_options` [ RunTime:0.0028s ]
SQL: SELECT `option_value` FROM `jz_options` WHERE `option_name` = 'bonus' LIMIT 1   [ RunTime:0.0004s ]

[ 2018-05-10T10:22:58+08:00 ] 61.151.225.242 /admin/public/login
INFO: [ app_begin ] --START--
INFO: Run Behavior\ReadHtmlCacheBehavior [ RunTime:0.001501s ]
INFO: Run Behavior\CheckLangBehavior [ RunTime:0.002663s ]
INFO: Run Common\Behavior\UrldecodeGetBehavior [ RunTime:0.000904s ]
INFO: [ app_begin ] --END-- [ RunTime:0.006209s ]
INFO: [ admin_begin ] --START--
INFO: Run Common\Behavior\AdminDefaultLangBehavior [ RunTime:0.003244s ]
INFO: [ admin_begin ] --END-- [ RunTime:0.003348s ]
INFO: [ view_parse ] --START--
INFO: [ template_filter ] --START--
INFO: Run Behavior\ContentReplaceBehavior [ RunTime:0.000107s ]
INFO: [ template_filter ] --END-- [ RunTime:0.000188s ]
INFO: Run Behavior\ParseTemplateBehavior [ RunTime:0.018589s ]
INFO: [ view_parse ] --END-- [ RunTime:0.018674s ]
INFO: [ view_filter ] --START--
INFO: Run Behavior\WriteHtmlCacheBehavior [ RunTime:0.000863s ]
INFO: Run Common\Behavior\TmplStripSpaceBehavior [ RunTime:0.000934s ]
INFO: [ view_filter ] --END-- [ RunTime:0.001925s ]
INFO: [ app_end ] --START--
INFO: Run Behavior\ShowPageTraceBehavior [ RunTime:0.001599s ]
INFO: [ app_end ] --END-- [ RunTime:0.001677s ]

[ 2018-05-10T10:23:04+08:00 ] 61.151.225.191 /Admin/Index/index
INFO: [ app_begin ] --START--
INFO: Run Behavior\ReadHtmlCacheBehavior [ RunTime:0.001495s ]
INFO: Run Behavior\CheckLangBehavior [ RunTime:0.002756s ]
INFO: Run Common\Behavior\UrldecodeGetBehavior [ RunTime:0.000910s ]
INFO: [ app_begin ] --END-- [ RunTime:0.006309s ]
INFO: [ admin_begin ] --START--
INFO: Run Common\Behavior\AdminDefaultLangBehavior [ RunTime:0.003313s ]
INFO: [ admin_begin ] --END-- [ RunTime:0.003419s ]
SQL: SHOW COLUMNS FROM `jz_options` [ RunTime:0.0028s ]
SQL: SELECT `option_value` FROM `jz_options` WHERE `option_name` = 'bonus' LIMIT 1   [ RunTime:0.0004s ]

[ 2018-05-10T10:23:06+08:00 ] 61.151.225.191 /admin/public/login
INFO: [ app_begin ] --START--
INFO: Run Behavior\ReadHtmlCacheBehavior [ RunTime:0.001542s ]
INFO: Run Behavior\CheckLangBehavior [ RunTime:0.002689s ]
INFO: Run Common\Behavior\UrldecodeGetBehavior [ RunTime:0.000923s ]
INFO: [ app_begin ] --END-- [ RunTime:0.006301s ]
INFO: [ admin_begin ] --START--
INFO: Run Common\Behavior\AdminDefaultLangBehavior [ RunTime:0.003293s ]
INFO: [ admin_begin ] --END-- [ RunTime:0.003395s ]
INFO: [ view_parse ] --START--
INFO: [ template_filter ] --START--
INFO: Run Behavior\ContentReplaceBehavior [ RunTime:0.000106s ]
INFO: [ template_filter ] --END-- [ RunTime:0.000186s ]
INFO: Run Behavior\ParseTemplateBehavior [ RunTime:0.018541s ]
INFO: [ view_parse ] --END-- [ RunTime:0.018624s ]
INFO: [ view_filter ] --START--
INFO: Run Behavior\WriteHtmlCacheBehavior [ RunTime:0.000871s ]
INFO: Run Common\Behavior\TmplStripSpaceBehavior [ RunTime:0.000952s ]
INFO: [ view_filter ] --END-- [ RunTime:0.001951s ]
INFO: [ app_end ] --START--
INFO: Run Behavior\ShowPageTraceBehavior [ RunTime:0.001575s ]
INFO: [ app_end ] --END-- [ RunTime:0.001650s ]

