[ 2018-05-16T00:18:28+08:00 ] 117.24.109.161 /index.php/admin
INFO: [ app_begin ] --START--
INFO: Run Behavior\ReadHtmlCacheBehavior [ RunTime:0.001498s ]
INFO: Run Behavior\CheckLangBehavior [ RunTime:0.002785s ]
INFO: Run Common\Behavior\UrldecodeGetBehavior [ RunTime:0.000918s ]
INFO: [ app_begin ] --END-- [ RunTime:0.006348s ]
INFO: [ admin_begin ] --START--
INFO: Run Common\Behavior\AdminDefaultLangBehavior [ RunTime:0.003310s ]
INFO: [ admin_begin ] --END-- [ RunTime:0.003413s ]
SQL: SHOW COLUMNS FROM `jz_options` [ RunTime:0.0027s ]
SQL: SELECT `option_value` FROM `jz_options` WHERE `option_name` = 'bonus' LIMIT 1   [ RunTime:0.0004s ]

[ 2018-05-16T00:18:28+08:00 ] 117.24.109.161 /admin/public/login
INFO: [ app_begin ] --START--
INFO: Run Behavior\ReadHtmlCacheBehavior [ RunTime:0.001527s ]
INFO: Run Behavior\CheckLangBehavior [ RunTime:0.002632s ]
INFO: Run Common\Behavior\UrldecodeGetBehavior [ RunTime:0.000908s ]
INFO: [ app_begin ] --END-- [ RunTime:0.006175s ]
INFO: [ admin_begin ] --START--
INFO: Run Common\Behavior\AdminDefaultLangBehavior [ RunTime:0.003203s ]
INFO: [ admin_begin ] --END-- [ RunTime:0.003308s ]
INFO: [ view_parse ] --START--
INFO: [ template_filter ] --START--
INFO: Run Behavior\ContentReplaceBehavior [ RunTime:0.000107s ]
INFO: [ template_filter ] --END-- [ RunTime:0.000188s ]
INFO: Run Behavior\ParseTemplateBehavior [ RunTime:0.018464s ]
INFO: [ view_parse ] --END-- [ RunTime:0.018548s ]
INFO: [ view_filter ] --START--
INFO: Run Behavior\WriteHtmlCacheBehavior [ RunTime:0.000852s ]
INFO: Run Common\Behavior\TmplStripSpaceBehavior [ RunTime:0.000936s ]
INFO: [ view_filter ] --END-- [ RunTime:0.001915s ]
INFO: [ app_end ] --START--
INFO: Run Behavior\ShowPageTraceBehavior [ RunTime:0.001562s ]
INFO: [ app_end ] --END-- [ RunTime:0.001639s ]

[ 2018-05-16T00:18:43+08:00 ] 117.24.109.161 /Admin/public/dologin
INFO: [ app_begin ] --START--
INFO: Run Behavior\ReadHtmlCacheBehavior [ RunTime:0.001578s ]
INFO: Run Behavior\CheckLangBehavior [ RunTime:0.002695s ]
INFO: Run Common\Behavior\UrldecodeGetBehavior [ RunTime:0.000961s ]
INFO: [ app_begin ] --END-- [ RunTime:0.006380s ]
INFO: [ admin_begin ] --START--
INFO: Run Common\Behavior\AdminDefaultLangBehavior [ RunTime:0.003424s ]
INFO: [ admin_begin ] --END-- [ RunTime:0.003527s ]

[ 2018-05-16T00:18:47+08:00 ] 117.24.109.161 /Admin/public/dologin
INFO: [ app_begin ] --START--
INFO: Run Behavior\ReadHtmlCacheBehavior [ RunTime:0.001563s ]
INFO: Run Behavior\CheckLangBehavior [ RunTime:0.002683s ]
INFO: Run Common\Behavior\UrldecodeGetBehavior [ RunTime:0.000910s ]
INFO: [ app_begin ] --END-- [ RunTime:0.006326s ]
INFO: [ admin_begin ] --START--
INFO: Run Common\Behavior\AdminDefaultLangBehavior [ RunTime:0.003368s ]
INFO: [ admin_begin ] --END-- [ RunTime:0.003467s ]
SQL: SHOW COLUMNS FROM `jz_users` [ RunTime:0.0033s ]
SQL: SELECT * FROM `jz_users` WHERE `user_login` = 'jimi' LIMIT 1   [ RunTime:0.0012s ]

[ 2018-05-16T00:18:54+08:00 ] 117.24.109.161 /Admin/public/dologin
INFO: [ app_begin ] --START--
INFO: Run Behavior\ReadHtmlCacheBehavior [ RunTime:0.001576s ]
INFO: Run Behavior\CheckLangBehavior [ RunTime:0.002704s ]
INFO: Run Common\Behavior\UrldecodeGetBehavior [ RunTime:0.000912s ]
INFO: [ app_begin ] --END-- [ RunTime:0.006327s ]
INFO: [ admin_begin ] --START--
INFO: Run Common\Behavior\AdminDefaultLangBehavior [ RunTime:0.003448s ]
INFO: [ admin_begin ] --END-- [ RunTime:0.003547s ]
SQL: SHOW COLUMNS FROM `jz_users` [ RunTime:0.0032s ]
SQL: SELECT * FROM `jz_users` WHERE `user_login` = '2412796544' LIMIT 1   [ RunTime:0.0010s ]

[ 2018-05-16T00:19:01+08:00 ] 117.24.109.161 /Admin/public/dologin
INFO: [ app_begin ] --START--
INFO: Run Behavior\ReadHtmlCacheBehavior [ RunTime:0.001602s ]
INFO: Run Behavior\CheckLangBehavior [ RunTime:0.002693s ]
INFO: Run Common\Behavior\UrldecodeGetBehavior [ RunTime:0.000923s ]
INFO: [ app_begin ] --END-- [ RunTime:0.006349s ]
INFO: [ admin_begin ] --START--
INFO: Run Common\Behavior\AdminDefaultLangBehavior [ RunTime:0.003313s ]
INFO: [ admin_begin ] --END-- [ RunTime:0.003455s ]

[ 2018-05-16T00:19:05+08:00 ] 117.24.109.161 /Admin/public/dologin
INFO: [ app_begin ] --START--
INFO: Run Behavior\ReadHtmlCacheBehavior [ RunTime:0.001542s ]
INFO: Run Behavior\CheckLangBehavior [ RunTime:0.002707s ]
INFO: Run Common\Behavior\UrldecodeGetBehavior [ RunTime:0.000876s ]
INFO: [ app_begin ] --END-- [ RunTime:0.006367s ]
INFO: [ admin_begin ] --START--
INFO: Run Common\Behavior\AdminDefaultLangBehavior [ RunTime:0.003284s ]
INFO: [ admin_begin ] --END-- [ RunTime:0.003381s ]
SQL: SHOW COLUMNS FROM `jz_users` [ RunTime:0.0032s ]
SQL: SELECT * FROM `jz_users` WHERE `user_login` = 'admin' LIMIT 1   [ RunTime:0.0006s ]

[ 2018-05-16T00:19:13+08:00 ] 117.24.109.161 /Admin/public/dologin
INFO: [ app_begin ] --START--
INFO: Run Behavior\ReadHtmlCacheBehavior [ RunTime:0.001529s ]
INFO: Run Behavior\CheckLangBehavior [ RunTime:0.002683s ]
INFO: Run Common\Behavior\UrldecodeGetBehavior [ RunTime:0.000913s ]
INFO: [ app_begin ] --END-- [ RunTime:0.006313s ]
INFO: [ admin_begin ] --START--
INFO: Run Common\Behavior\AdminDefaultLangBehavior [ RunTime:0.003363s ]
INFO: [ admin_begin ] --END-- [ RunTime:0.003461s ]

[ 2018-05-16T00:19:17+08:00 ] 117.24.109.161 /Admin/public/dologin
INFO: [ app_begin ] --START--
INFO: Run Behavior\ReadHtmlCacheBehavior [ RunTime:0.001556s ]
INFO: Run Behavior\CheckLangBehavior [ RunTime:0.002693s ]
INFO: Run Common\Behavior\UrldecodeGetBehavior [ RunTime:0.000917s ]
INFO: [ app_begin ] --END-- [ RunTime:0.006308s ]
INFO: [ admin_begin ] --START--
INFO: Run Common\Behavior\AdminDefaultLangBehavior [ RunTime:0.003331s ]
INFO: [ admin_begin ] --END-- [ RunTime:0.003431s ]
SQL: SHOW COLUMNS FROM `jz_users` [ RunTime:0.0033s ]
SQL: SELECT * FROM `jz_users` WHERE `user_login` = 'balabala' LIMIT 1   [ RunTime:0.0010s ]

[ 2018-05-16T00:19:24+08:00 ] 117.24.109.161 /Admin/public/dologin
INFO: [ app_begin ] --START--
INFO: Run Behavior\ReadHtmlCacheBehavior [ RunTime:0.001493s ]
INFO: Run Behavior\CheckLangBehavior [ RunTime:0.002650s ]
INFO: Run Common\Behavior\UrldecodeGetBehavior [ RunTime:0.000906s ]
INFO: [ app_begin ] --END-- [ RunTime:0.006260s ]
INFO: [ admin_begin ] --START--
INFO: Run Common\Behavior\AdminDefaultLangBehavior [ RunTime:0.003307s ]
INFO: [ admin_begin ] --END-- [ RunTime:0.003406s ]
SQL: SHOW COLUMNS FROM `jz_users` [ RunTime:0.0032s ]
SQL: SELECT * FROM `jz_users` WHERE `user_login` = 'Aningvip' LIMIT 1   [ RunTime:0.0010s ]

[ 2018-05-16T00:19:35+08:00 ] 117.24.109.161 /Admin/public/dologin
INFO: [ app_begin ] --START--
INFO: Run Behavior\ReadHtmlCacheBehavior [ RunTime:0.001482s ]
INFO: Run Behavior\CheckLangBehavior [ RunTime:0.002661s ]
INFO: Run Common\Behavior\UrldecodeGetBehavior [ RunTime:0.000909s ]
INFO: [ app_begin ] --END-- [ RunTime:0.006192s ]
INFO: [ admin_begin ] --START--
INFO: Run Common\Behavior\AdminDefaultLangBehavior [ RunTime:0.003338s ]
INFO: [ admin_begin ] --END-- [ RunTime:0.003438s ]
SQL: SHOW COLUMNS FROM `jz_users` [ RunTime:0.0032s ]
SQL: SELECT * FROM `jz_users` WHERE `user_login` = 'gaoliang' LIMIT 1   [ RunTime:0.0009s ]

[ 2018-05-16T00:19:43+08:00 ] 117.24.109.161 /Admin/public/dologin
INFO: [ app_begin ] --START--
INFO: Run Behavior\ReadHtmlCacheBehavior [ RunTime:0.001548s ]
INFO: Run Behavior\CheckLangBehavior [ RunTime:0.002691s ]
INFO: Run Common\Behavior\UrldecodeGetBehavior [ RunTime:0.000909s ]
INFO: [ app_begin ] --END-- [ RunTime:0.006288s ]
INFO: [ admin_begin ] --START--
INFO: Run Common\Behavior\AdminDefaultLangBehavior [ RunTime:0.003296s ]
INFO: [ admin_begin ] --END-- [ RunTime:0.003395s ]
SQL: SHOW COLUMNS FROM `jz_users` [ RunTime:0.0032s ]
SQL: SELECT * FROM `jz_users` WHERE `user_login` = 'wx8790766' LIMIT 1   [ RunTime:0.0010s ]

[ 2018-05-16T15:12:49+08:00 ] 222.208.150.141 /Admin/Index/index
INFO: [ app_begin ] --START--
INFO: Run Behavior\ReadHtmlCacheBehavior [ RunTime:0.001532s ]
INFO: Run Behavior\CheckLangBehavior [ RunTime:0.002730s ]
INFO: Run Common\Behavior\UrldecodeGetBehavior [ RunTime:0.000875s ]
INFO: [ app_begin ] --END-- [ RunTime:0.006336s ]
INFO: [ admin_begin ] --START--
INFO: Run Common\Behavior\AdminDefaultLangBehavior [ RunTime:0.003374s ]
INFO: [ admin_begin ] --END-- [ RunTime:0.003479s ]
SQL: SHOW COLUMNS FROM `jz_options` [ RunTime:0.0028s ]
SQL: SELECT `option_value` FROM `jz_options` WHERE `option_name` = 'bonus' LIMIT 1   [ RunTime:0.0004s ]

[ 2018-05-16T15:12:50+08:00 ] 222.208.150.141 /admin/public/login
INFO: [ app_begin ] --START--
INFO: Run Behavior\ReadHtmlCacheBehavior [ RunTime:0.001503s ]
INFO: Run Behavior\CheckLangBehavior [ RunTime:0.002692s ]
INFO: Run Common\Behavior\UrldecodeGetBehavior [ RunTime:0.000901s ]
INFO: [ app_begin ] --END-- [ RunTime:0.006247s ]
INFO: [ admin_begin ] --START--
INFO: Run Common\Behavior\AdminDefaultLangBehavior [ RunTime:0.003314s ]
INFO: [ admin_begin ] --END-- [ RunTime:0.003419s ]
INFO: [ view_parse ] --START--
INFO: [ template_filter ] --START--
INFO: Run Behavior\ContentReplaceBehavior [ RunTime:0.000106s ]
INFO: [ template_filter ] --END-- [ RunTime:0.000186s ]
INFO: Run Behavior\ParseTemplateBehavior [ RunTime:0.017301s ]
INFO: [ view_parse ] --END-- [ RunTime:0.017385s ]
INFO: [ view_filter ] --START--
INFO: Run Behavior\WriteHtmlCacheBehavior [ RunTime:0.000854s ]
INFO: Run Common\Behavior\TmplStripSpaceBehavior [ RunTime:0.000970s ]
INFO: [ view_filter ] --END-- [ RunTime:0.001952s ]
INFO: [ app_end ] --START--
INFO: Run Behavior\ShowPageTraceBehavior [ RunTime:0.001532s ]
INFO: [ app_end ] --END-- [ RunTime:0.001643s ]

[ 2018-05-16T18:17:23+08:00 ] 222.208.150.141 /admin/public/login
INFO: [ app_begin ] --START--
INFO: Run Behavior\ReadHtmlCacheBehavior [ RunTime:0.001494s ]
INFO: Run Behavior\CheckLangBehavior [ RunTime:0.002799s ]
INFO: Run Common\Behavior\UrldecodeGetBehavior [ RunTime:0.000905s ]
INFO: [ app_begin ] --END-- [ RunTime:0.006420s ]
INFO: [ admin_begin ] --START--
INFO: Run Common\Behavior\AdminDefaultLangBehavior [ RunTime:0.003232s ]
INFO: [ admin_begin ] --END-- [ RunTime:0.003337s ]
INFO: [ view_parse ] --START--
INFO: [ template_filter ] --START--
INFO: Run Behavior\ContentReplaceBehavior [ RunTime:0.000118s ]
INFO: [ template_filter ] --END-- [ RunTime:0.000210s ]
INFO: Run Behavior\ParseTemplateBehavior [ RunTime:0.017301s ]
INFO: [ view_parse ] --END-- [ RunTime:0.017389s ]
INFO: [ view_filter ] --START--
INFO: Run Behavior\WriteHtmlCacheBehavior [ RunTime:0.000870s ]
INFO: Run Common\Behavior\TmplStripSpaceBehavior [ RunTime:0.000940s ]
INFO: [ view_filter ] --END-- [ RunTime:0.001940s ]
INFO: [ app_end ] --START--
INFO: Run Behavior\ShowPageTraceBehavior [ RunTime:0.001543s ]
INFO: [ app_end ] --END-- [ RunTime:0.001620s ]

[ 2018-05-16T18:17:30+08:00 ] 222.208.150.141 /Admin/public/dologin
INFO: [ app_begin ] --START--
INFO: Run Behavior\ReadHtmlCacheBehavior [ RunTime:0.001499s ]
INFO: Run Behavior\CheckLangBehavior [ RunTime:0.002638s ]
INFO: Run Common\Behavior\UrldecodeGetBehavior [ RunTime:0.000902s ]
INFO: [ app_begin ] --END-- [ RunTime:0.006206s ]
INFO: [ admin_begin ] --START--
INFO: Run Common\Behavior\AdminDefaultLangBehavior [ RunTime:0.003271s ]
INFO: [ admin_begin ] --END-- [ RunTime:0.003370s ]
SQL: SHOW COLUMNS FROM `jz_users` [ RunTime:0.0033s ]
SQL: SELECT * FROM `jz_users` WHERE `user_login` = 'nle2018' LIMIT 1   [ RunTime:0.0011s ]
SQL: SHOW COLUMNS FROM `jz_role_user` [ RunTime:0.0027s ]
SQL: SELECT `role_id` FROM jz_role_user a INNER JOIN jz_role as b on a.role_id =b.id  WHERE `user_id` = '27' AND `status` = 1  [ RunTime:0.0004s ]
SQL: UPDATE `jz_users` SET `user_login`='nle2018',`user_pass`='###26c178fcdcdf5b859d2d5cb7ff282f89',`user_nicename`='',`user_email`='leo219@qq.com',`user_url`='',`avatar`=NULL,`sex`='0',`birthday`=NULL,`signature`=NULL,`last_login_ip`='222.208.150.141',`last_login_time`='2018-05-16 18:17:30',`create_time`='2018-02-12 05:51:04',`user_activation_key`='',`user_status`='1',`score`='0',`user_type`='1',`coin`='0',`mobile`='' WHERE `id` = '27' [ RunTime:0.0012s ]

[ 2018-05-16T18:17:30+08:00 ] 222.208.150.141 /Admin/Index/index
INFO: [ app_begin ] --START--
INFO: Run Behavior\ReadHtmlCacheBehavior [ RunTime:0.001497s ]
INFO: Run Behavior\CheckLangBehavior [ RunTime:0.002662s ]
INFO: Run Common\Behavior\UrldecodeGetBehavior [ RunTime:0.000919s ]
INFO: [ app_begin ] --END-- [ RunTime:0.006266s ]
INFO: [ admin_begin ] --START--
INFO: Run Common\Behavior\AdminDefaultLangBehavior [ RunTime:0.003290s ]
INFO: [ admin_begin ] --END-- [ RunTime:0.003396s ]
SQL: SHOW COLUMNS FROM `jz_options` [ RunTime:0.0027s ]
SQL: SELECT `option_value` FROM `jz_options` WHERE `option_name` = 'bonus' LIMIT 1   [ RunTime:0.0005s ]
SQL: SHOW COLUMNS FROM `jz_users` [ RunTime:0.0033s ]
SQL: SELECT * FROM `jz_users` WHERE `id` = '27' LIMIT 1   [ RunTime:0.0010s ]
SQL: SHOW COLUMNS FROM `jz_menu` [ RunTime:0.0030s ]
SQL: SELECT * FROM `jz_menu` WHERE `parentid` = 0 AND `status` = 1 ORDER BY `listorder` ASC  [ RunTime:0.0005s ]
SQL: SHOW COLUMNS FROM `jz_role_user` [ RunTime:0.0027s ]
SQL: SELECT `role_id` FROM jz_role_user a INNER JOIN jz_role as b on a.role_id =b.id  WHERE `user_id` = '27' AND `status` = 1  [ RunTime:0.0004s ]
SQL: SELECT `role_id` FROM jz_role_user a INNER JOIN jz_role as b on a.role_id =b.id  WHERE `user_id` = '27' AND `status` = 1  [ RunTime:0.0004s ]
SQL: SELECT `role_id` FROM jz_role_user a INNER JOIN jz_role as b on a.role_id =b.id  WHERE `user_id` = '27' AND `status` = 1  [ RunTime:0.0004s ]
SQL: SELECT `role_id` FROM jz_role_user a INNER JOIN jz_role as b on a.role_id =b.id  WHERE `user_id` = '27' AND `status` = 1  [ RunTime:0.0004s ]
SQL: SELECT `role_id` FROM jz_role_user a INNER JOIN jz_role as b on a.role_id =b.id  WHERE `user_id` = '27' AND `status` = 1  [ RunTime:0.0004s ]
SQL: SELECT * FROM `jz_menu` WHERE `parentid` = 109 AND `status` = 1 ORDER BY `listorder` ASC  [ RunTime:0.0004s ]
SQL: SELECT `role_id` FROM jz_role_user a INNER JOIN jz_role as b on a.role_id =b.id  WHERE `user_id` = '27' AND `status` = 1  [ RunTime:0.0004s ]
SQL: SELECT `role_id` FROM jz_role_user a INNER JOIN jz_role as b on a.role_id =b.id  WHERE `user_id` = '27' AND `status` = 1  [ RunTime:0.0004s ]
SQL: SELECT `role_id` FROM jz_role_user a INNER JOIN jz_role as b on a.role_id =b.id  WHERE `user_id` = '27' AND `status` = 1  [ RunTime:0.0004s ]
SQL: SELECT * FROM `jz_menu` WHERE `parentid` = 110 AND `status` = 1 ORDER BY `listorder` ASC  [ RunTime:0.0004s ]
SQL: SELECT `role_id` FROM jz_role_user a INNER JOIN jz_role as b on a.role_id =b.id  WHERE `user_id` = '27' AND `status` = 1  [ RunTime:0.0004s ]
SQL: SELECT `role_id` FROM jz_role_user a INNER JOIN jz_role as b on a.role_id =b.id  WHERE `user_id` = '27' AND `status` = 1  [ RunTime:0.0004s ]
SQL: SELECT * FROM `jz_menu` WHERE `parentid` = 111 AND `status` = 1 ORDER BY `listorder` ASC  [ RunTime:0.0004s ]
SQL: SELECT * FROM `jz_menu` WHERE `parentid` = 113 AND `status` = 1 ORDER BY `listorder` ASC  [ RunTime:0.0004s ]
SQL: SELECT * FROM `jz_menu` WHERE `parentid` = 115 AND `status` = 1 ORDER BY `listorder` ASC  [ RunTime:0.0004s ]
SQL: SELECT * FROM `jz_menu` WHERE `parentid` = 139 AND `status` = 1 ORDER BY `listorder` ASC  [ RunTime:0.0004s ]
SQL: SELECT `role_id` FROM jz_role_user a INNER JOIN jz_role as b on a.role_id =b.id  WHERE `user_id` = '27' AND `status` = 1  [ RunTime:0.0004s ]
SQL: SELECT * FROM `jz_menu` WHERE `parentid` = 149 AND `status` = 1 ORDER BY `listorder` ASC  [ RunTime:0.0004s ]
SQL: SELECT * FROM `jz_menu` WHERE `parentid` = 188 AND `status` = 1 ORDER BY `listorder` ASC  [ RunTime:0.0005s ]
SQL: SELECT `role_id` FROM jz_role_user a INNER JOIN jz_role as b on a.role_id =b.id  WHERE `user_id` = '27' AND `status` = 1  [ RunTime:0.0004s ]
SQL: SELECT `role_id` FROM jz_role_user a INNER JOIN jz_role as b on a.role_id =b.id  WHERE `user_id` = '27' AND `status` = 1  [ RunTime:0.0004s ]
SQL: SELECT `role_id` FROM jz_role_user a INNER JOIN jz_role as b on a.role_id =b.id  WHERE `user_id` = '27' AND `status` = 1  [ RunTime:0.0004s ]
SQL: SELECT * FROM `jz_menu` WHERE `parentid` = 189 AND `status` = 1 ORDER BY `listorder` ASC  [ RunTime:0.0004s ]
SQL: SELECT * FROM `jz_menu` WHERE `parentid` = 190 AND `status` = 1 ORDER BY `listorder` ASC  [ RunTime:0.0004s ]
SQL: SELECT * FROM `jz_menu` WHERE `parentid` = 232 AND `status` = 1 ORDER BY `listorder` ASC  [ RunTime:0.0004s ]
SQL: SELECT * FROM `jz_menu` WHERE `parentid` = 225 AND `status` = 1 ORDER BY `listorder` ASC  [ RunTime:0.0004s ]
SQL: SELECT `role_id` FROM jz_role_user a INNER JOIN jz_role as b on a.role_id =b.id  WHERE `user_id` = '27' AND `status` = 1  [ RunTime:0.0004s ]
SQL: SELECT `role_id` FROM jz_role_user a INNER JOIN jz_role as b on a.role_id =b.id  WHERE `user_id` = '27' AND `status` = 1  [ RunTime:0.0004s ]
SQL: SELECT * FROM `jz_menu` WHERE `parentid` = 226 AND `status` = 1 ORDER BY `listorder` ASC  [ RunTime:0.0004s ]
SQL: SELECT * FROM `jz_menu` WHERE `parentid` = 227 AND `status` = 1 ORDER BY `listorder` ASC  [ RunTime:0.0004s ]
SQL: SELECT * FROM `jz_menu` WHERE `parentid` = 40 AND `status` = 1 ORDER BY `listorder` ASC  [ RunTime:0.0004s ]
SQL: SELECT `role_id` FROM jz_role_user a INNER JOIN jz_role as b on a.role_id =b.id  WHERE `user_id` = '27' AND `status` = 1  [ RunTime:0.0004s ]
SQL: SELECT `role_id` FROM jz_role_user a INNER JOIN jz_role as b on a.role_id =b.id  WHERE `user_id` = '27' AND `status` = 1  [ RunTime:0.0004s ]
SQL: SELECT * FROM `jz_menu` WHERE `parentid` = 41 AND `status` = 1 ORDER BY `listorder` ASC  [ RunTime:0.0004s ]
SQL: SELECT * FROM `jz_menu` WHERE `parentid` = 42 AND `status` = 1 ORDER BY `listorder` ASC  [ RunTime:0.0004s ]
SQL: SELECT * FROM `jz_menu` WHERE `parentid` = 221 AND `status` = 1 ORDER BY `listorder` ASC  [ RunTime:0.0004s ]
SQL: SELECT `role_id` FROM jz_role_user a INNER JOIN jz_role as b on a.role_id =b.id  WHERE `user_id` = '27' AND `status` = 1  [ RunTime:0.0004s ]
SQL: SELECT `role_id` FROM jz_role_user a INNER JOIN jz_role as b on a.role_id =b.id  WHERE `user_id` = '27' AND `status` = 1  [ RunTime:0.0004s ]
SQL: SELECT `role_id` FROM jz_role_user a INNER JOIN jz_role as b on a.role_id =b.id  WHERE `user_id` = '27' AND `status` = 1  [ RunTime:0.0004s ]
SQL: SELECT * FROM `jz_menu` WHERE `parentid` = 222 AND `status` = 1 ORDER BY `listorder` ASC  [ RunTime:0.0004s ]
SQL: SELECT * FROM `jz_menu` WHERE `parentid` = 223 AND `status` = 1 ORDER BY `listorder` ASC  [ RunTime:0.0004s ]
SQL: SELECT * FROM `jz_menu` WHERE `parentid` = 228 AND `status` = 1 ORDER BY `listorder` ASC  [ RunTime:0.0004s ]
INFO: [ view_parse ] --START--
INFO: [ template_filter ] --START--
INFO: Run Behavior\ContentReplaceBehavior [ RunTime:0.000275s ]
INFO: [ template_filter ] --END-- [ RunTime:0.000352s ]
SQL: SELECT `role_id` FROM jz_role_user a INNER JOIN jz_role as b on a.role_id =b.id  WHERE `user_id` = '27' AND `status` = 1  [ RunTime:0.0004s ]
SQL: SELECT `role_id` FROM jz_role_user a INNER JOIN jz_role as b on a.role_id =b.id  WHERE `user_id` = '27' AND `status` = 1  [ RunTime:0.0004s ]
SQL: SELECT `role_id` FROM jz_role_user a INNER JOIN jz_role as b on a.role_id =b.id  WHERE `user_id` = '27' AND `status` = 1  [ RunTime:0.0004s ]
NOTIC: [8] Undefined variable: Think /www/wwwroot/niulaile.qzkvd.com/data/runtime/Cache/Admin/5fbeb4d50be835b15c35a2bc40c02ee0.php 第 167 行.
SQL: SELECT `role_id` FROM jz_role_user a INNER JOIN jz_role as b on a.role_id =b.id  WHERE `user_id` = '27' AND `status` = 1  [ RunTime:0.0004s ]
SQL: SELECT `role_id` FROM jz_role_user a INNER JOIN jz_role as b on a.role_id =b.id  WHERE `user_id` = '27' AND `status` = 1  [ RunTime:0.0004s ]
SQL: SELECT `role_id` FROM jz_role_user a INNER JOIN jz_role as b on a.role_id =b.id  WHERE `user_id` = '27' AND `status` = 1  [ RunTime:0.0004s ]
INFO: Run Behavior\ParseTemplateBehavior [ RunTime:0.031404s ]
INFO: [ view_parse ] --END-- [ RunTime:0.031469s ]
INFO: [ view_filter ] --START--
INFO: Run Behavior\WriteHtmlCacheBehavior [ RunTime:0.000912s ]
INFO: Run Common\Behavior\TmplStripSpaceBehavior [ RunTime:0.000973s ]
INFO: [ view_filter ] --END-- [ RunTime:0.002019s ]
INFO: [ app_end ] --START--
INFO: Run Behavior\ShowPageTraceBehavior [ RunTime:0.001637s ]
INFO: [ app_end ] --END-- [ RunTime:0.001722s ]

[ 2018-05-16T18:17:30+08:00 ] 222.208.150.141 /Admin/Main/index
INFO: [ app_begin ] --START--
INFO: Run Behavior\ReadHtmlCacheBehavior [ RunTime:0.001503s ]
INFO: Run Behavior\CheckLangBehavior [ RunTime:0.003123s ]
INFO: Run Common\Behavior\UrldecodeGetBehavior [ RunTime:0.000898s ]
INFO: [ app_begin ] --END-- [ RunTime:0.006744s ]
INFO: [ admin_begin ] --START--
INFO: Run Common\Behavior\AdminDefaultLangBehavior [ RunTime:0.003708s ]
INFO: [ admin_begin ] --END-- [ RunTime:0.003814s ]
SQL: SHOW COLUMNS FROM `jz_options` [ RunTime:0.0028s ]
SQL: SELECT `option_value` FROM `jz_options` WHERE `option_name` = 'bonus' LIMIT 1   [ RunTime:0.0004s ]
SQL: SHOW COLUMNS FROM `jz_users` [ RunTime:0.0032s ]
SQL: SELECT * FROM `jz_users` WHERE `id` = '27' LIMIT 1   [ RunTime:0.0005s ]
SQL: select VERSION() as version [ RunTime:0.0005s ]
INFO: [ view_parse ] --START--
INFO: [ template_filter ] --START--
INFO: Run Behavior\ContentReplaceBehavior [ RunTime:0.000118s ]
INFO: [ template_filter ] --END-- [ RunTime:0.000194s ]
INFO: Run Behavior\ParseTemplateBehavior [ RunTime:0.020750s ]
INFO: [ view_parse ] --END-- [ RunTime:0.020848s ]
INFO: [ view_filter ] --START--
INFO: Run Behavior\WriteHtmlCacheBehavior [ RunTime:0.000876s ]
INFO: Run Common\Behavior\TmplStripSpaceBehavior [ RunTime:0.000951s ]
INFO: [ view_filter ] --END-- [ RunTime:0.001956s ]
INFO: [ app_end ] --START--
INFO: Run Behavior\ShowPageTraceBehavior [ RunTime:0.001581s ]
INFO: [ app_end ] --END-- [ RunTime:0.001657s ]

